#
# A fatal error has been detected by the Java Runtime Environment:
#
#  SIGSEGV (0xb) at pc=0x0000000000000000, pid=6853, tid=6870
#
# JRE version: OpenJDK Runtime Environment (15.0.1+9) (build 15.0.1+9-18)
# Java VM: OpenJDK 64-Bit Server VM (15.0.1+9-18, mixed mode, sharing, tiered, compressed oops, g1 gc, linux-amd64)
# Problematic frame:
# C  0x0000000000000000
#
# Core dump will be written. Default location: Core dumps may be processed with "/usr/share/apport/apport %p %s %c %d %P %E" (or dumping to /home/rodrigovvo/projects/loja_spring/core.6853)
#
# If you would like to submit a bug report, please visit:
#   https://bugreport.java.com/bugreport/crash.jsp
#

---------------  S U M M A R Y ------------

Command Line: -Dcom.sun.management.jmxremote -Dcom.sun.management.jmxremote.port=38447 -Dcom.sun.management.jmxremote.authenticate=false -Dcom.sun.management.jmxremote.ssl=false -Djava.rmi.server.hostname=localhost -Dspring.jmx.enabled=true -Dspring.application.admin.enabled=true -Djava.security.egd=file:/dev/./urandom -XX:TieredStopAtLevel=1 -Dspring.boot.project.name=loja_spring -Dfile.encoding=UTF-8 com.dev.loja.LojaApplication

Host: Intel(R) Core(TM) i7-4600M CPU @ 2.90GHz, 4 cores, 7G, Ubuntu 20.04.1 LTS
Time: Sat Jan 16 23:54:05 2021 -03 elapsed time: 7.293200 seconds (0d 0h 0m 7s)

---------------  T H R E A D  ---------------

Current thread (0x00007f0280120740):  JavaThread "C1 CompilerThread0" daemon [_thread_in_native, id=6870, stack(0x00007f0264034000,0x00007f0264135000)]


Current CompileTask:
C1:   7293 1701       1       java.util.stream.AbstractPipeline::copyIntoWithCancel (46 bytes)

Stack: [0x00007f0264034000,0x00007f0264135000],  sp=0x00007f0264133278,  free space=1020k

siginfo: si_signo: 11 (SIGSEGV), si_code: 1 (SEGV_MAPERR), si_addr: 0x0000000000000000

Register to memory mapping:

RAX=0x000000000000000a is an unknown value
RBX=0x00007f02641333b0 is pointing into the stack for thread: 0x00007f0280120740
RCX=0x00007f02302ec0a0 points into unknown readable memory: 0x7a03871bf8036400 | 00 64 03 f8 1b 87 03 7a
RDX=0xffffffffffffffff is an unknown value
RSP=0x00007f0264133278 is pointing into the stack for thread: 0x00007f0280120740
RBP=0x00007f0200000000 points into unknown readable memory: 0x00007f0200000020 | 20 00 00 00 02 7f 00 00
RSI=0x00007f02641337a0 is pointing into the stack for thread: 0x00007f0280120740
RDI=0x0 is NULL
R8 =0x000000000000002a is an unknown value
R9 =0xffffffffffffffff is an unknown value
R10=0x0 is NULL
R11=0x00007f02641331b0 is pointing into the stack for thread: 0x00007f0280120740
R12=0x000000000000000a is an unknown value
R13=0x00007f0268d82cc2 is at code_begin+66 in 
[CodeBlob (0x00007f0268d82c10)]
Framesize: 0
BufferBlob (0x00007f0268d82c10) used for C1 temporary CodeBuffer
R14=0x000000000000003b is an unknown value
R15=0x00007f0287418fe0: <offset 0x0000000001057fe0> in /home/rodrigovvo/Público/jdk-15.0.1/lib/server/libjvm.so at 0x00007f02863c1000


Registers:
RAX=0x000000000000000a, RBX=0x00007f02641333b0, RCX=0x00007f02302ec0a0, RDX=0xffffffffffffffff
RSP=0x00007f0264133278, RBP=0x00007f0200000000, RSI=0x00007f02641337a0, RDI=0x0000000000000000
R8 =0x000000000000002a, R9 =0xffffffffffffffff, R10=0x0000000000000000, R11=0x00007f02641331b0
R12=0x000000000000000a, R13=0x00007f0268d82cc2, R14=0x000000000000003b, R15=0x00007f0287418fe0
RIP=0x0000000000000000, EFLAGS=0x0000000000010206, CSGSFS=0x002b000000000033, ERR=0x0000000000000014
  TRAPNO=0x000000000000000e

Top of Stack: (sp=0x00007f0264133278)
0x00007f0264133278:   0000000000000000 00007f0264130000
0x00007f0264133288:   ffffffffffffffff 000000000000000a
0x00007f0264133298:   ffffffffffffffff 000000000000000a
0x00007f02641332a8:   ffffffffffffffff ffffffffffffffff 

Instructions: (pc=0x0000000000000000)
0xffffffffffffff00:   


Stack slot to memory mapping:
stack at sp + 0 slots: 0x0 is NULL
stack at sp + 1 slots: 0x00007f0264130000 is pointing into the stack for thread: 0x00007f0280120740
stack at sp + 2 slots: 0xffffffffffffffff is an unknown value
stack at sp + 3 slots: 0x000000000000000a is an unknown value
stack at sp + 4 slots: 0xffffffffffffffff is an unknown value
stack at sp + 5 slots: 0x000000000000000a is an unknown value
stack at sp + 6 slots: 0xffffffffffffffff is an unknown value
stack at sp + 7 slots: 0xffffffffffffffff is an unknown value


---------------  P R O C E S S  ---------------

Threads class SMR info:
_java_thread_list=0x00007f01f0003790, length=19, elements={
0x00007f028002aa80, 0x00007f0280116520, 0x00007f0280117c60, 0x00007f028011d850,
0x00007f028011ef60, 0x00007f0280120740, 0x00007f0280121e70, 0x00007f028013fec0,
0x00007f028016bb80, 0x00007f0238000e60, 0x00007f0280594c70, 0x00007f028059dd80,
0x00007f02805b0be0, 0x00007f0218001670, 0x00007f021400d510, 0x00007f0224001a00,
0x00007f01f800d2a0, 0x00007f0280748860, 0x00007f01f00025f0
}

Java Threads: ( => current thread )
  0x00007f028002aa80 JavaThread "main" [_thread_blocked, id=6859, stack(0x00007f0286171000,0x00007f0286272000)]
  0x00007f0280116520 JavaThread "Reference Handler" daemon [_thread_blocked, id=6866, stack(0x00007f02842fb000,0x00007f02843fc000)]
  0x00007f0280117c60 JavaThread "Finalizer" daemon [_thread_blocked, id=6867, stack(0x00007f02841fa000,0x00007f02842fb000)]
  0x00007f028011d850 JavaThread "Signal Dispatcher" daemon [_thread_blocked, id=6868, stack(0x00007f02840f9000,0x00007f02841fa000)]
  0x00007f028011ef60 JavaThread "Service Thread" daemon [_thread_blocked, id=6869, stack(0x00007f0264135000,0x00007f0264236000)]
=>0x00007f0280120740 JavaThread "C1 CompilerThread0" daemon [_thread_in_native, id=6870, stack(0x00007f0264034000,0x00007f0264135000)]
  0x00007f0280121e70 JavaThread "Sweeper thread" daemon [_thread_blocked, id=6871, stack(0x00007f0255eff000,0x00007f0256000000)]
  0x00007f028013fec0 JavaThread "Common-Cleaner" daemon [_thread_blocked, id=6873, stack(0x00007f0255dfe000,0x00007f0255eff000)]
  0x00007f028016bb80 JavaThread "Notification Thread" daemon [_thread_blocked, id=6875, stack(0x00007f0255cfd000,0x00007f0255dfe000)]
  0x00007f0238000e60 JavaThread "Attach Listener" daemon [_thread_blocked, id=6876, stack(0x00007f0255bfc000,0x00007f0255cfd000)]
  0x00007f0280594c70 JavaThread "RMI TCP Accept-0" daemon [_thread_in_native, id=6890, stack(0x00007f0255afb000,0x00007f0255bfc000)]
  0x00007f028059dd80 JavaThread "RMI TCP Accept-38447" daemon [_thread_in_native, id=6891, stack(0x00007f02559fa000,0x00007f0255afb000)]
  0x00007f02805b0be0 JavaThread "RMI TCP Accept-0" daemon [_thread_in_native, id=6892, stack(0x00007f02558f9000,0x00007f02559fa000)]
  0x00007f0218001670 JavaThread "RMI TCP Connection(1)-127.0.0.1" daemon [_thread_in_native, id=6894, stack(0x00007f02556f6000,0x00007f02557f7000)]
  0x00007f021400d510 JavaThread "RMI Scheduler(0)" daemon [_thread_blocked, id=6898, stack(0x00007f02552ef000,0x00007f02553f0000)]
  0x00007f0224001a00 JavaThread "RMI TCP Connection(2)-127.0.0.1" daemon [_thread_in_native, id=6902, stack(0x00007f02551ee000,0x00007f02552ef000)]
  0x00007f01f800d2a0 JavaThread "JMX server connection timeout 20" daemon [_thread_blocked, id=6903, stack(0x00007f02550ed000,0x00007f02551ee000)]
  0x00007f0280748860 JavaThread "Thread-0" [_thread_blocked, id=6905, stack(0x00007f0254fec000,0x00007f02550ed000)]
  0x00007f01f00025f0 JavaThread "restartedMain" [_thread_in_vm, id=6906, stack(0x00007f0254eeb000,0x00007f0254fec000)]

Other Threads:
  0x00007f02801138e0 VMThread "VM Thread" [stack: 0x00007f02843fe000,0x00007f02844fe000] [id=6865]
  0x00007f02805b2a80 WatcherThread [stack: 0x00007f02557f9000,0x00007f02558f9000] [id=6893]
  0x00007f0280068640 GCTaskThread "GC Thread#0" [stack: 0x00007f0284e6b000,0x00007f0284f6b000] [id=6860]
  0x00007f024c000f20 GCTaskThread "GC Thread#1" [stack: 0x00007f02555f6000,0x00007f02556f6000] [id=6895]
  0x00007f024c002070 GCTaskThread "GC Thread#2" [stack: 0x00007f02554f4000,0x00007f02555f4000] [id=6896]
  0x00007f0280079560 ConcurrentGCThread "G1 Main Marker" [stack: 0x00007f0284d69000,0x00007f0284e69000] [id=6861]
  0x00007f028007a7f0 ConcurrentGCThread "G1 Conc#0" [stack: 0x00007f0284c67000,0x00007f0284d67000] [id=6862]
  0x00007f02800e0180 ConcurrentGCThread "G1 Refine#0" [stack: 0x00007f0284761000,0x00007f0284861000] [id=6863]
  0x00007f0250000d20 ConcurrentGCThread "G1 Refine#1" [stack: 0x00007f02553f2000,0x00007f02554f2000] [id=6897]
  0x00007f02800e1390 ConcurrentGCThread "G1 Young RemSet Sampling" [stack: 0x00007f028465f000,0x00007f028475f000] [id=6864]

Threads with active compile tasks:
C1 CompilerThread0     7295 1701       1       java.util.stream.AbstractPipeline::copyIntoWithCancel (46 bytes)

VM state: not at safepoint (normal execution)

VM Mutex/Monitor currently owned by a thread: None

Heap address: 0x0000000085200000, size: 1966 MB, Compressed Oops mode: 32-bit
CDS archive(s) mapped at: [0x0000000800000000-0x0000000800b33000-0x0000000800b33000), size 11743232, SharedBaseAddress: 0x0000000800000000, ArchiveRelocationMode: 0.
Compressed class space mapped at: 0x0000000800b34000-0x0000000840b34000, size: 1073741824
Narrow klass base: 0x0000000800000000, Narrow klass shift: 3, Narrow klass range: 0x100000000

GC Precious Log:
 CPUs: 4 total, 4 available
 Memory: 7858M
 Large Page Support: Disabled
 NUMA Support: Disabled
 Compressed Oops: Enabled (32-bit)
 Heap Region Size: 1M
 Heap Min Capacity: 8M
 Heap Initial Capacity: 124M
 Heap Max Capacity: 1966M
 Pre-touch: Disabled
 Parallel Workers: 4
 Concurrent Workers: 1
 Concurrent Refinement Workers: 4
 Periodic GC: Disabled

Heap:
 garbage-first heap   total 129024K, used 35587K [0x0000000085200000, 0x0000000100000000)
  region size 1024K, 29 young (29696K), 2 survivors (2048K)
 Metaspace       used 9980K, capacity 10310K, committed 10624K, reserved 1058816K
  class space    used 1303K, capacity 1390K, committed 1408K, reserved 1048576K

Heap Regions: E=young(eden), S=young(survivor), O=old, HS=humongous(starts), HC=humongous(continues), CS=collection set, F=free, OA=open archive, CA=closed archive, TAMS=top-at-mark-start (previous, next)
|   0|0x0000000085200000, 0x0000000085300000, 0x0000000085300000|100%|HS|  |TAMS 0x0000000085200000, 0x0000000085200000| Complete 
|   1|0x0000000085300000, 0x0000000085400000, 0x0000000085400000|100%| O|  |TAMS 0x0000000085300000, 0x0000000085300000| Untracked 
|   2|0x0000000085400000, 0x0000000085500000, 0x0000000085500000|100%| O|  |TAMS 0x0000000085400000, 0x0000000085400000| Untracked 
|   3|0x0000000085500000, 0x0000000085600000, 0x0000000085600000|100%| O|  |TAMS 0x0000000085500000, 0x0000000085500000| Untracked 
|   4|0x0000000085600000, 0x0000000085700000, 0x0000000085700000|100%| O|  |TAMS 0x0000000085600000, 0x0000000085600000| Untracked 
|   5|0x0000000085700000, 0x0000000085800000, 0x0000000085800000|100%| O|  |TAMS 0x0000000085700000, 0x0000000085700000| Untracked 
|   6|0x0000000085800000, 0x0000000085900000, 0x0000000085900000|100%| O|  |TAMS 0x0000000085800000, 0x0000000085800000| Untracked 
|   7|0x0000000085900000, 0x000000008599bc00, 0x0000000085a00000| 60%| O|  |TAMS 0x0000000085900000, 0x0000000085900000| Untracked 
|   8|0x0000000085a00000, 0x0000000085a00000, 0x0000000085b00000|  0%| F|  |TAMS 0x0000000085a00000, 0x0000000085a00000| Untracked 
|   9|0x0000000085b00000, 0x0000000085b00000, 0x0000000085c00000|  0%| F|  |TAMS 0x0000000085b00000, 0x0000000085b00000| Untracked 
|  10|0x0000000085c00000, 0x0000000085c00000, 0x0000000085d00000|  0%| F|  |TAMS 0x0000000085c00000, 0x0000000085c00000| Untracked 
|  11|0x0000000085d00000, 0x0000000085d00000, 0x0000000085e00000|  0%| F|  |TAMS 0x0000000085d00000, 0x0000000085d00000| Untracked 
|  12|0x0000000085e00000, 0x0000000085e00000, 0x0000000085f00000|  0%| F|  |TAMS 0x0000000085e00000, 0x0000000085e00000| Untracked 
|  13|0x0000000085f00000, 0x0000000085f00000, 0x0000000086000000|  0%| F|  |TAMS 0x0000000085f00000, 0x0000000085f00000| Untracked 
|  14|0x0000000086000000, 0x0000000086000000, 0x0000000086100000|  0%| F|  |TAMS 0x0000000086000000, 0x0000000086000000| Untracked 
|  15|0x0000000086100000, 0x0000000086100000, 0x0000000086200000|  0%| F|  |TAMS 0x0000000086100000, 0x0000000086100000| Untracked 
|  16|0x0000000086200000, 0x0000000086200000, 0x0000000086300000|  0%| F|  |TAMS 0x0000000086200000, 0x0000000086200000| Untracked 
|  17|0x0000000086300000, 0x0000000086300000, 0x0000000086400000|  0%| F|  |TAMS 0x0000000086300000, 0x0000000086300000| Untracked 
|  18|0x0000000086400000, 0x0000000086400000, 0x0000000086500000|  0%| F|  |TAMS 0x0000000086400000, 0x0000000086400000| Untracked 
|  19|0x0000000086500000, 0x0000000086500000, 0x0000000086600000|  0%| F|  |TAMS 0x0000000086500000, 0x0000000086500000| Untracked 
|  20|0x0000000086600000, 0x0000000086600000, 0x0000000086700000|  0%| F|  |TAMS 0x0000000086600000, 0x0000000086600000| Untracked 
|  21|0x0000000086700000, 0x0000000086700000, 0x0000000086800000|  0%| F|  |TAMS 0x0000000086700000, 0x0000000086700000| Untracked 
|  22|0x0000000086800000, 0x0000000086800000, 0x0000000086900000|  0%| F|  |TAMS 0x0000000086800000, 0x0000000086800000| Untracked 
|  23|0x0000000086900000, 0x0000000086900000, 0x0000000086a00000|  0%| F|  |TAMS 0x0000000086900000, 0x0000000086900000| Untracked 
|  24|0x0000000086a00000, 0x0000000086a00000, 0x0000000086b00000|  0%| F|  |TAMS 0x0000000086a00000, 0x0000000086a00000| Untracked 
|  25|0x0000000086b00000, 0x0000000086b00000, 0x0000000086c00000|  0%| F|  |TAMS 0x0000000086b00000, 0x0000000086b00000| Untracked 
|  26|0x0000000086c00000, 0x0000000086c00000, 0x0000000086d00000|  0%| F|  |TAMS 0x0000000086c00000, 0x0000000086c00000| Untracked 
|  27|0x0000000086d00000, 0x0000000086d00000, 0x0000000086e00000|  0%| F|  |TAMS 0x0000000086d00000, 0x0000000086d00000| Untracked 
|  28|0x0000000086e00000, 0x0000000086e00000, 0x0000000086f00000|  0%| F|  |TAMS 0x0000000086e00000, 0x0000000086e00000| Untracked 
|  29|0x0000000086f00000, 0x0000000086f00000, 0x0000000087000000|  0%| F|  |TAMS 0x0000000086f00000, 0x0000000086f00000| Untracked 
|  30|0x0000000087000000, 0x0000000087000000, 0x0000000087100000|  0%| F|  |TAMS 0x0000000087000000, 0x0000000087000000| Untracked 
|  31|0x0000000087100000, 0x0000000087100000, 0x0000000087200000|  0%| F|  |TAMS 0x0000000087100000, 0x0000000087100000| Untracked 
|  32|0x0000000087200000, 0x0000000087200000, 0x0000000087300000|  0%| F|  |TAMS 0x0000000087200000, 0x0000000087200000| Untracked 
|  33|0x0000000087300000, 0x0000000087300000, 0x0000000087400000|  0%| F|  |TAMS 0x0000000087300000, 0x0000000087300000| Untracked 
|  34|0x0000000087400000, 0x0000000087400000, 0x0000000087500000|  0%| F|  |TAMS 0x0000000087400000, 0x0000000087400000| Untracked 
|  35|0x0000000087500000, 0x0000000087500000, 0x0000000087600000|  0%| F|  |TAMS 0x0000000087500000, 0x0000000087500000| Untracked 
|  36|0x0000000087600000, 0x0000000087600000, 0x0000000087700000|  0%| F|  |TAMS 0x0000000087600000, 0x0000000087600000| Untracked 
|  37|0x0000000087700000, 0x0000000087700000, 0x0000000087800000|  0%| F|  |TAMS 0x0000000087700000, 0x0000000087700000| Untracked 
|  38|0x0000000087800000, 0x0000000087800000, 0x0000000087900000|  0%| F|  |TAMS 0x0000000087800000, 0x0000000087800000| Untracked 
|  39|0x0000000087900000, 0x0000000087900000, 0x0000000087a00000|  0%| F|  |TAMS 0x0000000087900000, 0x0000000087900000| Untracked 
|  40|0x0000000087a00000, 0x0000000087a00000, 0x0000000087b00000|  0%| F|  |TAMS 0x0000000087a00000, 0x0000000087a00000| Untracked 
|  41|0x0000000087b00000, 0x0000000087b00000, 0x0000000087c00000|  0%| F|  |TAMS 0x0000000087b00000, 0x0000000087b00000| Untracked 
|  42|0x0000000087c00000, 0x0000000087c00000, 0x0000000087d00000|  0%| F|  |TAMS 0x0000000087c00000, 0x0000000087c00000| Untracked 
|  43|0x0000000087d00000, 0x0000000087d00000, 0x0000000087e00000|  0%| F|  |TAMS 0x0000000087d00000, 0x0000000087d00000| Untracked 
|  44|0x0000000087e00000, 0x0000000087e00000, 0x0000000087f00000|  0%| F|  |TAMS 0x0000000087e00000, 0x0000000087e00000| Untracked 
|  45|0x0000000087f00000, 0x0000000087f00000, 0x0000000088000000|  0%| F|  |TAMS 0x0000000087f00000, 0x0000000087f00000| Untracked 
|  46|0x0000000088000000, 0x0000000088000000, 0x0000000088100000|  0%| F|  |TAMS 0x0000000088000000, 0x0000000088000000| Untracked 
|  47|0x0000000088100000, 0x0000000088100000, 0x0000000088200000|  0%| F|  |TAMS 0x0000000088100000, 0x0000000088100000| Untracked 
|  48|0x0000000088200000, 0x0000000088200000, 0x0000000088300000|  0%| F|  |TAMS 0x0000000088200000, 0x0000000088200000| Untracked 
|  49|0x0000000088300000, 0x0000000088300000, 0x0000000088400000|  0%| F|  |TAMS 0x0000000088300000, 0x0000000088300000| Untracked 
|  50|0x0000000088400000, 0x0000000088400000, 0x0000000088500000|  0%| F|  |TAMS 0x0000000088400000, 0x0000000088400000| Untracked 
|  51|0x0000000088500000, 0x0000000088500000, 0x0000000088600000|  0%| F|  |TAMS 0x0000000088500000, 0x0000000088500000| Untracked 
|  52|0x0000000088600000, 0x0000000088600000, 0x0000000088700000|  0%| F|  |TAMS 0x0000000088600000, 0x0000000088600000| Untracked 
|  53|0x0000000088700000, 0x0000000088700000, 0x0000000088800000|  0%| F|  |TAMS 0x0000000088700000, 0x0000000088700000| Untracked 
|  54|0x0000000088800000, 0x0000000088800000, 0x0000000088900000|  0%| F|  |TAMS 0x0000000088800000, 0x0000000088800000| Untracked 
|  55|0x0000000088900000, 0x0000000088900000, 0x0000000088a00000|  0%| F|  |TAMS 0x0000000088900000, 0x0000000088900000| Untracked 
|  56|0x0000000088a00000, 0x0000000088a00000, 0x0000000088b00000|  0%| F|  |TAMS 0x0000000088a00000, 0x0000000088a00000| Untracked 
|  57|0x0000000088b00000, 0x0000000088b00000, 0x0000000088c00000|  0%| F|  |TAMS 0x0000000088b00000, 0x0000000088b00000| Untracked 
|  58|0x0000000088c00000, 0x0000000088c00000, 0x0000000088d00000|  0%| F|  |TAMS 0x0000000088c00000, 0x0000000088c00000| Untracked 
|  59|0x0000000088d00000, 0x0000000088d00000, 0x0000000088e00000|  0%| F|  |TAMS 0x0000000088d00000, 0x0000000088d00000| Untracked 
|  60|0x0000000088e00000, 0x0000000088e00000, 0x0000000088f00000|  0%| F|  |TAMS 0x0000000088e00000, 0x0000000088e00000| Untracked 
|  61|0x0000000088f00000, 0x0000000088f00000, 0x0000000089000000|  0%| F|  |TAMS 0x0000000088f00000, 0x0000000088f00000| Untracked 
|  62|0x0000000089000000, 0x0000000089000000, 0x0000000089100000|  0%| F|  |TAMS 0x0000000089000000, 0x0000000089000000| Untracked 
|  63|0x0000000089100000, 0x0000000089100000, 0x0000000089200000|  0%| F|  |TAMS 0x0000000089100000, 0x0000000089100000| Untracked 
|  64|0x0000000089200000, 0x0000000089200000, 0x0000000089300000|  0%| F|  |TAMS 0x0000000089200000, 0x0000000089200000| Untracked 
|  65|0x0000000089300000, 0x0000000089300000, 0x0000000089400000|  0%| F|  |TAMS 0x0000000089300000, 0x0000000089300000| Untracked 
|  66|0x0000000089400000, 0x0000000089400000, 0x0000000089500000|  0%| F|  |TAMS 0x0000000089400000, 0x0000000089400000| Untracked 
|  67|0x0000000089500000, 0x0000000089500000, 0x0000000089600000|  0%| F|  |TAMS 0x0000000089500000, 0x0000000089500000| Untracked 
|  68|0x0000000089600000, 0x0000000089600000, 0x0000000089700000|  0%| F|  |TAMS 0x0000000089600000, 0x0000000089600000| Untracked 
|  69|0x0000000089700000, 0x0000000089700000, 0x0000000089800000|  0%| F|  |TAMS 0x0000000089700000, 0x0000000089700000| Untracked 
|  70|0x0000000089800000, 0x0000000089800000, 0x0000000089900000|  0%| F|  |TAMS 0x0000000089800000, 0x0000000089800000| Untracked 
|  71|0x0000000089900000, 0x0000000089900000, 0x0000000089a00000|  0%| F|  |TAMS 0x0000000089900000, 0x0000000089900000| Untracked 
|  72|0x0000000089a00000, 0x0000000089a00000, 0x0000000089b00000|  0%| F|  |TAMS 0x0000000089a00000, 0x0000000089a00000| Untracked 
|  73|0x0000000089b00000, 0x0000000089b00000, 0x0000000089c00000|  0%| F|  |TAMS 0x0000000089b00000, 0x0000000089b00000| Untracked 
|  74|0x0000000089c00000, 0x0000000089c00000, 0x0000000089d00000|  0%| F|  |TAMS 0x0000000089c00000, 0x0000000089c00000| Untracked 
|  75|0x0000000089d00000, 0x0000000089d00000, 0x0000000089e00000|  0%| F|  |TAMS 0x0000000089d00000, 0x0000000089d00000| Untracked 
|  76|0x0000000089e00000, 0x0000000089e00000, 0x0000000089f00000|  0%| F|  |TAMS 0x0000000089e00000, 0x0000000089e00000| Untracked 
|  77|0x0000000089f00000, 0x0000000089f00000, 0x000000008a000000|  0%| F|  |TAMS 0x0000000089f00000, 0x0000000089f00000| Untracked 
|  78|0x000000008a000000, 0x000000008a000000, 0x000000008a100000|  0%| F|  |TAMS 0x000000008a000000, 0x000000008a000000| Untracked 
|  79|0x000000008a100000, 0x000000008a100000, 0x000000008a200000|  0%| F|  |TAMS 0x000000008a100000, 0x000000008a100000| Untracked 
|  80|0x000000008a200000, 0x000000008a200000, 0x000000008a300000|  0%| F|  |TAMS 0x000000008a200000, 0x000000008a200000| Untracked 
|  81|0x000000008a300000, 0x000000008a300000, 0x000000008a400000|  0%| F|  |TAMS 0x000000008a300000, 0x000000008a300000| Untracked 
|  82|0x000000008a400000, 0x000000008a400000, 0x000000008a500000|  0%| F|  |TAMS 0x000000008a400000, 0x000000008a400000| Untracked 
|  83|0x000000008a500000, 0x000000008a500000, 0x000000008a600000|  0%| F|  |TAMS 0x000000008a500000, 0x000000008a500000| Untracked 
|  84|0x000000008a600000, 0x000000008a600000, 0x000000008a700000|  0%| F|  |TAMS 0x000000008a600000, 0x000000008a600000| Untracked 
|  85|0x000000008a700000, 0x000000008a700000, 0x000000008a800000|  0%| F|  |TAMS 0x000000008a700000, 0x000000008a700000| Untracked 
|  86|0x000000008a800000, 0x000000008a800000, 0x000000008a900000|  0%| F|  |TAMS 0x000000008a800000, 0x000000008a800000| Untracked 
|  87|0x000000008a900000, 0x000000008a900000, 0x000000008aa00000|  0%| F|  |TAMS 0x000000008a900000, 0x000000008a900000| Untracked 
|  88|0x000000008aa00000, 0x000000008aa00000, 0x000000008ab00000|  0%| F|  |TAMS 0x000000008aa00000, 0x000000008aa00000| Untracked 
|  89|0x000000008ab00000, 0x000000008ab00000, 0x000000008ac00000|  0%| F|  |TAMS 0x000000008ab00000, 0x000000008ab00000| Untracked 
|  90|0x000000008ac00000, 0x000000008ac00000, 0x000000008ad00000|  0%| F|  |TAMS 0x000000008ac00000, 0x000000008ac00000| Untracked 
|  91|0x000000008ad00000, 0x000000008ad00000, 0x000000008ae00000|  0%| F|  |TAMS 0x000000008ad00000, 0x000000008ad00000| Untracked 
|  92|0x000000008ae00000, 0x000000008ae00000, 0x000000008af00000|  0%| F|  |TAMS 0x000000008ae00000, 0x000000008ae00000| Untracked 
|  93|0x000000008af00000, 0x000000008af57030, 0x000000008b000000| 33%| S|CS|TAMS 0x000000008af00000, 0x000000008af00000| Complete 
|  94|0x000000008b000000, 0x000000008b100000, 0x000000008b100000|100%| S|CS|TAMS 0x000000008b000000, 0x000000008b000000| Complete 
|  95|0x000000008b100000, 0x000000008b100000, 0x000000008b200000|  0%| F|  |TAMS 0x000000008b100000, 0x000000008b100000| Untracked 
|  96|0x000000008b200000, 0x000000008b200000, 0x000000008b300000|  0%| F|  |TAMS 0x000000008b200000, 0x000000008b200000| Untracked 
|  97|0x000000008b300000, 0x000000008b400000, 0x000000008b400000|100%| E|  |TAMS 0x000000008b300000, 0x000000008b300000| Complete 
|  98|0x000000008b400000, 0x000000008b500000, 0x000000008b500000|100%| E|CS|TAMS 0x000000008b400000, 0x000000008b400000| Complete 
|  99|0x000000008b500000, 0x000000008b600000, 0x000000008b600000|100%| E|CS|TAMS 0x000000008b500000, 0x000000008b500000| Complete 
| 100|0x000000008b600000, 0x000000008b700000, 0x000000008b700000|100%| E|CS|TAMS 0x000000008b600000, 0x000000008b600000| Complete 
| 101|0x000000008b700000, 0x000000008b800000, 0x000000008b800000|100%| E|CS|TAMS 0x000000008b700000, 0x000000008b700000| Complete 
| 102|0x000000008b800000, 0x000000008b900000, 0x000000008b900000|100%| E|CS|TAMS 0x000000008b800000, 0x000000008b800000| Complete 
| 103|0x000000008b900000, 0x000000008ba00000, 0x000000008ba00000|100%| E|CS|TAMS 0x000000008b900000, 0x000000008b900000| Complete 
| 104|0x000000008ba00000, 0x000000008bb00000, 0x000000008bb00000|100%| E|CS|TAMS 0x000000008ba00000, 0x000000008ba00000| Complete 
| 105|0x000000008bb00000, 0x000000008bc00000, 0x000000008bc00000|100%| E|CS|TAMS 0x000000008bb00000, 0x000000008bb00000| Complete 
| 106|0x000000008bc00000, 0x000000008bd00000, 0x000000008bd00000|100%| E|CS|TAMS 0x000000008bc00000, 0x000000008bc00000| Complete 
| 107|0x000000008bd00000, 0x000000008be00000, 0x000000008be00000|100%| E|CS|TAMS 0x000000008bd00000, 0x000000008bd00000| Complete 
| 108|0x000000008be00000, 0x000000008bf00000, 0x000000008bf00000|100%| E|CS|TAMS 0x000000008be00000, 0x000000008be00000| Complete 
| 109|0x000000008bf00000, 0x000000008c000000, 0x000000008c000000|100%| E|CS|TAMS 0x000000008bf00000, 0x000000008bf00000| Complete 
| 110|0x000000008c000000, 0x000000008c100000, 0x000000008c100000|100%| E|CS|TAMS 0x000000008c000000, 0x000000008c000000| Complete 
| 111|0x000000008c100000, 0x000000008c200000, 0x000000008c200000|100%| E|CS|TAMS 0x000000008c100000, 0x000000008c100000| Complete 
| 112|0x000000008c200000, 0x000000008c300000, 0x000000008c300000|100%| E|CS|TAMS 0x000000008c200000, 0x000000008c200000| Complete 
| 113|0x000000008c300000, 0x000000008c400000, 0x000000008c400000|100%| E|CS|TAMS 0x000000008c300000, 0x000000008c300000| Complete 
| 114|0x000000008c400000, 0x000000008c500000, 0x000000008c500000|100%| E|CS|TAMS 0x000000008c400000, 0x000000008c400000| Complete 
| 115|0x000000008c500000, 0x000000008c600000, 0x000000008c600000|100%| E|CS|TAMS 0x000000008c500000, 0x000000008c500000| Complete 
| 116|0x000000008c600000, 0x000000008c700000, 0x000000008c700000|100%| E|CS|TAMS 0x000000008c600000, 0x000000008c600000| Complete 
| 117|0x000000008c700000, 0x000000008c800000, 0x000000008c800000|100%| E|  |TAMS 0x000000008c700000, 0x000000008c700000| Complete 
| 118|0x000000008c800000, 0x000000008c900000, 0x000000008c900000|100%| E|CS|TAMS 0x000000008c800000, 0x000000008c800000| Complete 
| 119|0x000000008c900000, 0x000000008ca00000, 0x000000008ca00000|100%| E|CS|TAMS 0x000000008c900000, 0x000000008c900000| Complete 
| 120|0x000000008ca00000, 0x000000008cb00000, 0x000000008cb00000|100%| E|CS|TAMS 0x000000008ca00000, 0x000000008ca00000| Complete 
| 121|0x000000008cb00000, 0x000000008cc00000, 0x000000008cc00000|100%| E|CS|TAMS 0x000000008cb00000, 0x000000008cb00000| Complete 
| 122|0x000000008cc00000, 0x000000008cd00000, 0x000000008cd00000|100%| E|CS|TAMS 0x000000008cc00000, 0x000000008cc00000| Complete 
| 123|0x000000008cd00000, 0x000000008ce00000, 0x000000008ce00000|100%| E|CS|TAMS 0x000000008cd00000, 0x000000008cd00000| Complete 
|1964|0x00000000ffe00000, 0x00000000ffe52000, 0x00000000fff00000| 32%|OA|  |TAMS 0x00000000ffe00000, 0x00000000ffe00000| Untracked 
|1965|0x00000000fff00000, 0x00000000fff7c000, 0x0000000100000000| 48%|CA|  |TAMS 0x00000000fff00000, 0x00000000fff00000| Untracked 

Card table byte_map: [0x00007f0285384000,0x00007f028575b000] _byte_map_base: 0x00007f0284f5b000

Marking Bits (Prev, Next): (CMBitMap*) 0x00007f02800693e0, (CMBitMap*) 0x00007f0280069420
 Prev Bits: [0x00007f0266e60000, 0x00007f0268d18000)
 Next Bits: [0x00007f0264fa8000, 0x00007f0266e60000)

Polling page: 0x00007f02877c5000

Metaspace:

Usage:
  Non-class:      8,71 MB capacity,     8,47 MB ( 97%) used,   221,47 KB (  2%) free+waste,    20,88 KB ( <1%) overhead. 
      Class:      1,36 MB capacity,     1,27 MB ( 94%) used,    76,75 KB (  6%) free+waste,     9,94 KB ( <1%) overhead. 
       Both:     10,07 MB capacity,     9,75 MB ( 97%) used,   298,22 KB (  3%) free+waste,    30,81 KB ( <1%) overhead. 

Virtual space:
  Non-class space:       10,00 MB reserved,       9,00 MB ( 90%) committed 
      Class space:        1,00 GB reserved,       1,38 MB ( <1%) committed 
             Both:        1,01 GB reserved,      10,38 MB (  1%) committed 

Chunk freelists:
   Non-Class:  72,00 KB
       Class:  2,00 KB
        Both:  74,00 KB

MaxMetaspaceSize: 17179869184,00 GB
CompressedClassSpaceSize: 1,00 GB

CodeHeap 'non-profiled nmethods': size=238948Kb used=2382Kb max_used=2382Kb free=236565Kb
 bounds [0x00007f02693bf000, 0x00007f026962f000, 0x00007f0277d18000]
CodeHeap 'non-nmethods': size=6812Kb used=1192Kb max_used=1192Kb free=5619Kb
 bounds [0x00007f0268d18000, 0x00007f0268f88000, 0x00007f02693bf000]
 total_blobs=2159 nmethods=1700 adapters=387
 compilation: enabled
              stopped_count=0, restarted_count=0
 full_count=0

Compilation events (20 events):
Event: 7,268 Thread 0x00007f0280120740 nmethod 1684 0x00007f0269610490 code [0x00007f0269610640, 0x00007f0269610a50]
Event: 7,268 Thread 0x00007f0280120740 1692       1       org.springframework.core.env.MapPropertySource::getProperty (14 bytes)
Event: 7,268 Thread 0x00007f0280120740 nmethod 1692 0x00007f0269610b10 code [0x00007f0269610ca0, 0x00007f0269610de0]
Event: 7,268 Thread 0x00007f0280120740 1693       1       org.springframework.boot.context.properties.source.DefaultPropertyMapper$LastMapping::isFrom (9 bytes)
Event: 7,268 Thread 0x00007f0280120740 nmethod 1693 0x00007f0269610e90 code [0x00007f0269611020, 0x00007f0269611100]
Event: 7,269 Thread 0x00007f0280120740 1694       1       java.util.Collections$UnmodifiableMap::get (11 bytes)
Event: 7,269 Thread 0x00007f0280120740 nmethod 1694 0x00007f0269611190 code [0x00007f0269611320, 0x00007f0269611400]
Event: 7,269 Thread 0x00007f0280120740 1697       1       java.lang.Math::addExact (32 bytes)
Event: 7,270 Thread 0x00007f0280120740 nmethod 1697 0x00007f0269611490 code [0x00007f0269611620, 0x00007f0269611780]
Event: 7,270 Thread 0x00007f0280120740 1696       1       org.springframework.util.CollectionUtils::isEmpty (19 bytes)
Event: 7,270 Thread 0x00007f0280120740 nmethod 1696 0x00007f0269611810 code [0x00007f02696119a0, 0x00007f0269611a80]
Event: 7,270 Thread 0x00007f0280120740 1695       1       org.springframework.boot.context.properties.source.DefaultPropertyMapper$LastMapping::getMapping (5 bytes)
Event: 7,270 Thread 0x00007f0280120740 nmethod 1695 0x00007f0269611b10 code [0x00007f0269611ca0, 0x00007f0269611d50]
Event: 7,270 Thread 0x00007f0280120740 1698       1       org.springframework.util.StringUtils::toStringArray (26 bytes)
Event: 7,271 Thread 0x00007f0280120740 nmethod 1698 0x00007f0269611e10 code [0x00007f0269611fc0, 0x00007f0269612150]
Event: 7,271 Thread 0x00007f0280120740 1699       1       java.util.Collections::emptyIterator (4 bytes)
Event: 7,271 Thread 0x00007f0280120740 nmethod 1699 0x00007f0269612210 code [0x00007f02696123a0, 0x00007f0269612430]
Event: 7,271 Thread 0x00007f0280120740 1700       1       java.util.Collections$SingletonList::iterator (8 bytes)
Event: 7,271 Thread 0x00007f0280120740 nmethod 1700 0x00007f0269612510 code [0x00007f02696126a0, 0x00007f0269612810]
Event: 7,271 Thread 0x00007f0280120740 1701       1       java.util.stream.AbstractPipeline::copyIntoWithCancel (46 bytes)

GC Heap History (6 events):
Event: 5,180 GC heap before
{Heap before GC invocations=0 (full 0):
 garbage-first heap   total 129024K, used 14136K [0x0000000085200000, 0x0000000100000000)
  region size 1024K, 13 young (13312K), 0 survivors (0K)
 Metaspace       used 4965K, capacity 5154K, committed 5376K, reserved 1056768K
  class space    used 615K, capacity 648K, committed 768K, reserved 1048576K
}
Event: 5,185 GC heap after
{Heap after GC invocations=1 (full 0):
 garbage-first heap   total 129024K, used 8106K [0x0000000085200000, 0x0000000100000000)
  region size 1024K, 2 young (2048K), 2 survivors (2048K)
 Metaspace       used 4965K, capacity 5154K, committed 5376K, reserved 1056768K
  class space    used 615K, capacity 648K, committed 768K, reserved 1048576K
}
Event: 6,714 GC heap before
{Heap before GC invocations=1 (full 0):
 garbage-first heap   total 129024K, used 16298K [0x0000000085200000, 0x0000000100000000)
  region size 1024K, 10 young (10240K), 2 survivors (2048K)
 Metaspace       used 7282K, capacity 7546K, committed 7680K, reserved 1056768K
  class space    used 906K, capacity 1004K, committed 1024K, reserved 1048576K
}
Event: 6,723 GC heap after
{Heap after GC invocations=2 (full 0):
 garbage-first heap   total 129024K, used 9643K [0x0000000085200000, 0x0000000100000000)
  region size 1024K, 2 young (2048K), 2 survivors (2048K)
 Metaspace       used 7282K, capacity 7546K, committed 7680K, reserved 1056768K
  class space    used 906K, capacity 1004K, committed 1024K, reserved 1048576K
}
Event: 6,889 GC heap before
{Heap before GC invocations=2 (full 0):
 garbage-first heap   total 129024K, used 36267K [0x0000000085200000, 0x0000000100000000)
  region size 1024K, 29 young (29696K), 2 survivors (2048K)
 Metaspace       used 7988K, capacity 8268K, committed 8576K, reserved 1056768K
  class space    used 998K, capacity 1074K, committed 1152K, reserved 1048576K
}
Event: 6,891 GC heap after
{Heap after GC invocations=3 (full 0):
 garbage-first heap   total 129024K, used 9987K [0x0000000085200000, 0x0000000100000000)
  region size 1024K, 2 young (2048K), 2 survivors (2048K)
 Metaspace       used 7988K, capacity 8268K, committed 8576K, reserved 1056768K
  class space    used 998K, capacity 1074K, committed 1152K, reserved 1048576K
}

Deoptimization events (0 events):
No events

Classes unloaded (0 events):
No events

Classes redefined (0 events):
No events

Internal exceptions (20 events):
Event: 6,256 Thread 0x00007f0224001a00 Exception <a 'java/lang/reflect/InvocationTargetException'{0x000000008cbabba0}> (0x000000008cbabba0) 
thrown [open/src/hotspot/share/runtime/reflection.cpp, line 1155]
Event: 6,260 Thread 0x00007f0224001a00 Exception <a 'java/lang/NoSuchMethodError'{0x000000008cbceab8}: static [Ljava/lang/StackTraceElement;.<clinit>()V> (0x000000008cbceab8) 
thrown [open/src/hotspot/share/prims/jni.cpp, line 1204]
Event: 6,327 Thread 0x00007f028002aa80 Exception <a 'java/lang/ClassNotFoundException'{0x000000008cb9ec38}: javax/smartcardio/CardPermission> (0x000000008cb9ec38) 
thrown [open/src/hotspot/share/classfile/systemDictionary.cpp, line 295]
Event: 6,340 Thread 0x00007f028002aa80 Exception <a 'java/io/FileNotFoundException'{0x000000008cbf48a8}> (0x000000008cbf48a8) 
thrown [open/src/hotspot/share/prims/jni.cpp, line 578]
Event: 6,728 Thread 0x00007f028002aa80 Exception <a 'java/lang/NoSuchMethodError'{0x000000008cd2dc38}: 'java.lang.Object java.lang.invoke.Invokers$Holder.invokeExact_MT(java.lang.Object, java.lang.Object, java.lang.Object, java.lang.Object, java.lang.Object, java.lang.Object)'> (0x000000008cd2dc38) 
thrown [open/src/hotspot/share/interpreter/linkResolver.cpp, line 781]
Event: 6,764 Thread 0x00007f028002aa80 Exception <a 'java/lang/NoSuchMethodError'{0x000000008cdaff00}: 'int java.lang.invoke.DirectMethodHandle$Holder.invokeStaticInit(java.lang.Object, java.lang.Object, java.lang.Object)'> (0x000000008cdaff00) 
thrown [open/src/hotspot/share/interpreter/linkResolver.cpp, line 781]
Event: 6,769 Thread 0x00007f028002aa80 Exception <a 'java/lang/NoSuchMethodError'{0x000000008cddacc0}: 'java.lang.Object java.lang.invoke.DirectMethodHandle$Holder.invokeVirtual(java.lang.Object, java.lang.Object, java.lang.Object)'> (0x000000008cddacc0) 
thrown [open/src/hotspot/share/interpreter/linkResolver.cpp, line 781]
Event: 6,773 Thread 0x00007f028002aa80 Exception <a 'java/lang/NoSuchMethodError'{0x000000008cc0a2e0}: 'java.lang.Object java.lang.invoke.DirectMethodHandle$Holder.newInvokeSpecial(java.lang.Object, java.lang.Object, java.lang.Object, java.lang.Object, java.lang.Object)'> (0x000000008cc0a2e0) 
thrown [open/src/hotspot/share/interpreter/linkResolver.cpp, line 781]
Event: 6,818 Thread 0x00007f0224001a00 Exception <a 'java/lang/reflect/InvocationTargetException'{0x000000008ccf9718}> (0x000000008ccf9718) 
thrown [open/src/hotspot/share/runtime/reflection.cpp, line 1155]
Event: 7,058 Thread 0x00007f01f00025f0 Exception <a 'java/io/FileNotFoundException'{0x000000008bb879f8}> (0x000000008bb879f8) 
thrown [open/src/hotspot/share/prims/jni.cpp, line 578]
Event: 7,135 Thread 0x00007f01f00025f0 Exception <a 'java/lang/NoSuchMethodError'{0x000000008b76ef00}: 'int java.lang.invoke.DirectMethodHandle$Holder.invokeSpecial(java.lang.Object, java.lang.Object, java.lang.Object, java.lang.Object)'> (0x000000008b76ef00) 
thrown [open/src/hotspot/share/interpreter/linkResolver.cpp, line 781]
Event: 7,191 Thread 0x00007f01f00025f0 Exception <a 'java/lang/NoSuchMethodError'{0x000000008b50e820}: 'java.lang.Object java.lang.invoke.DirectMethodHandle$Holder.invokeSpecial(java.lang.Object, java.lang.Object, java.lang.Object, java.lang.Object, java.lang.Object, java.lang.Object, int)'> (0x000000008b50e820) 
thrown [open/src/hotspot/share/interpreter/linkResolver.cpp, line 781]
Event: 7,191 Thread 0x00007f01f00025f0 Exception <a 'java/lang/NoSuchMethodError'{0x000000008b519be8}: 'java.lang.Object java.lang.invoke.DirectMethodHandle$Holder.newInvokeSpecial(java.lang.Object, java.lang.Object, java.lang.Object, java.lang.Object, java.lang.Object, java.lang.Object, int)'> (0x000000008b519be8) 
thrown [open/src/hotspot/share/interpreter/linkResolver.cpp, line 781]
Event: 7,192 Thread 0x00007f01f00025f0 Exception <a 'java/lang/NoSuchMethodError'{0x000000008b51ea88}: 'java.lang.Object java.lang.invoke.DirectMethodHandle$Holder.invokeSpecial(java.lang.Object, java.lang.Object, java.lang.Object, java.lang.Object, java.lang.Object, java.lang.Object, java.lang.Object, int)'> (0x000000008b51ea88) 
thrown [open/src/hotspot/share/interpreter/linkResolver.cpp, line 781]
Event: 7,200 Thread 0x00007f01f00025f0 Exception <a 'java/lang/NoSuchMethodError'{0x000000008b5664b8}: 'java.lang.Object java.lang.invoke.DirectMethodHandle$Holder.newInvokeSpecial(java.lang.Object, java.lang.Object, int, java.lang.Object)'> (0x000000008b5664b8) 
thrown [open/src/hotspot/share/interpreter/linkResolver.cpp, line 781]
Event: 7,200 Thread 0x00007f01f00025f0 Exception <a 'java/lang/NoSuchMethodError'{0x000000008b56a9a0}: 'java.lang.Object java.lang.invoke.DirectMethodHandle$Holder.invokeSpecial(java.lang.Object, java.lang.Object, java.lang.Object, int, java.lang.Object)'> (0x000000008b56a9a0) 
thrown [open/src/hotspot/share/interpreter/linkResolver.cpp, line 781]
Event: 7,202 Thread 0x00007f01f00025f0 Exception <a 'java/lang/NoSuchMethodError'{0x000000008b574860}: 'void java.lang.invoke.DirectMethodHandle$Holder.invokeSpecial(java.lang.Object, java.lang.Object, java.lang.Object, java.lang.Object, java.lang.Object, java.lang.Object)'> (0x000000008b574860) 
thrown [open/src/hotspot/share/interpreter/linkResolver.cpp, line 781]
Event: 7,204 Thread 0x00007f01f00025f0 Exception <a 'java/lang/NoSuchMethodError'{0x000000008b58bc98}: 'java.lang.Object java.lang.invoke.DirectMethodHandle$Holder.newInvokeSpecial(java.lang.Object, java.lang.Object, java.lang.Object, java.lang.Object, java.lang.Object, java.lang.Object)'> (0x000000008b58bc98) 
thrown [open/src/hotspot/share/interpreter/linkResolver.cpp, line 781]
Event: 7,206 Thread 0x00007f01f00025f0 Exception <a 'java/lang/NoSuchMethodError'{0x000000008b59f3a0}: 'int java.lang.invoke.DirectMethodHandle$Holder.invokeVirtual(java.lang.Object, java.lang.Object)'> (0x000000008b59f3a0) 
thrown [open/src/hotspot/share/interpreter/linkResolver.cpp, line 781]
Event: 7,239 Thread 0x00007f01f00025f0 Exception <a 'java/lang/NoSuchMethodError'{0x000000008b5fd6e8}: 'void java.lang.invoke.DirectMethodHandle$Holder.invokeStatic(java.lang.Object, java.lang.Object, java.lang.Object, java.lang.Object)'> (0x000000008b5fd6e8) 
thrown [open/src/hotspot/share/interpreter/linkResolver.cpp, line 781]

Events (20 events):
Event: 7,206 loading class java/io/FileFilter
Event: 7,206 loading class java/io/FileFilter done
Event: 7,208 loading class java/net/URLClassLoader$2
Event: 7,208 loading class java/net/URLClassLoader$2 done
Event: 7,210 loading class java/io/LineNumberReader
Event: 7,210 loading class java/io/LineNumberReader done
Event: 7,211 Executing VM operation: HandshakeAllThreads
Event: 7,211 Executing VM operation: HandshakeAllThreads done
Event: 7,211 loading class sun/net/ProgressMonitor
Event: 7,211 loading class sun/net/ProgressMonitor done
Event: 7,211 loading class sun/net/DefaultProgressMeteringPolicy
Event: 7,211 loading class sun/net/ProgressMeteringPolicy
Event: 7,211 loading class sun/net/ProgressMeteringPolicy done
Event: 7,211 loading class sun/net/DefaultProgressMeteringPolicy done
Event: 7,211 loading class sun/nio/cs/ISO_8859_1$Decoder
Event: 7,233 loading class sun/nio/cs/ISO_8859_1$Decoder done
Event: 7,255 loading class java/util/LinkedList$LLSpliterator
Event: 7,255 loading class java/util/LinkedList$LLSpliterator done
Event: 7,265 loading class java/nio/file/attribute/PosixFilePermission
Event: 7,265 loading class java/nio/file/attribute/PosixFilePermission done


Dynamic libraries:
85200000-8ce00000 rw-p 00000000 00:00 0 
8ce00000-ffe00000 ---p 00000000 00:00 0 
ffe00000-ffe52000 rw-p 00be4000 08:05 11023780                           /home/rodrigovvo/Público/jdk-15.0.1/lib/server/classes.jsa
ffe52000-fff00000 rw-p 00000000 00:00 0 
fff00000-fff7c000 rw-p 00b68000 08:05 11023780                           /home/rodrigovvo/Público/jdk-15.0.1/lib/server/classes.jsa
fff7c000-100000000 rw-p 00000000 00:00 0 
800000000-800003000 rwxp 00001000 08:05 11023780                         /home/rodrigovvo/Público/jdk-15.0.1/lib/server/classes.jsa
800003000-8003e6000 rw-p 00004000 08:05 11023780                         /home/rodrigovvo/Público/jdk-15.0.1/lib/server/classes.jsa
8003e6000-800b33000 r--p 003e7000 08:05 11023780                         /home/rodrigovvo/Público/jdk-15.0.1/lib/server/classes.jsa
800b33000-800b34000 ---p 00000000 00:00 0 
800b34000-800c94000 rw-p 00000000 00:00 0 
800c94000-840b34000 ---p 00000000 00:00 0 
55e68466a000-55e68466b000 r-xp 00000000 08:05 8145465                    /home/rodrigovvo/Público/jdk-15.0.1/bin/java
55e68466c000-55e68466d000 r--p 00001000 08:05 8145465                    /home/rodrigovvo/Público/jdk-15.0.1/bin/java
55e68466d000-55e68466e000 rw-p 00002000 08:05 8145465                    /home/rodrigovvo/Público/jdk-15.0.1/bin/java
55e68655b000-55e68657c000 rw-p 00000000 00:00 0                          [heap]
7f01f0000000-7f01f0021000 rw-p 00000000 00:00 0 
7f01f0021000-7f01f4000000 ---p 00000000 00:00 0 
7f01f4000000-7f01f40c4000 rw-p 00000000 00:00 0 
7f01f40c4000-7f01f8000000 ---p 00000000 00:00 0 
7f01f8000000-7f01f8021000 rw-p 00000000 00:00 0 
7f01f8021000-7f01fc000000 ---p 00000000 00:00 0 
7f01fc000000-7f01fc021000 rw-p 00000000 00:00 0 
7f01fc021000-7f0200000000 ---p 00000000 00:00 0 
7f0200000000-7f0200021000 rw-p 00000000 00:00 0 
7f0200021000-7f0204000000 ---p 00000000 00:00 0 
7f0204000000-7f0204021000 rw-p 00000000 00:00 0 
7f0204021000-7f0208000000 ---p 00000000 00:00 0 
7f0208000000-7f0208021000 rw-p 00000000 00:00 0 
7f0208021000-7f020c000000 ---p 00000000 00:00 0 
7f020c000000-7f020c021000 rw-p 00000000 00:00 0 
7f020c021000-7f0210000000 ---p 00000000 00:00 0 
7f0210000000-7f0210021000 rw-p 00000000 00:00 0 
7f0210021000-7f0214000000 ---p 00000000 00:00 0 
7f0214000000-7f0214021000 rw-p 00000000 00:00 0 
7f0214021000-7f0218000000 ---p 00000000 00:00 0 
7f0218000000-7f0218021000 rw-p 00000000 00:00 0 
7f0218021000-7f021c000000 ---p 00000000 00:00 0 
7f021c000000-7f021c021000 rw-p 00000000 00:00 0 
7f021c021000-7f0220000000 ---p 00000000 00:00 0 
7f0220000000-7f022002c000 rw-p 00000000 00:00 0 
7f022002c000-7f0224000000 ---p 00000000 00:00 0 
7f0224000000-7f0224021000 rw-p 00000000 00:00 0 
7f0224021000-7f0228000000 ---p 00000000 00:00 0 
7f0228000000-7f0228021000 rw-p 00000000 00:00 0 
7f0228021000-7f022c000000 ---p 00000000 00:00 0 
7f022c000000-7f022c021000 rw-p 00000000 00:00 0 
7f022c021000-7f0230000000 ---p 00000000 00:00 0 
7f0230000000-7f02303b2000 rw-p 00000000 00:00 0 
7f02303b2000-7f0234000000 ---p 00000000 00:00 0 
7f0234000000-7f0234021000 rw-p 00000000 00:00 0 
7f0234021000-7f0238000000 ---p 00000000 00:00 0 
7f0238000000-7f0238021000 rw-p 00000000 00:00 0 
7f0238021000-7f023c000000 ---p 00000000 00:00 0 
7f023c000000-7f023c021000 rw-p 00000000 00:00 0 
7f023c021000-7f0240000000 ---p 00000000 00:00 0 
7f0240000000-7f0240021000 rw-p 00000000 00:00 0 
7f0240021000-7f0244000000 ---p 00000000 00:00 0 
7f0244000000-7f0244021000 rw-p 00000000 00:00 0 
7f0244021000-7f0248000000 ---p 00000000 00:00 0 
7f0248000000-7f0248021000 rw-p 00000000 00:00 0 
7f0248021000-7f024c000000 ---p 00000000 00:00 0 
7f024c000000-7f024c021000 rw-p 00000000 00:00 0 
7f024c021000-7f0250000000 ---p 00000000 00:00 0 
7f0250000000-7f0250021000 rw-p 00000000 00:00 0 
7f0250021000-7f0254000000 ---p 00000000 00:00 0 
7f0254ce8000-7f0254de8000 rw-p 00000000 00:00 0 
7f0254de8000-7f0254ee8000 ---p 00000000 00:00 0 
7f0254eeb000-7f0254eef000 ---p 00000000 00:00 0 
7f0254eef000-7f0254fec000 rw-p 00000000 00:00 0 
7f0254fec000-7f0254ff0000 ---p 00000000 00:00 0 
7f0254ff0000-7f02550ed000 rw-p 00000000 00:00 0 
7f02550ed000-7f02550f1000 ---p 00000000 00:00 0 
7f02550f1000-7f02551ee000 rw-p 00000000 00:00 0 
7f02551ee000-7f02551f2000 ---p 00000000 00:00 0 
7f02551f2000-7f02552ef000 rw-p 00000000 00:00 0 
7f02552ef000-7f02552f3000 ---p 00000000 00:00 0 
7f02552f3000-7f02553f0000 rw-p 00000000 00:00 0 
7f02553f0000-7f02553f1000 ---p 00000000 00:00 0 
7f02553f1000-7f02554f2000 rw-p 00000000 00:00 0 
7f02554f2000-7f02554f3000 ---p 00000000 00:00 0 
7f02554f3000-7f02555f4000 rw-p 00000000 00:00 0 
7f02555f4000-7f02555f5000 ---p 00000000 00:00 0 
7f02555f5000-7f02556f6000 rw-p 00000000 00:00 0 
7f02556f6000-7f02556fa000 ---p 00000000 00:00 0 
7f02556fa000-7f02557f7000 rw-p 00000000 00:00 0 
7f02557f7000-7f02557f8000 ---p 00000000 00:00 0 
7f02557f8000-7f02558f9000 rw-p 00000000 00:00 0 
7f02558f9000-7f02558fd000 ---p 00000000 00:00 0 
7f02558fd000-7f02559fa000 rw-p 00000000 00:00 0 
7f02559fa000-7f02559fe000 ---p 00000000 00:00 0 
7f02559fe000-7f0255afb000 rw-p 00000000 00:00 0 
7f0255afb000-7f0255aff000 ---p 00000000 00:00 0 
7f0255aff000-7f0255bfc000 rw-p 00000000 00:00 0 
7f0255bfc000-7f0255c00000 ---p 00000000 00:00 0 
7f0255c00000-7f0255cfd000 rw-p 00000000 00:00 0 
7f0255cfd000-7f0255d01000 ---p 00000000 00:00 0 
7f0255d01000-7f0255dfe000 rw-p 00000000 00:00 0 
7f0255dfe000-7f0255e02000 ---p 00000000 00:00 0 
7f0255e02000-7f0255eff000 rw-p 00000000 00:00 0 
7f0255eff000-7f0255f03000 ---p 00000000 00:00 0 
7f0255f03000-7f0258000000 rw-p 00000000 00:00 0 
7f0258000000-7f0258021000 rw-p 00000000 00:00 0 
7f0258021000-7f025c000000 ---p 00000000 00:00 0 
7f025c000000-7f025c021000 rw-p 00000000 00:00 0 
7f025c021000-7f0260000000 ---p 00000000 00:00 0 
7f0260000000-7f0260021000 rw-p 00000000 00:00 0 
7f0260021000-7f0264000000 ---p 00000000 00:00 0 
7f0264034000-7f0264038000 ---p 00000000 00:00 0 
7f0264038000-7f0264135000 rw-p 00000000 00:00 0 
7f0264135000-7f0264139000 ---p 00000000 00:00 0 
7f0264139000-7f0264236000 rw-p 00000000 00:00 0 
7f0264236000-7f02647a8000 r--p 00000000 08:05 9569386                    /usr/lib/locale/locale-archive
7f02647a8000-7f0265198000 rw-p 00000000 00:00 0 
7f0265198000-7f0266e58000 ---p 00000000 00:00 0 
7f0266e58000-7f0267050000 rw-p 00000000 00:00 0 
7f0267050000-7f0268d10000 ---p 00000000 00:00 0 
7f0268d10000-7f0268d18000 rw-p 00000000 00:00 0 
7f0268d18000-7f0268f88000 rwxp 00000000 00:00 0 
7f0268f88000-7f02693bf000 ---p 00000000 00:00 0 
7f02693bf000-7f026962f000 rwxp 00000000 00:00 0 
7f026962f000-7f0277d18000 ---p 00000000 00:00 0 
7f0277d18000-7f0280000000 r--s 00000000 08:05 11020571                   /home/rodrigovvo/Público/jdk-15.0.1/lib/modules
7f0280000000-7f0280752000 rw-p 00000000 00:00 0 
7f0280752000-7f0284000000 ---p 00000000 00:00 0 
7f0284015000-7f028401c000 r--s 00000000 08:05 10232095                   /usr/lib/x86_64-linux-gnu/gconv/gconv-modules.cache
7f028401c000-7f0284042000 r--p 00000000 08:05 11817576                   /usr/share/locale-langpack/pt_BR/LC_MESSAGES/libc.mo
7f0284042000-7f0284044000 r--p 00000000 08:05 9574883                    /usr/lib/x86_64-linux-gnu/libnss_dns-2.31.so
7f0284044000-7f0284048000 r-xp 00002000 08:05 9574883                    /usr/lib/x86_64-linux-gnu/libnss_dns-2.31.so
7f0284048000-7f0284049000 r--p 00006000 08:05 9574883                    /usr/lib/x86_64-linux-gnu/libnss_dns-2.31.so
7f0284049000-7f028404a000 r--p 00006000 08:05 9574883                    /usr/lib/x86_64-linux-gnu/libnss_dns-2.31.so
7f028404a000-7f028404b000 rw-p 00007000 08:05 9574883                    /usr/lib/x86_64-linux-gnu/libnss_dns-2.31.so
7f028404b000-7f028404f000 r--p 00000000 08:05 9575521                    /usr/lib/x86_64-linux-gnu/libresolv-2.31.so
7f028404f000-7f028405f000 r-xp 00004000 08:05 9575521                    /usr/lib/x86_64-linux-gnu/libresolv-2.31.so
7f028405f000-7f0284062000 r--p 00014000 08:05 9575521                    /usr/lib/x86_64-linux-gnu/libresolv-2.31.so
7f0284062000-7f0284063000 ---p 00017000 08:05 9575521                    /usr/lib/x86_64-linux-gnu/libresolv-2.31.so
7f0284063000-7f0284064000 r--p 00017000 08:05 9575521                    /usr/lib/x86_64-linux-gnu/libresolv-2.31.so
7f0284064000-7f0284065000 rw-p 00018000 08:05 9575521                    /usr/lib/x86_64-linux-gnu/libresolv-2.31.so
7f0284065000-7f0284067000 rw-p 00000000 00:00 0 
7f0284067000-7f0284068000 r--p 00000000 08:05 9574141                    /usr/lib/x86_64-linux-gnu/libnss_mdns4_minimal.so.2
7f0284068000-7f028406a000 r-xp 00001000 08:05 9574141                    /usr/lib/x86_64-linux-gnu/libnss_mdns4_minimal.so.2
7f028406a000-7f028406b000 r--p 00003000 08:05 9574141                    /usr/lib/x86_64-linux-gnu/libnss_mdns4_minimal.so.2
7f028406b000-7f028406c000 r--p 00003000 08:05 9574141                    /usr/lib/x86_64-linux-gnu/libnss_mdns4_minimal.so.2
7f028406c000-7f028406d000 rw-p 00004000 08:05 9574141                    /usr/lib/x86_64-linux-gnu/libnss_mdns4_minimal.so.2
7f0284072000-7f028407f000 r-xp 00000000 08:05 11020567                   /home/rodrigovvo/Público/jdk-15.0.1/lib/libverify.so
7f028407f000-7f0284081000 r--p 0000c000 08:05 11020567                   /home/rodrigovvo/Público/jdk-15.0.1/lib/libverify.so
7f0284081000-7f0284082000 rw-p 0000e000 08:05 11020567                   /home/rodrigovvo/Público/jdk-15.0.1/lib/libverify.so
7f0284082000-7f0284084000 r-xp 00000000 08:05 11019290                   /home/rodrigovvo/Público/jdk-15.0.1/lib/libextnet.so
7f0284084000-7f0284085000 r--p 00001000 08:05 11019290                   /home/rodrigovvo/Público/jdk-15.0.1/lib/libextnet.so
7f0284085000-7f0284086000 rw-p 00002000 08:05 11019290                   /home/rodrigovvo/Público/jdk-15.0.1/lib/libextnet.so
7f0284086000-7f028408b000 r-xp 00000000 08:05 11020004                   /home/rodrigovvo/Público/jdk-15.0.1/lib/libmanagement_ext.so
7f028408b000-7f028408c000 r--p 00004000 08:05 11020004                   /home/rodrigovvo/Público/jdk-15.0.1/lib/libmanagement_ext.so
7f028408c000-7f028408d000 rw-p 00005000 08:05 11020004                   /home/rodrigovvo/Público/jdk-15.0.1/lib/libmanagement_ext.so
7f028408d000-7f0284091000 r-xp 00000000 08:05 11020001                   /home/rodrigovvo/Público/jdk-15.0.1/lib/libmanagement.so
7f0284091000-7f0284092000 r--p 00003000 08:05 11020001                   /home/rodrigovvo/Público/jdk-15.0.1/lib/libmanagement.so
7f0284092000-7f0284093000 rw-p 00004000 08:05 11020001                   /home/rodrigovvo/Público/jdk-15.0.1/lib/libmanagement.so
7f0284093000-7f028409a000 r-xp 00000000 08:05 11020569                   /home/rodrigovvo/Público/jdk-15.0.1/lib/libzip.so
7f028409a000-7f028409b000 ---p 00007000 08:05 11020569                   /home/rodrigovvo/Público/jdk-15.0.1/lib/libzip.so
7f028409b000-7f028409c000 r--p 00007000 08:05 11020569                   /home/rodrigovvo/Público/jdk-15.0.1/lib/libzip.so
7f028409c000-7f028409d000 rw-p 00008000 08:05 11020569                   /home/rodrigovvo/Público/jdk-15.0.1/lib/libzip.so
7f028409d000-7f02840ce000 rw-p 00000000 00:00 0 
7f02840ce000-7f02840e3000 r-xp 00000000 08:05 11020030                   /home/rodrigovvo/Público/jdk-15.0.1/lib/libnet.so
7f02840e3000-7f02840e4000 r--p 00014000 08:05 11020030                   /home/rodrigovvo/Público/jdk-15.0.1/lib/libnet.so
7f02840e4000-7f02840e5000 rw-p 00015000 08:05 11020030                   /home/rodrigovvo/Público/jdk-15.0.1/lib/libnet.so
7f02840e5000-7f02840f7000 r-xp 00000000 08:05 11020031                   /home/rodrigovvo/Público/jdk-15.0.1/lib/libnio.so
7f02840f7000-7f02840f8000 r--p 00011000 08:05 11020031                   /home/rodrigovvo/Público/jdk-15.0.1/lib/libnio.so
7f02840f8000-7f02840f9000 rw-p 00012000 08:05 11020031                   /home/rodrigovvo/Público/jdk-15.0.1/lib/libnio.so
7f02840f9000-7f02840fd000 ---p 00000000 00:00 0 
7f02840fd000-7f02841fa000 rw-p 00000000 00:00 0 
7f02841fa000-7f02841fe000 ---p 00000000 00:00 0 
7f02841fe000-7f02842fb000 rw-p 00000000 00:00 0 
7f02842fb000-7f02842ff000 ---p 00000000 00:00 0 
7f02842ff000-7f02843fc000 rw-p 00000000 00:00 0 
7f02843fc000-7f02843fd000 ---p 00000000 00:00 0 
7f02843fd000-7f028465d000 rw-p 00000000 00:00 0 
7f028465d000-7f028465e000 ---p 00000000 00:00 0 
7f028465e000-7f028475f000 rw-p 00000000 00:00 0 
7f028475f000-7f0284760000 ---p 00000000 00:00 0 
7f0284760000-7f0284c65000 rw-p 00000000 00:00 0 
7f0284c65000-7f0284c66000 ---p 00000000 00:00 0 
7f0284c66000-7f0284d67000 rw-p 00000000 00:00 0 
7f0284d67000-7f0284d68000 ---p 00000000 00:00 0 
7f0284d68000-7f0284e69000 rw-p 00000000 00:00 0 
7f0284e69000-7f0284e6a000 ---p 00000000 00:00 0 
7f0284e6a000-7f0284feb000 rw-p 00000000 00:00 0 
7f0284feb000-7f0285383000 ---p 00000000 00:00 0 
7f0285383000-7f02853c2000 rw-p 00000000 00:00 0 
7f02853c2000-7f028575a000 ---p 00000000 00:00 0 
7f028575a000-7f0285799000 rw-p 00000000 00:00 0 
7f0285799000-7f0285b31000 ---p 00000000 00:00 0 
7f0285b31000-7f0285f3b000 rw-p 00000000 00:00 0 
7f0285f3b000-7f0286109000 ---p 00000000 00:00 0 
7f0286109000-7f028610e000 rw-p 00000000 00:00 0 
7f028610e000-7f0286117000 ---p 00000000 00:00 0 
7f0286117000-7f028613b000 r-xp 00000000 08:05 11019479                   /home/rodrigovvo/Público/jdk-15.0.1/lib/libjava.so
7f028613b000-7f028613c000 ---p 00024000 08:05 11019479                   /home/rodrigovvo/Público/jdk-15.0.1/lib/libjava.so
7f028613c000-7f028613d000 r--p 00024000 08:05 11019479                   /home/rodrigovvo/Público/jdk-15.0.1/lib/libjava.so
7f028613d000-7f028613e000 rw-p 00025000 08:05 11019479                   /home/rodrigovvo/Público/jdk-15.0.1/lib/libjava.so
7f028613e000-7f028613f000 rw-p 00000000 00:00 0 
7f028613f000-7f0286147000 rw-s 00000000 08:05 5774910                    /tmp/hsperfdata_rodrigovvo/6853
7f0286147000-7f0286163000 r-xp 00000000 08:05 11019483                   /home/rodrigovvo/Público/jdk-15.0.1/lib/libjimage.so
7f0286163000-7f0286165000 r--p 0001b000 08:05 11019483                   /home/rodrigovvo/Público/jdk-15.0.1/lib/libjimage.so
7f0286165000-7f0286166000 rw-p 0001d000 08:05 11019483                   /home/rodrigovvo/Público/jdk-15.0.1/lib/libjimage.so
7f0286166000-7f0286169000 r--p 00000000 08:05 9575522                    /usr/lib/x86_64-linux-gnu/librt-2.31.so
7f0286169000-7f028616d000 r-xp 00003000 08:05 9575522                    /usr/lib/x86_64-linux-gnu/librt-2.31.so
7f028616d000-7f028616e000 r--p 00007000 08:05 9575522                    /usr/lib/x86_64-linux-gnu/librt-2.31.so
7f028616e000-7f028616f000 ---p 00008000 08:05 9575522                    /usr/lib/x86_64-linux-gnu/librt-2.31.so
7f028616f000-7f0286170000 r--p 00008000 08:05 9575522                    /usr/lib/x86_64-linux-gnu/librt-2.31.so
7f0286170000-7f0286171000 rw-p 00009000 08:05 9575522                    /usr/lib/x86_64-linux-gnu/librt-2.31.so
7f0286171000-7f0286175000 ---p 00000000 00:00 0 
7f0286175000-7f0286272000 rw-p 00000000 00:00 0 
7f0286272000-7f0286281000 r--p 00000000 08:05 9574878                    /usr/lib/x86_64-linux-gnu/libm-2.31.so
7f0286281000-7f0286328000 r-xp 0000f000 08:05 9574878                    /usr/lib/x86_64-linux-gnu/libm-2.31.so
7f0286328000-7f02863bf000 r--p 000b6000 08:05 9574878                    /usr/lib/x86_64-linux-gnu/libm-2.31.so
7f02863bf000-7f02863c0000 r--p 0014c000 08:05 9574878                    /usr/lib/x86_64-linux-gnu/libm-2.31.so
7f02863c0000-7f02863c1000 rw-p 0014d000 08:05 9574878                    /usr/lib/x86_64-linux-gnu/libm-2.31.so
7f02863c1000-7f0287408000 r-xp 00000000 08:05 11023784                   /home/rodrigovvo/Público/jdk-15.0.1/lib/server/libjvm.so
7f0287408000-7f02874a2000 r--p 01046000 08:05 11023784                   /home/rodrigovvo/Público/jdk-15.0.1/lib/server/libjvm.so
7f02874a2000-7f02874d9000 rw-p 010e0000 08:05 11023784                   /home/rodrigovvo/Público/jdk-15.0.1/lib/server/libjvm.so
7f02874d9000-7f0287564000 rw-p 00000000 00:00 0 
7f0287564000-7f0287589000 r--p 00000000 08:05 9574876                    /usr/lib/x86_64-linux-gnu/libc-2.31.so
7f0287589000-7f0287701000 r-xp 00025000 08:05 9574876                    /usr/lib/x86_64-linux-gnu/libc-2.31.so
7f0287701000-7f028774b000 r--p 0019d000 08:05 9574876                    /usr/lib/x86_64-linux-gnu/libc-2.31.so
7f028774b000-7f028774c000 ---p 001e7000 08:05 9574876                    /usr/lib/x86_64-linux-gnu/libc-2.31.so
7f028774c000-7f028774f000 r--p 001e7000 08:05 9574876                    /usr/lib/x86_64-linux-gnu/libc-2.31.so
7f028774f000-7f0287752000 rw-p 001ea000 08:05 9574876                    /usr/lib/x86_64-linux-gnu/libc-2.31.so
7f0287752000-7f0287756000 rw-p 00000000 00:00 0 
7f0287756000-7f0287757000 r--p 00000000 08:05 9574877                    /usr/lib/x86_64-linux-gnu/libdl-2.31.so
7f0287757000-7f0287759000 r-xp 00001000 08:05 9574877                    /usr/lib/x86_64-linux-gnu/libdl-2.31.so
7f0287759000-7f028775a000 r--p 00003000 08:05 9574877                    /usr/lib/x86_64-linux-gnu/libdl-2.31.so
7f028775a000-7f028775b000 r--p 00003000 08:05 9574877                    /usr/lib/x86_64-linux-gnu/libdl-2.31.so
7f028775b000-7f028775c000 rw-p 00004000 08:05 9574877                    /usr/lib/x86_64-linux-gnu/libdl-2.31.so
7f028775c000-7f0287763000 r--p 00000000 08:05 9574889                    /usr/lib/x86_64-linux-gnu/libpthread-2.31.so
7f0287763000-7f0287774000 r-xp 00007000 08:05 9574889                    /usr/lib/x86_64-linux-gnu/libpthread-2.31.so
7f0287774000-7f0287779000 r--p 00018000 08:05 9574889                    /usr/lib/x86_64-linux-gnu/libpthread-2.31.so
7f0287779000-7f028777a000 r--p 0001c000 08:05 9574889                    /usr/lib/x86_64-linux-gnu/libpthread-2.31.so
7f028777a000-7f028777b000 rw-p 0001d000 08:05 9574889                    /usr/lib/x86_64-linux-gnu/libpthread-2.31.so
7f028777b000-7f028777f000 rw-p 00000000 00:00 0 
7f028777f000-7f028778e000 r-xp 00000000 08:05 11019484                   /home/rodrigovvo/Público/jdk-15.0.1/lib/libjli.so
7f028778e000-7f028778f000 r--p 0000e000 08:05 11019484                   /home/rodrigovvo/Público/jdk-15.0.1/lib/libjli.so
7f028778f000-7f0287790000 rw-p 0000f000 08:05 11019484                   /home/rodrigovvo/Público/jdk-15.0.1/lib/libjli.so
7f0287790000-7f0287792000 r--p 00000000 08:05 9570156                    /usr/lib/x86_64-linux-gnu/libz.so.1.2.11
7f0287792000-7f02877a3000 r-xp 00002000 08:05 9570156                    /usr/lib/x86_64-linux-gnu/libz.so.1.2.11
7f02877a3000-7f02877a9000 r--p 00013000 08:05 9570156                    /usr/lib/x86_64-linux-gnu/libz.so.1.2.11
7f02877a9000-7f02877aa000 ---p 00019000 08:05 9570156                    /usr/lib/x86_64-linux-gnu/libz.so.1.2.11
7f02877aa000-7f02877ab000 r--p 00019000 08:05 9570156                    /usr/lib/x86_64-linux-gnu/libz.so.1.2.11
7f02877ab000-7f02877ac000 rw-p 0001a000 08:05 9570156                    /usr/lib/x86_64-linux-gnu/libz.so.1.2.11
7f02877ac000-7f02877ae000 rw-p 00000000 00:00 0 
7f02877b1000-7f02877b4000 r--p 00000000 08:05 9574884                    /usr/lib/x86_64-linux-gnu/libnss_files-2.31.so
7f02877b4000-7f02877bb000 r-xp 00003000 08:05 9574884                    /usr/lib/x86_64-linux-gnu/libnss_files-2.31.so
7f02877bb000-7f02877bd000 r--p 0000a000 08:05 9574884                    /usr/lib/x86_64-linux-gnu/libnss_files-2.31.so
7f02877bd000-7f02877be000 r--p 0000b000 08:05 9574884                    /usr/lib/x86_64-linux-gnu/libnss_files-2.31.so
7f02877be000-7f02877bf000 rw-p 0000c000 08:05 9574884                    /usr/lib/x86_64-linux-gnu/libnss_files-2.31.so
7f02877bf000-7f02877c5000 rw-p 00000000 00:00 0 
7f02877c5000-7f02877c6000 ---p 00000000 00:00 0 
7f02877c6000-7f02877c7000 r--p 00000000 00:00 0 
7f02877c7000-7f02877c8000 r--p 00000000 08:05 9569202                    /usr/lib/x86_64-linux-gnu/ld-2.31.so
7f02877c8000-7f02877eb000 r-xp 00001000 08:05 9569202                    /usr/lib/x86_64-linux-gnu/ld-2.31.so
7f02877eb000-7f02877f3000 r--p 00024000 08:05 9569202                    /usr/lib/x86_64-linux-gnu/ld-2.31.so
7f02877f3000-7f02877f4000 ---p 00000000 00:00 0 
7f02877f4000-7f02877f5000 r--p 0002c000 08:05 9569202                    /usr/lib/x86_64-linux-gnu/ld-2.31.so
7f02877f5000-7f02877f6000 rw-p 0002d000 08:05 9569202                    /usr/lib/x86_64-linux-gnu/ld-2.31.so
7f02877f6000-7f02877f7000 rw-p 00000000 00:00 0 
7fff51677000-7fff5169b000 rw-p 00000000 00:00 0                          [stack]
7fff517e1000-7fff517e4000 r--p 00000000 00:00 0                          [vvar]
7fff517e4000-7fff517e5000 r-xp 00000000 00:00 0                          [vdso]
ffffffffff600000-ffffffffff601000 --xp 00000000 00:00 0                  [vsyscall]


VM Arguments:
jvm_args: -Dcom.sun.management.jmxremote -Dcom.sun.management.jmxremote.port=38447 -Dcom.sun.management.jmxremote.authenticate=false -Dcom.sun.management.jmxremote.ssl=false -Djava.rmi.server.hostname=localhost -Dspring.jmx.enabled=true -Dspring.application.admin.enabled=true -Djava.security.egd=file:/dev/./urandom -XX:TieredStopAtLevel=1 -Dspring.boot.project.name=loja_spring -Dfile.encoding=UTF-8 
java_command: com.dev.loja.LojaApplication
java_class_path (initial): /home/rodrigovvo/projects/loja_spring/target/classes:/home/rodrigovvo/.m2/repository/org/springframework/boot/spring-boot-starter-data-jpa/2.3.4.RELEASE/spring-boot-starter-data-jpa-2.3.4.RELEASE.jar:/home/rodrigovvo/.m2/repository/org/springframework/boot/spring-boot-starter-aop/2.3.4.RELEASE/spring-boot-starter-aop-2.3.4.RELEASE.jar:/home/rodrigovvo/.m2/repository/org/aspectj/aspectjweaver/1.9.6/aspectjweaver-1.9.6.jar:/home/rodrigovvo/.m2/repository/org/springframework/boot/spring-boot-starter-jdbc/2.3.4.RELEASE/spring-boot-starter-jdbc-2.3.4.RELEASE.jar:/home/rodrigovvo/.m2/repository/com/zaxxer/HikariCP/3.4.5/HikariCP-3.4.5.jar:/home/rodrigovvo/.m2/repository/org/springframework/spring-jdbc/5.2.9.RELEASE/spring-jdbc-5.2.9.RELEASE.jar:/home/rodrigovvo/.m2/repository/jakarta/transaction/jakarta.transaction-api/1.3.3/jakarta.transaction-api-1.3.3.jar:/home/rodrigovvo/.m2/repository/jakarta/persistence/jakarta.persistence-api/2.2.3/jakarta.persistence-api-2.2.3.jar:/home/rodrigovvo/.m2/repository/org/hibernate/hibernate-core/5.4.21.Final/hibernate-core-5.4.21.Final.jar:/home/rodrigovvo/.m2/repository/org/javassist/javassist/3.24.0-GA/javassist-3.24.0-GA.jar:/home/rodrigovvo/.m2/repository/net/bytebuddy/byte-buddy/1.10.14/byte-buddy-1.10.14.jar:/home/rodrigovvo/.m2/repository/antlr/antlr/2.7.7/antlr-2.7.7.jar:/home/rodrigovvo/.m2/repository/org/jboss/jandex/2.1.3.Final/jandex-2.1.3.Final.jar:/home/rodrigovvo/.m2/repository/org/dom4j/dom4j/2.1.3/dom4j-2.1.3.jar:/home/rodrigovvo/.m2/repository/org/hibernate/common/hibernate-commons-annotations/5.1.0.Final/hibernate-commons-annotations-5.1.0.Final.jar:/home/rodrigovvo/.m2/repository/org/glassfish/jaxb/jaxb-runtime/2.3.3/jaxb-runtime-2.3.3.jar:/home/rodrigovvo/.m2/repository/org/glassfish/jaxb/txw2/2.3.3/txw2-2.3.3.jar:/home/rodrigovvo/.m2/repository/com/sun/istack/istack-commons-runtime/3.0.11/istack-commons-runtime-3.0.11.jar:/home/rodrigovvo/.m2/repository/com/sun/activation/jakarta.activ
Launcher Type: SUN_STANDARD

[Global flags]
     intx CICompilerCount                          = 3                                         {product} {ergonomic}
     uint ConcGCThreads                            = 1                                         {product} {ergonomic}
     uint G1ConcRefinementThreads                  = 4                                         {product} {ergonomic}
   size_t G1HeapRegionSize                         = 1048576                                   {product} {ergonomic}
    uintx GCDrainStackTargetSize                   = 64                                        {product} {ergonomic}
   size_t InitialHeapSize                          = 130023424                                 {product} {ergonomic}
     bool ManagementServer                         = true                                      {product} {command line}
   size_t MarkStackSize                            = 4194304                                   {product} {ergonomic}
   size_t MaxHeapSize                              = 2061500416                                {product} {ergonomic}
   size_t MaxNewSize                               = 1236271104                                {product} {ergonomic}
   size_t MinHeapDeltaBytes                        = 1048576                                   {product} {ergonomic}
   size_t MinHeapSize                              = 8388608                                   {product} {ergonomic}
    uintx NonNMethodCodeHeapSize                   = 6973028                                {pd product} {ergonomic}
    uintx NonProfiledCodeHeapSize                  = 244685212                              {pd product} {ergonomic}
    uintx ProfiledCodeHeapSize                     = 0                                      {pd product} {ergonomic}
    uintx ReservedCodeCacheSize                    = 251658240                              {pd product} {ergonomic}
     bool SegmentedCodeCache                       = true                                      {product} {ergonomic}
   size_t SoftMaxHeapSize                          = 2061500416                             {manageable} {ergonomic}
     intx TieredStopAtLevel                        = 1                                         {product} {command line}
     bool UseCompressedClassPointers               = true                                 {lp64_product} {ergonomic}
     bool UseCompressedOops                        = true                                 {lp64_product} {ergonomic}
     bool UseG1GC                                  = true                                      {product} {ergonomic}

Logging:
Log output configuration:
 #0: stdout all=warning uptime,level,tags
 #1: stderr all=off uptime,level,tags

Environment Variables:
JAVA_HOME=/usr/lib/jvm/java-15-oracle
PATH=/home/rodrigovvo/.local/bin:/usr/local/sbin:/usr/local/bin:/usr/sbin:/usr/bin:/sbin:/bin:/usr/games:/usr/local/games:/home/rodrigovvo/shellscript:/snap/bin:/usr/lib/jvm/java-15-oracle/bin:/usr/lib/jvm/java-15-oracle/db/bin:/home/rodrigovvo/shellscript
SHELL=/bin/bash
DISPLAY=:0
LANG=pt_BR.UTF-8

Signal Handlers:
SIGSEGV: [libjvm.so+0xd63670], sa_mask[0]=11111111011111111101111111111110, sa_flags=SA_RESTART|SA_SIGINFO
SIGBUS: [libjvm.so+0xd63670], sa_mask[0]=11111111011111111101111111111110, sa_flags=SA_RESTART|SA_SIGINFO
SIGFPE: [libjvm.so+0xd63670], sa_mask[0]=11111111011111111101111111111110, sa_flags=SA_RESTART|SA_SIGINFO
SIGPIPE: [libjvm.so+0xb410d0], sa_mask[0]=11111111011111111101111111111110, sa_flags=SA_RESTART|SA_SIGINFO
SIGXFSZ: [libjvm.so+0xb410d0], sa_mask[0]=11111111011111111101111111111110, sa_flags=SA_RESTART|SA_SIGINFO
SIGILL: [libjvm.so+0xd63670], sa_mask[0]=11111111011111111101111111111110, sa_flags=SA_RESTART|SA_SIGINFO
SIGUSR2: [libjvm.so+0xb40f70], sa_mask[0]=00100000000000000000000000000000, sa_flags=SA_RESTART|SA_SIGINFO
SIGHUP: [libjvm.so+0xb417e0], sa_mask[0]=11111111011111111101111111111110, sa_flags=SA_RESTART|SA_SIGINFO
SIGINT: [libjvm.so+0xb417e0], sa_mask[0]=11111111011111111101111111111110, sa_flags=SA_RESTART|SA_SIGINFO
SIGTERM: [libjvm.so+0xb417e0], sa_mask[0]=11111111011111111101111111111110, sa_flags=SA_RESTART|SA_SIGINFO
SIGQUIT: [libjvm.so+0xb417e0], sa_mask[0]=11111111011111111101111111111110, sa_flags=SA_RESTART|SA_SIGINFO


---------------  S Y S T E M  ---------------

OS:
DISTRIB_ID=Ubuntu
DISTRIB_RELEASE=20.04
DISTRIB_CODENAME=focal
DISTRIB_DESCRIPTION="Ubuntu 20.04.1 LTS"
uname: Linux 5.4.0-62-generic #70-Ubuntu SMP Tue Jan 12 12:45:47 UTC 2021 x86_64
OS uptime: 0 days 1:11 hours
libc: glibc 2.31 NPTL 2.31 
rlimit (soft/hard): STACK 8192k/infinity , CORE 0k/infinity , NPROC 31211/31211 , NOFILE 1048576/1048576 , AS infinity/infinity , CPU infinity/infinity , DATA infinity/infinity , FSIZE infinity/infinity , MEMLOCK 65536k/65536k
load average: 1,99 1,27 1,09

/proc/meminfo:
MemTotal:        8047064 kB
MemFree:          791736 kB
MemAvailable:    3404452 kB
Buffers:          368544 kB
Cached:          2885784 kB
SwapCached:            0 kB
Active:          4763164 kB
Inactive:        1853748 kB
Active(anon):    3599452 kB
Inactive(anon):   260628 kB
Active(file):    1163712 kB
Inactive(file):  1593120 kB
Unevictable:      231888 kB
Mlocked:             128 kB
SwapTotal:       2097148 kB
SwapFree:        2097148 kB
Dirty:              8036 kB
Writeback:             0 kB
AnonPages:       3595020 kB
Mapped:           906164 kB
Shmem:            497144 kB
KReclaimable:     154496 kB
Slab:             302788 kB
SReclaimable:     154496 kB
SUnreclaim:       148292 kB
KernelStack:       14728 kB
PageTables:        33200 kB
NFS_Unstable:          0 kB
Bounce:                0 kB
WritebackTmp:          0 kB
CommitLimit:     6120680 kB
Committed_AS:    9901660 kB
VmallocTotal:   34359738367 kB
VmallocUsed:       33536 kB
VmallocChunk:          0 kB
Percpu:             7072 kB
HardwareCorrupted:     0 kB
AnonHugePages:         0 kB
ShmemHugePages:        0 kB
ShmemPmdMapped:        0 kB
FileHugePages:         0 kB
FilePmdMapped:         0 kB
CmaTotal:              0 kB
CmaFree:               0 kB
HugePages_Total:       0
HugePages_Free:        0
HugePages_Rsvd:        0
HugePages_Surp:        0
Hugepagesize:       2048 kB
Hugetlb:               0 kB
DirectMap4k:      323072 kB
DirectMap2M:     7960576 kB
DirectMap1G:           0 kB

/sys/kernel/mm/transparent_hugepage/enabled: always [madvise] never
/sys/kernel/mm/transparent_hugepage/defrag (defrag/compaction efforts parameter): always defer defer+madvise [madvise] never

/proc/sys/kernel/threads-max (system-wide limit on the number of threads): 62423
/proc/sys/vm/max_map_count (maximum number of memory map areas a process may have): 65530
/proc/sys/kernel/pid_max (system-wide limit on number of process identifiers): 4194304

container (cgroup) information:
container_type: cgroupv1
cpu_cpuset_cpus: 0-3
cpu_memory_nodes: 0
active_processor_count: 4
cpu_quota: no quota
cpu_period: 100000
cpu_shares: no shares
memory_limit_in_bytes: unlimited
memory_and_swap_limit_in_bytes: not supported
memory_soft_limit_in_bytes: unlimited
memory_usage_in_bytes: 5377359872
memory_max_usage_in_bytes: 5396480000

Steal ticks since vm start: 0
Steal ticks percentage since vm start:  0,000

CPU: total 4 (initial active 4) (2 cores per cpu, 2 threads per core) family 6 model 60 stepping 3 microcode 0x28, cmov, cx8, fxsr, mmx, sse, sse2, sse3, ssse3, sse4.1, sse4.2, popcnt, vzeroupper, avx, avx2, aes, clmul, erms, lzcnt, ht, tsc, tscinvbit, bmi1, bmi2, fma, clflush
CPU Model and flags from /proc/cpuinfo:
model name	: Intel(R) Core(TM) i7-4600M CPU @ 2.90GHz
flags		: fpu vme de pse tsc msr pae mce cx8 apic sep mtrr pge mca cmov pat pse36 clflush dts acpi mmx fxsr sse sse2 ss ht tm pbe syscall nx pdpe1gb rdtscp lm constant_tsc arch_perfmon pebs bts rep_good nopl xtopology nonstop_tsc cpuid aperfmperf pni pclmulqdq dtes64 monitor ds_cpl vmx smx est tm2 ssse3 sdbg fma cx16 xtpr pdcm pcid sse4_1 sse4_2 x2apic movbe popcnt tsc_deadline_timer aes xsave avx f16c rdrand lahf_lm abm cpuid_fault epb invpcid_single pti ssbd ibrs ibpb stibp tpr_shadow vnmi flexpriority ept vpid ept_ad fsgsbase tsc_adjust bmi1 avx2 smep bmi2 erms invpcid xsaveopt dtherm ida arat pln pts md_clear flush_l1d

Online cpus: 0-3
Offline cpus: 4-7
BIOS frequency limitation: <Not Available>
Frequency switch latency (ns): 0
Available cpu frequencies: <Not Available>
Current governor: powersave
Core performance/turbo boost: <Not Available>

Memory: 4k page, physical 8047064k(791736k free), swap 2097148k(2097148k free)

vm_info: OpenJDK 64-Bit Server VM (15.0.1+9-18) for linux-amd64 JRE (15.0.1+9-18), built on Sep 15 2020 13:31:44 by "mach5one" with gcc 9.2.0

END.
