#
# A fatal error has been detected by the Java Runtime Environment:
#
#  SIGSEGV (0xb) at pc=0x00007fd6234e5aeb, pid=18042, tid=18070
#
# JRE version: OpenJDK Runtime Environment (15.0.1+9) (build 15.0.1+9-18)
# Java VM: OpenJDK 64-Bit Server VM (15.0.1+9-18, mixed mode, sharing, tiered, compressed oops, g1 gc, linux-amd64)
# Problematic frame:
# V  [libjvm.so+0x687aeb]  G1ParScanThreadState::copy_to_survivor_space(G1HeapRegionAttr, oopDesc*, markWord)+0x4b
#
# Core dump will be written. Default location: Core dumps may be processed with "/usr/share/apport/apport %p %s %c %d %P %E" (or dumping to /home/rodrigovvo/projects/loja_spring/core.18042)
#
# If you would like to submit a bug report, please visit:
#   https://bugreport.java.com/bugreport/crash.jsp
#

---------------  S U M M A R Y ------------

Command Line: -Dcom.sun.management.jmxremote -Dcom.sun.management.jmxremote.port=41933 -Dcom.sun.management.jmxremote.authenticate=false -Dcom.sun.management.jmxremote.ssl=false -Djava.rmi.server.hostname=localhost -Dspring.jmx.enabled=true -Dspring.application.admin.enabled=true -Djava.security.egd=file:/dev/./urandom -XX:TieredStopAtLevel=1 -Dspring.boot.project.name=loja_spring -Dfile.encoding=UTF-8 com.dev.loja.LojaApplication

Host: Intel(R) Core(TM) i7-4600M CPU @ 2.90GHz, 4 cores, 7G, Ubuntu 20.04.1 LTS
Time: Sun Jan 10 17:46:48 2021 -03 elapsed time: 127.325107 seconds (0d 0h 2m 7s)

---------------  T H R E A D  ---------------

Current thread (0x00007fd5e8001c80):  GCTaskThread "GC Thread#2" [stack: 0x00007fd600107000,0x00007fd600207000] [id=18070]

Stack: [0x00007fd600107000,0x00007fd600207000],  sp=0x00007fd600205b30,  free space=1018k
Native frames: (J=compiled Java code, A=aot compiled Java code, j=interpreted, Vv=VM code, C=native code)
V  [libjvm.so+0x687aeb]  G1ParScanThreadState::copy_to_survivor_space(G1HeapRegionAttr, oopDesc*, markWord)+0x4b
V  [libjvm.so+0x6889db]  G1ParScanThreadState::trim_queue()+0x5ab
V  [libjvm.so+0x642388]  G1ParEvacuateFollowersClosure::do_void()+0x378
V  [libjvm.so+0x646e94]  G1EvacuateRegionsTask::evacuate_live_objects(G1ParScanThreadState*, unsigned int)+0x84
V  [libjvm.so+0x6444fa]  G1EvacuateRegionsBaseTask::work(unsigned int)+0xaa
V  [libjvm.so+0xd92c1d]  GangWorker::loop()+0x4d
V  [libjvm.so+0xcf724d]  Thread::call_run()+0xfd
V  [libjvm.so+0xb4a397]  thread_native_entry(Thread*)+0xe7


siginfo: si_signo: 11 (SIGSEGV), si_code: 1 (SEGV_MAPERR), si_addr: 0x0000000a0aa22a70

Register to memory mapping:

RAX=0x0000000000000001 is an unknown value
RBX=0x00007fd623f42cf0: <offset 0x00000000010e4cf0> in /home/rodrigovvo/Público/jdk-15.0.1/lib/server/libjvm.so at 0x00007fd622e5e000
RCX=0x0000000000000003 is an unknown value
RDX=0x00007fd623f42ce0: <offset 0x00000000010e4ce0> in /home/rodrigovvo/Público/jdk-15.0.1/lib/server/libjvm.so at 0x00007fd622e5e000
RSP=0x00007fd600205b30 points into unknown readable memory: 0x00007fd621e366d7 | d7 66 e3 21 d6 7f 00 00
RBP=0x00007fd600205bb0 points into unknown readable memory: 0x00007fd600205c10 | 10 5c 20 00 d6 7f 00 00
RSI=0x0000000000000001 is an unknown value
RDI=0x0000000a0aa22a68 is an unknown value
R8 =0x0000000000000001 is an unknown value
R9 =0x0000000089624978 is an oop: [B 
{0x0000000089624978} - klass: {type array byte}
 - length: 41
R10=0x00000000000008a2 is an unknown value
R11=0x0000000000000001 is an unknown value
R12=0x00007fd5a402b780 points into unknown readable memory: 0x00007fd623eb0790 | 90 07 eb 23 d6 7f 00 00
R13=0x000000008a2d1810 is pointing into object: [B 
{0x000000008a2d1808} - klass: {type array byte}
 - length: 34
R14=0x0000002200000890 is an unknown value
R15=0x0 is NULL


Registers:
RAX=0x0000000000000001, RBX=0x00007fd623f42cf0, RCX=0x0000000000000003, RDX=0x00007fd623f42ce0
RSP=0x00007fd600205b30, RBP=0x00007fd600205bb0, RSI=0x0000000000000001, RDI=0x0000000a0aa22a68
R8 =0x0000000000000001, R9 =0x0000000089624978, R10=0x00000000000008a2, R11=0x0000000000000001
R12=0x00007fd5a402b780, R13=0x000000008a2d1810, R14=0x0000002200000890, R15=0x0000000000000000
RIP=0x00007fd6234e5aeb, EFLAGS=0x0000000000010202, CSGSFS=0x002b000000000033, ERR=0x0000000000000004
  TRAPNO=0x000000000000000e

Top of Stack: (sp=0x00007fd600205b30)
0x00007fd600205b30:   00007fd621e366d7 0000000089600000
0x00007fd600205b40:   0000000000000001 0000000000000000
0x00007fd600205b50:   00007fd61c0c7bf0 0000000000000000
0x00007fd600205b60:   00000000a402b780 0000000089620000 

Instructions: (pc=0x00007fd6234e5aeb)
0x00007fd6234e59eb:   45 c8 e8 7e 41 0a 00 4c 8b 4d c0 4c 8b 45 c8 4c
0x00007fd6234e59fb:   89 f9 48 89 c2 48 8d 35 08 69 77 00 48 8d 3d 42
0x00007fd6234e5a0b:   27 7b 00 31 c0 e8 cb 38 f9 ff 49 8b 7d 08 41 8b
0x00007fd6234e5a1b:   b5 c8 01 00 00 4c 89 e1 48 89 da e8 95 2e fb ff
0x00007fd6234e5a2b:   41 8b 86 f4 00 00 00 49 8d bd a0 01 00 00 d1 e8
0x00007fd6234e5a3b:   83 e0 01 41 89 85 c0 01 00 00 48 8d 05 b0 5d ac
0x00007fd6234e5a4b:   00 80 38 00 74 3f 48 8d 05 88 d2 a5 00 8b 53 08
0x00007fd6234e5a5b:   8b 48 08 48 d3 e2 48 03 10 48 63 4a 0c 48 8d 05
0x00007fd6234e5a6b:   51 4f ac 00 48 89 de ff 14 c8 48 83 c4 18 48 89
0x00007fd6234e5a7b:   d8 5b 41 5c 41 5d 41 5e 41 5f 5d c3 66 0f 1f 84
0x00007fd6234e5a8b:   00 00 00 00 00 48 8b 53 08 eb ce 66 2e 0f 1f 84
0x00007fd6234e5a9b:   00 00 00 00 00 55 89 f0 41 89 f0 0f be c4 48 89
0x00007fd6234e5aab:   e5 41 57 41 56 49 89 ce 41 55 49 89 d5 41 54 49
0x00007fd6234e5abb:   89 fc 53 48 83 ec 58 66 89 45 b8 48 8d 05 2f 5d
0x00007fd6234e5acb:   ac 00 0f b6 00 84 c0 0f 84 08 05 00 00 8b 7a 08
0x00007fd6234e5adb:   48 8d 15 fe d1 a5 00 8b 4a 08 48 d3 e7 48 03 3a
0x00007fd6234e5aeb:   8b 5f 08 85 db 0f 8e 9a 04 00 00 f6 c3 01 0f 85
0x00007fd6234e5afb:   91 02 00 00 c1 fb 03 4c 63 fb 80 7d b8 00 0f 85
0x00007fd6234e5b0b:   51 01 00 00 4c 89 f0 41 f6 c6 01 0f 84 ac 02 00
0x00007fd6234e5b1b:   00 48 c1 e8 03 83 e0 0f 89 45 a8 41 3b 84 24 9c
0x00007fd6234e5b2b:   01 00 00 0f 83 33 01 00 00 49 8b 44 24 08 4c 89
0x00007fd6234e5b3b:   ea 45 31 db 49 8b bc 24 90 00 00 00 45 88 c3 48
0x00007fd6234e5b4b:   8b 80 00 01 00 00 8b 48 68 48 8b 40 58 48 d3 ea
0x00007fd6234e5b5b:   48 8b 04 d0 48 89 45 a0 8b 80 58 01 00 00 89 45
0x00007fd6234e5b6b:   b4 48 8b 57 10 8b 45 b4 45 31 d2 44 8b 47 20 48
0x00007fd6234e5b7b:   8b 04 c2 48 8b 50 38 4c 8b 48 30 45 85 c0 0f 84
0x00007fd6234e5b8b:   54 01 00 00 48 8d 35 5a e6 a5 00 41 0f b7 c8 48
0x00007fd6234e5b9b:   3b 0e 0f 8e 83 00 00 00 45 0f b7 c0 41 8d 48 ff
0x00007fd6234e5bab:   45 89 c2 41 f7 da 48 63 c9 4c 01 c9 4d 63 d2 49
0x00007fd6234e5bbb:   21 ca 4c 89 d6 4c 89 55 98 4c 29 ce 48 c1 ee 03
0x00007fd6234e5bcb:   48 89 f1 74 56 48 8d 35 f9 d9 a5 00 8b 36 44 8d
0x00007fd6234e5bdb:   56 01 f7 de 44 21 d6 48 63 f6 48 39 f1 0f 82 62 


Stack slot to memory mapping:
stack at sp + 0 slots: 0x00007fd621e366d7 points into unknown readable memory: ff
stack at sp + 1 slots: 0x0000000089600000 is an oop: nonapi.io.github.classgraph.fastzipfilereader.FastZipEntry 
{0x0000000089600000} - klass: 'nonapi/io/github/classgraph/fastzipfilereader/FastZipEntry'
stack at sp + 2 slots: 0x0000000000000001 is an unknown value
stack at sp + 3 slots: 0x0 is NULL
stack at sp + 4 slots: 0x00007fd61c0c7bf0 points into unknown readable memory: 0x000000008aa00000 | 00 00 a0 8a 00 00 00 00
stack at sp + 5 slots: 0x0 is NULL
stack at sp + 6 slots: 
[error occurred during error reporting (inspecting top of stack), id 0xb, SIGSEGV (0xb) at pc=0x00007fd623497760]


---------------  P R O C E S S  ---------------

Threads class SMR info:
_java_thread_list=0x00007fd5a00052d0, length=32, elements={
0x00007fd61c116300, 0x00007fd61c117a40, 0x00007fd61c11d630, 0x00007fd61c11ed40,
0x00007fd61c120520, 0x00007fd61c121c50, 0x00007fd61c12f5b0, 0x00007fd61c15ad40,
0x00007fd5d4000e60, 0x00007fd61c57de20, 0x00007fd61c586f90, 0x00007fd61c599ac0,
0x00007fd59c00d800, 0x00007fd5c0001a00, 0x00007fd59400c290, 0x00007fd58ca1c110,
0x00007fd58cdba310, 0x00007fd61c02a860, 0x00007fd594026c10, 0x00007fd5984cd740,
0x00007fd58cdd57b0, 0x00007fd58cca0dd0, 0x00007fd58cca1f90, 0x00007fd58cca2a30,
0x00007fd58cdca260, 0x00007fd5dc0033f0, 0x00007fd5f80234f0, 0x00007fd58cf10140,
0x00007fd5a00037c0, 0x00007fd5a0006a90, 0x00007fd5a0004050, 0x00007fd5a0004960
}

Java Threads: ( => current thread )
  0x00007fd61c116300 JavaThread "Reference Handler" daemon [_thread_blocked, id=18056, stack(0x00007fd620598000,0x00007fd620699000)]
  0x00007fd61c117a40 JavaThread "Finalizer" daemon [_thread_blocked, id=18057, stack(0x00007fd620497000,0x00007fd620598000)]
  0x00007fd61c11d630 JavaThread "Signal Dispatcher" daemon [_thread_blocked, id=18058, stack(0x00007fd620396000,0x00007fd620497000)]
  0x00007fd61c11ed40 JavaThread "Service Thread" daemon [_thread_blocked, id=18059, stack(0x00007fd620295000,0x00007fd620396000)]
  0x00007fd61c120520 JavaThread "C1 CompilerThread0" daemon [_thread_blocked, id=18060, stack(0x00007fd620194000,0x00007fd620295000)]
  0x00007fd61c121c50 JavaThread "Sweeper thread" daemon [_thread_blocked, id=18061, stack(0x00007fd620093000,0x00007fd620194000)]
  0x00007fd61c12f5b0 JavaThread "Common-Cleaner" daemon [_thread_blocked, id=18062, stack(0x00007fd600935000,0x00007fd600a36000)]
  0x00007fd61c15ad40 JavaThread "Notification Thread" daemon [_thread_blocked, id=18063, stack(0x00007fd600834000,0x00007fd600935000)]
  0x00007fd5d4000e60 JavaThread "Attach Listener" daemon [_thread_blocked, id=18064, stack(0x00007fd600733000,0x00007fd600834000)]
  0x00007fd61c57de20 JavaThread "RMI TCP Accept-0" daemon [_thread_in_native, id=18065, stack(0x00007fd60060d000,0x00007fd60070e000)]
  0x00007fd61c586f90 JavaThread "RMI TCP Accept-41933" daemon [_thread_in_native, id=18066, stack(0x00007fd60050c000,0x00007fd60060d000)]
  0x00007fd61c599ac0 JavaThread "RMI TCP Accept-0" daemon [_thread_in_native, id=18067, stack(0x00007fd60040b000,0x00007fd60050c000)]
  0x00007fd59c00d800 JavaThread "RMI Scheduler(0)" daemon [_thread_blocked, id=18073, stack(0x00007fd5f1dd1000,0x00007fd5f1ed2000)]
  0x00007fd5c0001a00 JavaThread "RMI TCP Connection(4)-127.0.0.1" daemon [_thread_in_native, id=18078, stack(0x00007fd5f1cd0000,0x00007fd5f1dd1000)]
  0x00007fd59400c290 JavaThread "JMX server connection timeout 23" daemon [_thread_blocked, id=18082, stack(0x00007fd5f19cd000,0x00007fd5f1ace000)]
  0x00007fd58ca1c110 JavaThread "mysql-cj-abandoned-connection-cleanup" daemon [_thread_blocked, id=18093, stack(0x00007fd5f16cb000,0x00007fd5f17cc000)]
  0x00007fd58cdba310 JavaThread "Live Reload Server" daemon [_thread_in_native, id=18198, stack(0x00007fd582df5000,0x00007fd582ef6000)]
  0x00007fd61c02a860 JavaThread "DestroyJavaVM" [_thread_blocked, id=18048, stack(0x00007fd622c0e000,0x00007fd622d0f000)]
  0x00007fd594026c10 JavaThread "Thread-6" [_thread_blocked, id=18375, stack(0x00007fd5f1ed2000,0x00007fd5f1fd3000)]
  0x00007fd5984cd740 JavaThread "restartedMain" [_thread_blocked, id=18380, stack(0x00007fd583cff000,0x00007fd583e00000)]
  0x00007fd58cdd57b0 JavaThread "HikariPool-2 housekeeper" daemon [_thread_blocked, id=18382, stack(0x00007fd5f00c3000,0x00007fd5f01c4000)]
  0x00007fd58cca0dd0 JavaThread "Catalina-utility-1" [_thread_blocked, id=18383, stack(0x00007fd583bfe000,0x00007fd583cff000)]
  0x00007fd58cca1f90 JavaThread "Catalina-utility-2" [_thread_blocked, id=18384, stack(0x00007fd583afd000,0x00007fd583bfe000)]
  0x00007fd58cca2a30 JavaThread "container-0" [_thread_blocked, id=18385, stack(0x00007fd5829f1000,0x00007fd582af2000)]
  0x00007fd58cdca260 JavaThread "task-1" [_thread_blocked, id=18386, stack(0x00007fd581a40000,0x00007fd581b41000)]
  0x00007fd5dc0033f0 JavaThread "HikariPool-2 connection adder" daemon [_thread_blocked, id=18387, stack(0x00007fd581d43000,0x00007fd581e44000)]
  0x00007fd5f80234f0 JavaThread "task-2" [_thread_blocked, id=18389, stack(0x00007fd582ef6000,0x00007fd582ff7000)]
  0x00007fd58cf10140 JavaThread "ClassGraph-worker-168" daemon [_thread_blocked, id=18462, stack(0x00007fd581c42000,0x00007fd581d43000)]
  0x00007fd5a00037c0 JavaThread "ClassGraph-worker-169" daemon [_thread_blocked, id=18463, stack(0x00007fd581b41000,0x00007fd581c42000)]
  0x00007fd5a0006a90 JavaThread "ClassGraph-worker-170" daemon [_thread_blocked, id=18464, stack(0x00007fd58173d000,0x00007fd58183e000)]
  0x00007fd5a0004050 JavaThread "ClassGraph-worker-171" daemon [_thread_blocked, id=18465, stack(0x00007fd58183e000,0x00007fd58193f000)]
  0x00007fd5a0004960 JavaThread "ClassGraph-worker-172" daemon [_thread_blocked, id=18466, stack(0x00007fd582ff7000,0x00007fd5830f8000)]

Other Threads:
  0x00007fd61c1136c0 VMThread "VM Thread" [stack: 0x00007fd62069b000,0x00007fd62079b000] [id=18055]
  0x00007fd61c59b960 WatcherThread [stack: 0x00007fd60030b000,0x00007fd60040b000] [id=18068]
  0x00007fd61c068420 GCTaskThread "GC Thread#0" [stack: 0x00007fd621908000,0x00007fd621a08000] [id=18050]
  0x00007fd5e8000f20 GCTaskThread "GC Thread#1" [stack: 0x00007fd600209000,0x00007fd600309000] [id=18069]
=>0x00007fd5e8001c80 GCTaskThread "GC Thread#2" [stack: 0x00007fd600107000,0x00007fd600207000] [id=18070]
  0x00007fd5e80066d0 GCTaskThread "GC Thread#3" [stack: 0x00007fd5f0dc8000,0x00007fd5f0ec8000] [id=18086]
  0x00007fd61c079340 ConcurrentGCThread "G1 Main Marker" [stack: 0x00007fd621806000,0x00007fd621906000] [id=18051]
  0x00007fd61c07a5d0 ConcurrentGCThread "G1 Conc#0" [stack: 0x00007fd621704000,0x00007fd621804000] [id=18052]
  0x00007fd61c0dff60 ConcurrentGCThread "G1 Refine#0" [stack: 0x00007fd6211fe000,0x00007fd6212fe000] [id=18053]
  0x00007fd5ec000d20 ConcurrentGCThread "G1 Refine#1" [stack: 0x00007fd600005000,0x00007fd600105000] [id=18071]
  0x00007fd61c0e1170 ConcurrentGCThread "G1 Young RemSet Sampling" [stack: 0x00007fd6210fc000,0x00007fd6211fc000] [id=18054]

Threads with active compile tasks:

VM state: at safepoint (normal execution)

VM Mutex/Monitor currently owned by a thread:  ([mutex/lock_event])
[0x00007fd61c027170] Threads_lock - owner thread: 0x00007fd61c1136c0
[0x00007fd61c0279b0] Heap_lock - owner thread: 0x00007fd5a00037c0

Heap address: 0x0000000085200000, size: 1966 MB, Compressed Oops mode: 32-bit
CDS archive(s) mapped at: [0x0000000800000000-0x0000000800b33000-0x0000000800b33000), size 11743232, SharedBaseAddress: 0x0000000800000000, ArchiveRelocationMode: 0.
Compressed class space mapped at: 0x0000000800b34000-0x0000000840b34000, size: 1073741824
Narrow klass base: 0x0000000800000000, Narrow klass shift: 3, Narrow klass range: 0x100000000

GC Precious Log:
 CPUs: 4 total, 4 available
 Memory: 7858M
 Large Page Support: Disabled
 NUMA Support: Disabled
 Compressed Oops: Enabled (32-bit)
 Heap Region Size: 1M
 Heap Min Capacity: 8M
 Heap Initial Capacity: 124M
 Heap Max Capacity: 1966M
 Pre-touch: Disabled
 Parallel Workers: 4
 Concurrent Workers: 1
 Concurrent Refinement Workers: 4
 Periodic GC: Disabled

Heap:
 garbage-first heap   total 105472K, used 79120K [0x0000000085200000, 0x0000000100000000)
  region size 1024K, 33 young (33792K), 5 survivors (5120K)
 Metaspace       used 65382K, capacity 66193K, committed 67152K, reserved 1107968K
  class space    used 8717K, capacity 8970K, committed 9044K, reserved 1048576K

Heap Regions: E=young(eden), S=young(survivor), O=old, HS=humongous(starts), HC=humongous(continues), CS=collection set, F=free, OA=open archive, CA=closed archive, TAMS=top-at-mark-start (previous, next)
|   0|0x0000000085200000, 0x0000000085300000, 0x0000000085300000|100%|HS|  |TAMS 0x0000000085200000, 0x0000000085300000| Untracked 
|   1|0x0000000085300000, 0x00000000853fba08, 0x0000000085400000| 98%| O|  |TAMS 0x0000000085300000, 0x00000000853fba08| Untracked 
|   2|0x0000000085400000, 0x00000000854fe058, 0x0000000085500000| 99%| O|  |TAMS 0x0000000085400000, 0x00000000854fe058| Untracked 
|   3|0x0000000085500000, 0x0000000085600000, 0x0000000085600000|100%| O|  |TAMS 0x0000000085500000, 0x0000000085600000| Untracked 
|   4|0x0000000085600000, 0x00000000856f8358, 0x0000000085700000| 96%| O|  |TAMS 0x0000000085600000, 0x00000000856f8358| Untracked 
|   5|0x0000000085700000, 0x00000000857fffd0, 0x0000000085800000| 99%| O|  |TAMS 0x0000000085700000, 0x00000000857fffd0| Untracked 
|   6|0x0000000085800000, 0x00000000858f9660, 0x0000000085900000| 97%| O|  |TAMS 0x0000000085800000, 0x00000000858f9660| Untracked 
|   7|0x0000000085900000, 0x00000000859fffc8, 0x0000000085a00000| 99%| O|  |TAMS 0x0000000085900000, 0x00000000859fffc8| Untracked 
|   8|0x0000000085a00000, 0x0000000085affff8, 0x0000000085b00000| 99%| O|  |TAMS 0x0000000085a00000, 0x0000000085affff8| Untracked 
|   9|0x0000000085b00000, 0x0000000085bfff80, 0x0000000085c00000| 99%| O|  |TAMS 0x0000000085b00000, 0x0000000085bfff80| Untracked 
|  10|0x0000000085c00000, 0x0000000085cffff0, 0x0000000085d00000| 99%| O|  |TAMS 0x0000000085c00000, 0x0000000085cffff0| Untracked 
|  11|0x0000000085d00000, 0x0000000085dffff8, 0x0000000085e00000| 99%| O|  |TAMS 0x0000000085d00000, 0x0000000085dffff8| Untracked 
|  12|0x0000000085e00000, 0x0000000085efffd8, 0x0000000085f00000| 99%| O|  |TAMS 0x0000000085e00000, 0x0000000085efffd8| Untracked 
|  13|0x0000000085f00000, 0x0000000085fffff8, 0x0000000086000000| 99%| O|  |TAMS 0x0000000085f00000, 0x0000000085fffff8| Untracked 
|  14|0x0000000086000000, 0x00000000860ffff0, 0x0000000086100000| 99%| O|  |TAMS 0x0000000086000000, 0x00000000860ffff0| Untracked 
|  15|0x0000000086100000, 0x0000000086200000, 0x0000000086200000|100%| O|  |TAMS 0x0000000086100000, 0x0000000086200000| Untracked 
|  16|0x0000000086200000, 0x00000000862ffff0, 0x0000000086300000| 99%| O|  |TAMS 0x0000000086200000, 0x00000000862ffff0| Untracked 
|  17|0x0000000086300000, 0x00000000863ffff8, 0x0000000086400000| 99%| O|  |TAMS 0x0000000086300000, 0x00000000863ffff8| Untracked 
|  18|0x0000000086400000, 0x00000000864ffff8, 0x0000000086500000| 99%| O|  |TAMS 0x0000000086400000, 0x00000000864ffff8| Untracked 
|  19|0x0000000086500000, 0x00000000865ffad0, 0x0000000086600000| 99%| O|  |TAMS 0x0000000086500000, 0x00000000865ffad0| Untracked 
|  20|0x0000000086600000, 0x00000000866fffe8, 0x0000000086700000| 99%| O|  |TAMS 0x0000000086600000, 0x00000000866fffe8| Untracked 
|  21|0x0000000086700000, 0x00000000867fffe8, 0x0000000086800000| 99%| O|  |TAMS 0x0000000086700000, 0x00000000867fffe8| Untracked 
|  22|0x0000000086800000, 0x00000000868ffb88, 0x0000000086900000| 99%| O|  |TAMS 0x0000000086800000, 0x00000000868ffb88| Untracked 
|  23|0x0000000086900000, 0x0000000086a00000, 0x0000000086a00000|100%| O|  |TAMS 0x0000000086900000, 0x0000000086a00000| Untracked 
|  24|0x0000000086a00000, 0x0000000086aff4c0, 0x0000000086b00000| 99%| O|  |TAMS 0x0000000086a00000, 0x0000000086aff4c0| Untracked 
|  25|0x0000000086b00000, 0x0000000086bce4a0, 0x0000000086c00000| 80%| O|  |TAMS 0x0000000086b00000, 0x0000000086bce4a0| Untracked 
|  26|0x0000000086c00000, 0x0000000086d00000, 0x0000000086d00000|100%| O|  |TAMS 0x0000000086c00000, 0x0000000086c00000| Untracked 
|  27|0x0000000086d00000, 0x0000000086dffff0, 0x0000000086e00000| 99%| O|  |TAMS 0x0000000086d00000, 0x0000000086dffff0| Untracked 
|  28|0x0000000086e00000, 0x0000000086f00000, 0x0000000086f00000|100%| O|  |TAMS 0x0000000086e00000, 0x0000000086f00000| Untracked 
|  29|0x0000000086f00000, 0x0000000086ffffd0, 0x0000000087000000| 99%| O|  |TAMS 0x0000000086f00000, 0x0000000086ffffd0| Untracked 
|  30|0x0000000087000000, 0x00000000870f75d8, 0x0000000087100000| 96%| O|  |TAMS 0x0000000087000000, 0x00000000870f75d8| Untracked 
|  31|0x0000000087100000, 0x00000000871ffff0, 0x0000000087200000| 99%| O|  |TAMS 0x0000000087100000, 0x00000000871ffff0| Untracked 
|  32|0x0000000087200000, 0x0000000087300000, 0x0000000087300000|100%| O|  |TAMS 0x0000000087200000, 0x0000000087300000| Untracked 
|  33|0x0000000087300000, 0x0000000087400000, 0x0000000087400000|100%| O|  |TAMS 0x0000000087300000, 0x0000000087400000| Untracked 
|  34|0x0000000087400000, 0x0000000087500000, 0x0000000087500000|100%| O|  |TAMS 0x0000000087400000, 0x0000000087500000| Untracked 
|  35|0x0000000087500000, 0x0000000087600000, 0x0000000087600000|100%| O|  |TAMS 0x0000000087500000, 0x0000000087600000| Untracked 
|  36|0x0000000087600000, 0x0000000087700000, 0x0000000087700000|100%| O|  |TAMS 0x0000000087600000, 0x0000000087700000| Untracked 
|  37|0x0000000087700000, 0x0000000087800000, 0x0000000087800000|100%| O|  |TAMS 0x0000000087700000, 0x0000000087800000| Untracked 
|  38|0x0000000087800000, 0x000000008780ff78, 0x0000000087900000|  6%| O|  |TAMS 0x0000000087800000, 0x000000008780ff78| Untracked 
|  39|0x0000000087900000, 0x0000000087a00000, 0x0000000087a00000|100%| O|  |TAMS 0x0000000087900000, 0x0000000087a00000| Untracked 
|  40|0x0000000087a00000, 0x0000000087b00000, 0x0000000087b00000|100%| O|  |TAMS 0x0000000087a00000, 0x0000000087b00000| Untracked 
|  41|0x0000000087b00000, 0x0000000087c00000, 0x0000000087c00000|100%| O|  |TAMS 0x0000000087b00000, 0x0000000087c00000| Untracked 
|  42|0x0000000087c00000, 0x0000000087d00000, 0x0000000087d00000|100%| O|  |TAMS 0x0000000087c00000, 0x0000000087d00000| Untracked 
|  43|0x0000000087d00000, 0x0000000087e00000, 0x0000000087e00000|100%| O|  |TAMS 0x0000000087d00000, 0x0000000087e00000| Untracked 
|  44|0x0000000087e00000, 0x0000000087f00000, 0x0000000087f00000|100%| O|  |TAMS 0x0000000087e00000, 0x0000000087f00000| Untracked 
|  45|0x0000000087f00000, 0x0000000088000000, 0x0000000088000000|100%| O|  |TAMS 0x0000000087f00000, 0x0000000087fb6a00| Untracked 
|  46|0x0000000088000000, 0x0000000088100000, 0x0000000088100000|100%| O|  |TAMS 0x0000000088000000, 0x0000000088000000| Untracked 
|  47|0x0000000088100000, 0x0000000088200000, 0x0000000088200000|100%| O|  |TAMS 0x0000000088100000, 0x0000000088100000| Untracked 
|  48|0x0000000088200000, 0x0000000088300000, 0x0000000088300000|100%| O|  |TAMS 0x0000000088200000, 0x0000000088200000| Untracked 
|  49|0x0000000088300000, 0x0000000088400000, 0x0000000088400000|100%| O|  |TAMS 0x0000000088300000, 0x0000000088300000| Untracked 
|  50|0x0000000088400000, 0x0000000088500000, 0x0000000088500000|100%| O|  |TAMS 0x0000000088400000, 0x0000000088400000| Untracked 
|  51|0x0000000088500000, 0x0000000088600000, 0x0000000088600000|100%| O|  |TAMS 0x0000000088500000, 0x0000000088500000| Untracked 
|  52|0x0000000088600000, 0x00000000886da778, 0x0000000088700000| 85%| O|  |TAMS 0x0000000088600000, 0x0000000088600000| Untracked 
|  53|0x0000000088700000, 0x0000000088700000, 0x0000000088800000|  0%| F|  |TAMS 0x0000000088700000, 0x0000000088700000| Untracked 
|  54|0x0000000088800000, 0x0000000088800000, 0x0000000088900000|  0%| F|  |TAMS 0x0000000088800000, 0x0000000088800000| Untracked 
|  55|0x0000000088900000, 0x0000000088900000, 0x0000000088a00000|  0%| F|  |TAMS 0x0000000088900000, 0x0000000088900000| Untracked 
|  56|0x0000000088a00000, 0x0000000088a00000, 0x0000000088b00000|  0%| F|  |TAMS 0x0000000088a00000, 0x0000000088a00000| Untracked 
|  57|0x0000000088b00000, 0x0000000088b00000, 0x0000000088c00000|  0%| F|  |TAMS 0x0000000088b00000, 0x0000000088b00000| Untracked 
|  58|0x0000000088c00000, 0x0000000088c00000, 0x0000000088d00000|  0%| F|  |TAMS 0x0000000088c00000, 0x0000000088c00000| Untracked 
|  59|0x0000000088d00000, 0x0000000088d00000, 0x0000000088e00000|  0%| F|  |TAMS 0x0000000088d00000, 0x0000000088d00000| Untracked 
|  60|0x0000000088e00000, 0x0000000088e00000, 0x0000000088f00000|  0%| F|  |TAMS 0x0000000088e00000, 0x0000000088e00000| Untracked 
|  61|0x0000000088f00000, 0x0000000088f00000, 0x0000000089000000|  0%| F|  |TAMS 0x0000000088f00000, 0x0000000088f00000| Untracked 
|  62|0x0000000089000000, 0x0000000089000000, 0x0000000089100000|  0%| F|  |TAMS 0x0000000089000000, 0x0000000089000000| Untracked 
|  63|0x0000000089100000, 0x0000000089200000, 0x0000000089200000|100%| E|CS|TAMS 0x0000000089100000, 0x0000000089200000| Complete 
|  64|0x0000000089200000, 0x0000000089300000, 0x0000000089300000|100%| E|CS|TAMS 0x0000000089200000, 0x0000000089300000| Complete 
|  65|0x0000000089300000, 0x0000000089400000, 0x0000000089400000|100%| E|CS|TAMS 0x0000000089300000, 0x0000000089400000| Complete 
|  66|0x0000000089400000, 0x0000000089500000, 0x0000000089500000|100%| E|CS|TAMS 0x0000000089400000, 0x0000000089500000| Complete 
|  67|0x0000000089500000, 0x0000000089600000, 0x0000000089600000|100%| E|CS|TAMS 0x0000000089500000, 0x0000000089600000| Complete 
|  68|0x0000000089600000, 0x0000000089700000, 0x0000000089700000|100%| S|  |TAMS 0x0000000089600000, 0x0000000089600000| Complete 
|  69|0x0000000089700000, 0x0000000089800000, 0x0000000089800000|100%| S|  |TAMS 0x0000000089700000, 0x0000000089700000| Complete 
|  70|0x0000000089800000, 0x0000000089900000, 0x0000000089900000|100%| S|  |TAMS 0x0000000089800000, 0x0000000089800000| Complete 
|  71|0x0000000089900000, 0x0000000089a00000, 0x0000000089a00000|100%| S|  |TAMS 0x0000000089900000, 0x0000000089900000| Complete 
|  72|0x0000000089a00000, 0x0000000089b00000, 0x0000000089b00000|100%| S|  |TAMS 0x0000000089a00000, 0x0000000089a00000| Complete 
|  73|0x0000000089b00000, 0x0000000089c00000, 0x0000000089c00000|100%| E|CS|TAMS 0x0000000089b00000, 0x0000000089c00000| Complete 
|  74|0x0000000089c00000, 0x0000000089d00000, 0x0000000089d00000|100%| E|CS|TAMS 0x0000000089c00000, 0x0000000089d00000| Complete 
|  75|0x0000000089d00000, 0x0000000089e00000, 0x0000000089e00000|100%| E|CS|TAMS 0x0000000089d00000, 0x0000000089e00000| Complete 
|  76|0x0000000089e00000, 0x0000000089f00000, 0x0000000089f00000|100%| E|CS|TAMS 0x0000000089e00000, 0x0000000089f00000| Complete 
|  77|0x0000000089f00000, 0x000000008a000000, 0x000000008a000000|100%| E|CS|TAMS 0x0000000089f00000, 0x000000008a000000| Complete 
|  78|0x000000008a000000, 0x000000008a100000, 0x000000008a100000|100%| E|CS|TAMS 0x000000008a000000, 0x000000008a100000| Complete 
|  79|0x000000008a100000, 0x000000008a200000, 0x000000008a200000|100%| E|CS|TAMS 0x000000008a100000, 0x000000008a200000| Complete 
|  80|0x000000008a200000, 0x000000008a300000, 0x000000008a300000|100%| E|CS|TAMS 0x000000008a200000, 0x000000008a300000| Complete 
|  81|0x000000008a300000, 0x000000008a400000, 0x000000008a400000|100%| E|CS|TAMS 0x000000008a300000, 0x000000008a400000| Complete 
|  82|0x000000008a400000, 0x000000008a500000, 0x000000008a500000|100%| E|CS|TAMS 0x000000008a400000, 0x000000008a500000| Complete 
|  83|0x000000008a500000, 0x000000008a600000, 0x000000008a600000|100%| E|CS|TAMS 0x000000008a500000, 0x000000008a600000| Complete 
|  84|0x000000008a600000, 0x000000008a700000, 0x000000008a700000|100%| E|CS|TAMS 0x000000008a600000, 0x000000008a700000| Complete 
|  85|0x000000008a700000, 0x000000008a800000, 0x000000008a800000|100%| E|CS|TAMS 0x000000008a700000, 0x000000008a800000| Complete 
|  86|0x000000008a800000, 0x000000008a900000, 0x000000008a900000|100%| E|CS|TAMS 0x000000008a800000, 0x000000008a900000| Complete 
|  87|0x000000008a900000, 0x000000008aa00000, 0x000000008aa00000|100%| E|CS|TAMS 0x000000008a900000, 0x000000008aa00000| Complete 
|  88|0x000000008aa00000, 0x000000008ab00000, 0x000000008ab00000|100%| E|CS|TAMS 0x000000008aa00000, 0x000000008ab00000| Complete 
|  89|0x000000008ab00000, 0x000000008ac00000, 0x000000008ac00000|100%| E|CS|TAMS 0x000000008ab00000, 0x000000008ac00000| Complete 
|  90|0x000000008ac00000, 0x000000008ad00000, 0x000000008ad00000|100%| E|CS|TAMS 0x000000008ac00000, 0x000000008ad00000| Complete 
|  91|0x000000008ad00000, 0x000000008ae00000, 0x000000008ae00000|100%| E|CS|TAMS 0x000000008ad00000, 0x000000008ae00000| Complete 
|  92|0x000000008ae00000, 0x000000008af00000, 0x000000008af00000|100%| E|CS|TAMS 0x000000008ae00000, 0x000000008af00000| Complete 
|  93|0x000000008af00000, 0x000000008b000000, 0x000000008b000000|100%| E|CS|TAMS 0x000000008af00000, 0x000000008b000000| Complete 
|  94|0x000000008b000000, 0x000000008b100000, 0x000000008b100000|100%| E|CS|TAMS 0x000000008b000000, 0x000000008b100000| Complete 
|  95|0x000000008b100000, 0x000000008b200000, 0x000000008b200000|100%| E|CS|TAMS 0x000000008b100000, 0x000000008b200000| Complete 
|  96|0x000000008b200000, 0x000000008b300000, 0x000000008b300000|100%| E|CS|TAMS 0x000000008b200000, 0x000000008b300000| Complete 
|  97|0x000000008b300000, 0x000000008b400000, 0x000000008b400000|100%| E|CS|TAMS 0x000000008b300000, 0x000000008b400000| Complete 
|  98|0x000000008b400000, 0x000000008b500000, 0x000000008b500000|100%| E|CS|TAMS 0x000000008b400000, 0x000000008b500000| Complete 
|  99|0x000000008b500000, 0x000000008b600000, 0x000000008b600000|100%| E|CS|TAMS 0x000000008b500000, 0x000000008b600000| Complete 
| 123|0x000000008cd00000, 0x000000008ce00000, 0x000000008ce00000|100%| E|CS|TAMS 0x000000008cd00000, 0x000000008ce00000| Complete 
|1964|0x00000000ffe00000, 0x00000000ffe52000, 0x00000000fff00000| 32%|OA|  |TAMS 0x00000000ffe52000, 0x00000000ffe52000| Untracked 
|1965|0x00000000fff00000, 0x00000000fff7c000, 0x0000000100000000| 48%|CA|  |TAMS 0x00000000fff7c000, 0x00000000fff7c000| Untracked 

Card table byte_map: [0x00007fd621e21000,0x00007fd6221f8000] _byte_map_base: 0x00007fd6219f8000

Marking Bits (Prev, Next): (CMBitMap*) 0x00007fd61c069200, (CMBitMap*) 0x00007fd61c0691c0
 Prev Bits: [0x00007fd600fa8000, 0x00007fd602e60000)
 Next Bits: [0x00007fd602e60000, 0x00007fd604d18000)

Polling page: 0x00007fd624262000

Metaspace:

Usage:
  Non-class:     55,88 MB capacity,    55,34 MB (>99%) used,   463,05 KB ( <1%) free+waste,    94,38 KB ( <1%) overhead. 
      Class:      8,76 MB capacity,     8,51 MB ( 97%) used,   213,51 KB (  2%) free+waste,    39,12 KB ( <1%) overhead. 
       Both:     64,64 MB capacity,    63,85 MB ( 99%) used,   676,56 KB (  1%) free+waste,   133,50 KB ( <1%) overhead. 

Virtual space:
  Non-class space:       58,00 MB reserved,      56,75 MB ( 98%) committed 
      Class space:        1,00 GB reserved,       8,83 MB ( <1%) committed 
             Both:        1,06 GB reserved,      65,58 MB (  6%) committed 

Chunk freelists:
   Non-Class:  773,00 KB
       Class:  6,00 KB
        Both:  779,00 KB

MaxMetaspaceSize: 17179869184,00 GB
CompressedClassSpaceSize: 1,00 GB

CodeHeap 'non-profiled nmethods': size=238948Kb used=11873Kb max_used=11873Kb free=227074Kb
 bounds [0x00007fd6053bf000, 0x00007fd605f5f000, 0x00007fd613d18000]
CodeHeap 'non-nmethods': size=6812Kb used=2369Kb max_used=2369Kb free=4442Kb
 bounds [0x00007fd604d18000, 0x00007fd604f88000, 0x00007fd6053bf000]
 total_blobs=8219 nmethods=7344 adapters=802
 compilation: enabled
              stopped_count=0, restarted_count=0
 full_count=0

Compilation events (20 events):
Event: 127,202 Thread 0x00007fd61c120520 7332 %     1       io.github.classgraph.ResourceList::filter @ 13 (56 bytes)
Event: 127,202 Thread 0x00007fd61c120520 nmethod 7332% 0x00007fd605f51c90 code [0x00007fd605f51ea0, 0x00007fd605f52610]
Event: 127,202 Thread 0x00007fd61c120520 7334       1       java.security.AccessController::getContext (23 bytes)
Event: 127,202 Thread 0x00007fd61c120520 nmethod 7334 0x00007fd605f52990 code [0x00007fd605f52b40, 0x00007fd605f52c90]
Event: 127,203 Thread 0x00007fd61c120520 7335   !   1       java.lang.Thread::interrupt (66 bytes)
Event: 127,204 Thread 0x00007fd61c120520 nmethod 7335 0x00007fd605f53110 code [0x00007fd605f532e0, 0x00007fd605f535b0]
Event: 127,204 Thread 0x00007fd61c120520 7337       1       io.github.classgraph.ResourceList::filter (56 bytes)
Event: 127,205 Thread 0x00007fd61c120520 nmethod 7337 0x00007fd605f53710 code [0x00007fd605f53920, 0x00007fd605f54010]
Event: 127,205 Thread 0x00007fd61c120520 7338       1       jdk.internal.reflect.UnsafeObjectFieldAccessorImpl::get (17 bytes)
Event: 127,205 Thread 0x00007fd61c120520 nmethod 7338 0x00007fd605f54410 code [0x00007fd605f545e0, 0x00007fd605f548f0]
Event: 127,206 Thread 0x00007fd61c120520 7339       1       java.security.AccessControlContext::optimize (319 bytes)
Event: 127,206 Thread 0x00007fd61c120520 nmethod 7339 0x00007fd605f54b10 code [0x00007fd605f54da0, 0x00007fd605f557a0]
Event: 127,207 Thread 0x00007fd61c120520 7340       1       java.util.concurrent.locks.LockSupport::parkNanos (29 bytes)
Event: 127,207 Thread 0x00007fd61c120520 nmethod 7340 0x00007fd605f55c90 code [0x00007fd605f55e20, 0x00007fd605f55fe0]
Event: 127,209 Thread 0x00007fd61c120520 7341       1       nonapi.io.github.classgraph.scanspec.WhiteBlackList::<init> (10 bytes)
Event: 127,209 Thread 0x00007fd61c120520 nmethod 7341 0x00007fd605f56090 code [0x00007fd605f56220, 0x00007fd605f562d0]
Event: 127,209 Thread 0x00007fd61c120520 7342       1       nonapi.io.github.classgraph.scanspec.WhiteBlackList::sortPrefixes (51 bytes)
Event: 127,209 Thread 0x00007fd61c120520 nmethod 7342 0x00007fd605f56710 code [0x00007fd605f568e0, 0x00007fd605f56b80]
Event: 127,209 Thread 0x00007fd61c120520 7343       1       java.lang.Thread::setPriority (56 bytes)
Event: 127,209 Thread 0x00007fd61c120520 nmethod 7343 0x00007fd605f57110 code [0x00007fd605f572c0, 0x00007fd605f574c0]

GC Heap History (20 events):
Event: 3,938 GC heap after
{Heap after GC invocations=16 (full 0):
 garbage-first heap   total 105472K, used 34011K [0x0000000085200000, 0x0000000100000000)
  region size 1024K, 5 young (5120K), 5 survivors (5120K)
 Metaspace       used 48288K, capacity 48828K, committed 49616K, reserved 1091584K
  class space    used 6419K, capacity 6601K, committed 6612K, reserved 1048576K
}
Event: 4,176 GC heap before
{Heap before GC invocations=16 (full 0):
 garbage-first heap   total 105472K, used 79067K [0x0000000085200000, 0x0000000100000000)
  region size 1024K, 47 young (48128K), 5 survivors (5120K)
 Metaspace       used 52691K, capacity 53251K, committed 54096K, reserved 1095680K
  class space    used 7037K, capacity 7219K, committed 7252K, reserved 1048576K
}
Event: 4,189 GC heap after
{Heap after GC invocations=17 (full 0):
 garbage-first heap   total 105472K, used 40169K [0x0000000085200000, 0x0000000100000000)
  region size 1024K, 6 young (6144K), 6 survivors (6144K)
 Metaspace       used 52691K, capacity 53251K, committed 54096K, reserved 1095680K
  class space    used 7037K, capacity 7219K, committed 7252K, reserved 1048576K
}
Event: 4,557 GC heap before
{Heap before GC invocations=17 (full 0):
 garbage-first heap   total 105472K, used 76009K [0x0000000085200000, 0x0000000100000000)
  region size 1024K, 42 young (43008K), 6 survivors (6144K)
 Metaspace       used 57461K, capacity 58072K, committed 59088K, reserved 1099776K
  class space    used 7665K, capacity 7856K, committed 7892K, reserved 1048576K
}
Event: 4,572 GC heap after
{Heap after GC invocations=18 (full 0):
 garbage-first heap   total 105472K, used 43667K [0x0000000085200000, 0x0000000100000000)
  region size 1024K, 4 young (4096K), 4 survivors (4096K)
 Metaspace       used 57461K, capacity 58072K, committed 59088K, reserved 1099776K
  class space    used 7665K, capacity 7856K, committed 7892K, reserved 1048576K
}
Event: 22,323 GC heap before
{Heap before GC invocations=18 (full 0):
 garbage-first heap   total 105472K, used 78483K [0x0000000085200000, 0x0000000100000000)
  region size 1024K, 38 young (38912K), 4 survivors (4096K)
 Metaspace       used 60763K, capacity 61412K, committed 62672K, reserved 1103872K
  class space    used 8115K, capacity 8307K, committed 8404K, reserved 1048576K
}
Event: 22,331 GC heap after
{Heap after GC invocations=19 (full 0):
 garbage-first heap   total 105472K, used 45471K [0x0000000085200000, 0x0000000100000000)
  region size 1024K, 2 young (2048K), 2 survivors (2048K)
 Metaspace       used 60763K, capacity 61412K, committed 62672K, reserved 1103872K
  class space    used 8115K, capacity 8307K, committed 8404K, reserved 1048576K
}
Event: 22,887 GC heap before
{Heap before GC invocations=19 (full 0):
 garbage-first heap   total 105472K, used 80287K [0x0000000085200000, 0x0000000100000000)
  region size 1024K, 37 young (37888K), 2 survivors (2048K)
 Metaspace       used 63955K, capacity 64693K, committed 65744K, reserved 1105920K
  class space    used 8540K, capacity 8804K, committed 8916K, reserved 1048576K
}
Event: 22,902 GC heap after
{Heap after GC invocations=20 (full 0):
 garbage-first heap   total 105472K, used 50694K [0x0000000085200000, 0x0000000100000000)
  region size 1024K, 5 young (5120K), 5 survivors (5120K)
 Metaspace       used 63955K, capacity 64693K, committed 65744K, reserved 1105920K
  class space    used 8540K, capacity 8804K, committed 8916K, reserved 1048576K
}
Event: 126,475 GC heap before
{Heap before GC invocations=20 (full 0):
 garbage-first heap   total 105472K, used 60934K [0x0000000085200000, 0x0000000100000000)
  region size 1024K, 17 young (17408K), 5 survivors (5120K)
 Metaspace       used 64957K, capacity 65709K, committed 66768K, reserved 1107968K
  class space    used 8674K, capacity 8906K, committed 8916K, reserved 1048576K
}
Event: 126,538 GC heap after
{Heap after GC invocations=21 (full 1):
 garbage-first heap   total 105472K, used 31285K [0x0000000085200000, 0x0000000100000000)
  region size 1024K, 0 young (0K), 0 survivors (0K)
 Metaspace       used 64957K, capacity 65709K, committed 66768K, reserved 1107968K
  class space    used 8674K, capacity 8906K, committed 8916K, reserved 1048576K
}
Event: 126,800 GC heap before
{Heap before GC invocations=21 (full 1):
 garbage-first heap   total 105472K, used 75317K [0x0000000085200000, 0x0000000100000000)
  region size 1024K, 44 young (45056K), 0 survivors (0K)
 Metaspace       used 65089K, capacity 65908K, committed 66896K, reserved 1107968K
  class space    used 8691K, capacity 8951K, committed 9044K, reserved 1048576K
}
Event: 126,804 GC heap after
{Heap after GC invocations=22 (full 1):
 garbage-first heap   total 105472K, used 33766K [0x0000000085200000, 0x0000000100000000)
  region size 1024K, 3 young (3072K), 3 survivors (3072K)
 Metaspace       used 65089K, capacity 65908K, committed 66896K, reserved 1107968K
  class space    used 8691K, capacity 8951K, committed 9044K, reserved 1048576K
}
Event: 126,976 GC heap before
{Heap before GC invocations=22 (full 1):
 garbage-first heap   total 105472K, used 76774K [0x0000000085200000, 0x0000000100000000)
  region size 1024K, 46 young (47104K), 3 survivors (3072K)
 Metaspace       used 65303K, capacity 66121K, committed 67152K, reserved 1107968K
  class space    used 8706K, capacity 8956K, committed 9044K, reserved 1048576K
}
Event: 126,980 GC heap after
{Heap after GC invocations=23 (full 1):
 garbage-first heap   total 105472K, used 35161K [0x0000000085200000, 0x0000000100000000)
  region size 1024K, 4 young (4096K), 4 survivors (4096K)
 Metaspace       used 65303K, capacity 66121K, committed 67152K, reserved 1107968K
  class space    used 8706K, capacity 8956K, committed 9044K, reserved 1048576K
}
Event: 127,091 GC heap before
{Heap before GC invocations=23 (full 1):
 garbage-first heap   total 105472K, used 80217K [0x0000000085200000, 0x0000000100000000)
  region size 1024K, 48 young (49152K), 4 survivors (4096K)
 Metaspace       used 65338K, capacity 66127K, committed 67152K, reserved 1107968K
  class space    used 8710K, capacity 8958K, committed 9044K, reserved 1048576K
}
Event: 127,106 GC heap after
{Heap after GC invocations=24 (full 1):
 garbage-first heap   total 105472K, used 44065K [0x0000000085200000, 0x0000000100000000)
  region size 1024K, 6 young (6144K), 6 survivors (6144K)
 Metaspace       used 65338K, capacity 66127K, committed 67152K, reserved 1107968K
  class space    used 8710K, capacity 8958K, committed 9044K, reserved 1048576K
}
Event: 127,173 GC heap before
{Heap before GC invocations=24 (full 1):
 garbage-first heap   total 105472K, used 77857K [0x0000000085200000, 0x0000000100000000)
  region size 1024K, 39 young (39936K), 6 survivors (6144K)
 Metaspace       used 65382K, capacity 66193K, committed 67152K, reserved 1107968K
  class space    used 8717K, capacity 8970K, committed 9044K, reserved 1048576K
}
Event: 127,182 GC heap after
{Heap after GC invocations=25 (full 1):
 garbage-first heap   total 105472K, used 50448K [0x0000000085200000, 0x0000000100000000)
  region size 1024K, 5 young (5120K), 5 survivors (5120K)
 Metaspace       used 65382K, capacity 66193K, committed 67152K, reserved 1107968K
  class space    used 8717K, capacity 8970K, committed 9044K, reserved 1048576K
}
Event: 127,212 GC heap before
{Heap before GC invocations=25 (full 1):
 garbage-first heap   total 105472K, used 78096K [0x0000000085200000, 0x0000000100000000)
  region size 1024K, 33 young (33792K), 5 survivors (5120K)
 Metaspace       used 65382K, capacity 66193K, committed 67152K, reserved 1107968K
  class space    used 8717K, capacity 8970K, committed 9044K, reserved 1048576K
}

Deoptimization events (8 events):
Event: 2,095 Thread 0x00007fd598002850 DEOPT PACKING pc=0x00007fd6056ad5e4 sp=0x00007fd5f1bcbb10
Event: 2,095 Thread 0x00007fd598002850 DEOPT UNPACKING pc=0x00007fd604d65f2b sp=0x00007fd5f1bcb088 mode 0
Event: 2,967 Thread 0x00007fd598002850 DEOPT PACKING pc=0x00007fd6054f355c sp=0x00007fd5f1bc5e20
Event: 2,967 Thread 0x00007fd598002850 DEOPT UNPACKING pc=0x00007fd604d65f2b sp=0x00007fd5f1bc5368 mode 0
Event: 3,476 Thread 0x00007fd598002850 DEOPT PACKING pc=0x00007fd605826584 sp=0x00007fd5f1bcca90
Event: 3,476 Thread 0x00007fd598002850 DEOPT UNPACKING pc=0x00007fd604d65f2b sp=0x00007fd5f1bcc178 mode 0
Event: 4,080 Thread 0x00007fd598002850 DEOPT PACKING pc=0x00007fd60560fc60 sp=0x00007fd5f1bcaad0
Event: 4,080 Thread 0x00007fd598002850 DEOPT UNPACKING pc=0x00007fd604d65f2b sp=0x00007fd5f1bca008 mode 3

Classes unloaded (0 events):
No events

Classes redefined (0 events):
No events

Internal exceptions (20 events):
Event: 22,787 Thread 0x00007fd58cdca260 Exception <a 'java/lang/ClassNotFoundException'{0x0000000089aa6f30}: org/thymeleaf/engine/AttributeDefinitionCustomizer> (0x0000000089aa6f30) 
thrown [open/src/hotspot/share/classfile/systemDictionary.cpp, line 295]
Event: 22,788 Thread 0x00007fd58cdca260 Exception <a 'java/lang/ClassNotFoundException'{0x0000000089ab5ba0}: org/thymeleaf/engine/HTMLAttributeDefinitionCustomizer> (0x0000000089ab5ba0) 
thrown [open/src/hotspot/share/classfile/systemDictionary.cpp, line 295]
Event: 22,790 Thread 0x00007fd58cdca260 Exception <a 'java/lang/ClassNotFoundException'{0x0000000089ad7cf8}: org/thymeleaf/engine/ElementModelStructureHandlerBeanInfo> (0x0000000089ad7cf8) 
thrown [open/src/hotspot/share/classfile/systemDictionary.cpp, line 295]
Event: 22,790 Thread 0x00007fd58cdca260 Exception <a 'java/lang/ClassNotFoundException'{0x0000000089adf808}: org/thymeleaf/engine/ElementModelStructureHandlerCustomizer> (0x0000000089adf808) 
thrown [open/src/hotspot/share/classfile/systemDictionary.cpp, line 295]
Event: 22,792 Thread 0x00007fd58cdca260 Exception <a 'java/lang/ClassNotFoundException'{0x00000000899527a0}: nz/net/ultraq/thymeleaf/fragments/FragmentMapBeanInfo> (0x00000000899527a0) 
thrown [open/src/hotspot/share/classfile/systemDictionary.cpp, line 295]
Event: 22,793 Thread 0x00007fd58cdca260 Exception <a 'java/lang/ClassNotFoundException'{0x000000008995a550}: nz/net/ultraq/thymeleaf/fragments/FragmentMapCustomizer> (0x000000008995a550) 
thrown [open/src/hotspot/share/classfile/systemDictionary.cpp, line 295]
Event: 22,806 Thread 0x00007fd58cdca260 Exception <a 'java/lang/ClassNotFoundException'{0x0000000089890d00}: java/util/Collections$UnmodifiableRandomAccessListBeanInfo> (0x0000000089890d00) 
thrown [open/src/hotspot/share/classfile/systemDictionary.cpp, line 295]
Event: 22,806 Thread 0x00007fd58cdca260 Exception <a 'java/lang/ClassNotFoundException'{0x0000000089895660}: java/util/Collections$UnmodifiableListBeanInfo> (0x0000000089895660) 
thrown [open/src/hotspot/share/classfile/systemDictionary.cpp, line 295]
Event: 22,806 Thread 0x00007fd58cdca260 Exception <a 'java/lang/ClassNotFoundException'{0x000000008989a2c0}: java/util/Collections$UnmodifiableListCustomizer> (0x000000008989a2c0) 
thrown [open/src/hotspot/share/classfile/systemDictionary.cpp, line 295]
Event: 22,807 Thread 0x00007fd58cdca260 Exception <a 'java/lang/ClassNotFoundException'{0x00000000898b8eb0}: java/util/Collections$UnmodifiableRandomAccessListCustomizer> (0x00000000898b8eb0) 
thrown [open/src/hotspot/share/classfile/systemDictionary.cpp, line 295]
Event: 22,811 Thread 0x00007fd58cdca260 Exception <a 'java/lang/ClassNotFoundException'{0x00000000898e3dd8}: org/thymeleaf/engine/ElementTagStructureHandlerBeanInfo> (0x00000000898e3dd8) 
thrown [open/src/hotspot/share/classfile/systemDictionary.cpp, line 295]
Event: 22,811 Thread 0x00007fd58cdca260 Exception <a 'java/lang/ClassNotFoundException'{0x00000000898ec0e0}: org/thymeleaf/engine/ElementTagStructureHandlerCustomizer> (0x00000000898ec0e0) 
thrown [open/src/hotspot/share/classfile/systemDictionary.cpp, line 295]
Event: 22,833 Thread 0x00007fd58cdca260 Exception <a 'java/lang/ClassNotFoundException'{0x0000000089680cb0}: java/lang/ObjectCustomizer> (0x0000000089680cb0) 
thrown [open/src/hotspot/share/classfile/systemDictionary.cpp, line 295]
Event: 22,833 Thread 0x00007fd58cdca260 Exception <a 'java/lang/ClassNotFoundException'{0x000000008968d4a0}: com/dev/loja/model/ProdutoCustomizer> (0x000000008968d4a0) 
thrown [open/src/hotspot/share/classfile/systemDictionary.cpp, line 295]
Event: 80,877 Thread 0x00007fd58cdcf010 Exception <a 'java/lang/NoClassDefFoundError'{0x000000008b243548}: sun/reflect/Reflection> (0x000000008b243548) 
thrown [open/src/hotspot/share/classfile/systemDictionary.cpp, line 284]
Event: 81,072 Thread 0x00007fd58cdd0800 Exception <a 'java/io/IOException'{0x000000008ae24570}> (0x000000008ae24570) 
thrown [open/src/hotspot/share/prims/jni.cpp, line 578]
Event: 126,252 Thread 0x00007fd58cb135b0 Exception <a 'java/lang/InterruptedException'{0x000000008ace4f70}: sleep interrupted> (0x000000008ace4f70) 
thrown [open/src/hotspot/share/prims/jvm.cpp, line 3278]
Event: 126,546 Thread 0x00007fd5984cd740 Exception <a 'java/io/FileNotFoundException'{0x000000008cda1bb0}> (0x000000008cda1bb0) 
thrown [open/src/hotspot/share/prims/jni.cpp, line 578]
Event: 126,818 Thread 0x00007fd5984cd740 Exception <a 'java/io/FileNotFoundException'{0x0000000089e22a80}> (0x0000000089e22a80) 
thrown [open/src/hotspot/share/prims/jni.cpp, line 578]
Event: 126,858 Thread 0x00007fd5984cd740 Exception <a 'java/io/FileNotFoundException'{0x00000000898ab750}> (0x00000000898ab750) 
thrown [open/src/hotspot/share/prims/jni.cpp, line 578]

Events (20 events):
Event: 127,206 Protecting memory [0x00007fd58173d000,0x00007fd581741000] with protection modes 0
Event: 127,207 Thread 0x00007fd61c164ea0 Thread exited: 0x00007fd61c164ea0
Event: 127,207 Thread 0x00007fd58cf10140 Thread exited: 0x00007fd58cf10140
Event: 127,207 Thread 0x00007fd61c137090 Thread exited: 0x00007fd61c137090
Event: 127,207 Thread 0x00007fd61c7e43c0 Thread exited: 0x00007fd61c7e43c0
Event: 127,207 Thread 0x00007fd61c7e29b0 Thread exited: 0x00007fd61c7e29b0
Event: 127,207 Thread 0x00007fd61c7e1f00 Thread exited: 0x00007fd61c7e1f00
Event: 127,207 Thread 0x00007fd61c135c30 Thread exited: 0x00007fd61c135c30
Event: 127,207 Thread 0x00007fd61c7e36d0 Thread exited: 0x00007fd61c7e36d0
Event: 127,209 Thread 0x00007fd58cf10140 Thread added: 0x00007fd58cf10140
Event: 127,209 Protecting memory [0x00007fd581c42000,0x00007fd581c46000] with protection modes 0
Event: 127,209 Thread 0x00007fd5a00037c0 Thread added: 0x00007fd5a00037c0
Event: 127,209 Protecting memory [0x00007fd581b41000,0x00007fd581b45000] with protection modes 0
Event: 127,209 Thread 0x00007fd5a0006a90 Thread added: 0x00007fd5a0006a90
Event: 127,210 Protecting memory [0x00007fd58173d000,0x00007fd581741000] with protection modes 0
Event: 127,210 Thread 0x00007fd5a0004050 Thread added: 0x00007fd5a0004050
Event: 127,210 Protecting memory [0x00007fd58183e000,0x00007fd581842000] with protection modes 0
Event: 127,212 Executing VM operation: G1CollectForAllocation
Event: 127,212 Thread 0x00007fd5a0004960 Thread added: 0x00007fd5a0004960
Event: 127,212 Protecting memory [0x00007fd582ff7000,0x00007fd582ffb000] with protection modes 0


Dynamic libraries:
85200000-8b600000 rw-p 00000000 00:00 0 
8b600000-8cd00000 ---p 00000000 00:00 0 
8cd00000-8ce00000 rw-p 00000000 00:00 0 
8ce00000-ffe00000 ---p 00000000 00:00 0 
ffe00000-ffe52000 rw-p 00be4000 08:05 11023780                           /home/rodrigovvo/Público/jdk-15.0.1/lib/server/classes.jsa
ffe52000-fff00000 rw-p 00000000 00:00 0 
fff00000-fff7c000 rw-p 00b68000 08:05 11023780                           /home/rodrigovvo/Público/jdk-15.0.1/lib/server/classes.jsa
fff7c000-100000000 rw-p 00000000 00:00 0 
800000000-800003000 rwxp 00001000 08:05 11023780                         /home/rodrigovvo/Público/jdk-15.0.1/lib/server/classes.jsa
800003000-8003e6000 rw-p 00004000 08:05 11023780                         /home/rodrigovvo/Público/jdk-15.0.1/lib/server/classes.jsa
8003e6000-800b33000 r--p 003e7000 08:05 11023780                         /home/rodrigovvo/Público/jdk-15.0.1/lib/server/classes.jsa
800b33000-800b34000 ---p 00000000 00:00 0 
800b34000-801409000 rw-p 00000000 00:00 0 
801409000-840b34000 ---p 00000000 00:00 0 
55ecc2866000-55ecc2867000 r-xp 00000000 08:05 8145465                    /home/rodrigovvo/Público/jdk-15.0.1/bin/java
55ecc2868000-55ecc2869000 r--p 00001000 08:05 8145465                    /home/rodrigovvo/Público/jdk-15.0.1/bin/java
55ecc2869000-55ecc286a000 rw-p 00002000 08:05 8145465                    /home/rodrigovvo/Público/jdk-15.0.1/bin/java
55ecc2ce0000-55ecc2d77000 rw-p 00000000 00:00 0                          [heap]
7fd580c03000-7fd580efc000 rw-p 00000000 00:00 0 
7fd580efc000-7fd58103c000 ---p 00000000 00:00 0 
7fd58103c000-7fd58123c000 rw-p 00000000 00:00 0 
7fd58123c000-7fd58143c000 rw-p 00000000 00:00 0 
7fd58143c000-7fd58163c000 rw-p 00000000 00:00 0 
7fd58163c000-7fd581640000 ---p 00000000 00:00 0 
7fd581640000-7fd58173d000 rw-p 00000000 00:00 0 
7fd58173d000-7fd581741000 ---p 00000000 00:00 0 
7fd581741000-7fd58183e000 rw-p 00000000 00:00 0 
7fd58183e000-7fd581842000 ---p 00000000 00:00 0 
7fd581842000-7fd58193f000 rw-p 00000000 00:00 0 
7fd58193f000-7fd581943000 ---p 00000000 00:00 0 
7fd581943000-7fd581a40000 rw-p 00000000 00:00 0 
7fd581a40000-7fd581a44000 ---p 00000000 00:00 0 
7fd581a44000-7fd581b41000 rw-p 00000000 00:00 0 
7fd581b41000-7fd581b45000 ---p 00000000 00:00 0 
7fd581b45000-7fd581c42000 rw-p 00000000 00:00 0 
7fd581c42000-7fd581c46000 ---p 00000000 00:00 0 
7fd581c46000-7fd581d43000 rw-p 00000000 00:00 0 
7fd581d43000-7fd581d47000 ---p 00000000 00:00 0 
7fd581d47000-7fd582044000 rw-p 00000000 00:00 0 
7fd582044000-7fd582244000 rw-p 00000000 00:00 0 
7fd582244000-7fd582444000 rw-p 00000000 00:00 0 
7fd582444000-7fd582644000 rw-p 00000000 00:00 0 
7fd582644000-7fd582844000 rw-p 00000000 00:00 0 
7fd5828f0000-7fd5828f4000 ---p 00000000 00:00 0 
7fd5828f4000-7fd5829f1000 rw-p 00000000 00:00 0 
7fd5829f1000-7fd5829f5000 ---p 00000000 00:00 0 
7fd5829f5000-7fd582af2000 rw-p 00000000 00:00 0 
7fd582af2000-7fd582af6000 ---p 00000000 00:00 0 
7fd582af6000-7fd582bf3000 rw-p 00000000 00:00 0 
7fd582bf3000-7fd582bf7000 ---p 00000000 00:00 0 
7fd582bf7000-7fd582cf4000 rw-p 00000000 00:00 0 
7fd582cf4000-7fd582cf8000 ---p 00000000 00:00 0 
7fd582cf8000-7fd582df5000 rw-p 00000000 00:00 0 
7fd582df5000-7fd582df9000 ---p 00000000 00:00 0 
7fd582df9000-7fd582ef6000 rw-p 00000000 00:00 0 
7fd582ef6000-7fd582efa000 ---p 00000000 00:00 0 
7fd582efa000-7fd582ff7000 rw-p 00000000 00:00 0 
7fd582ff7000-7fd582ffb000 ---p 00000000 00:00 0 
7fd582ffb000-7fd5832f8000 rw-p 00000000 00:00 0 
7fd5832f8000-7fd5834f8000 rw-p 00000000 00:00 0 
7fd5834f8000-7fd5836f8000 rw-p 00000000 00:00 0 
7fd5836f8000-7fd5838f8000 rw-p 00000000 00:00 0 
7fd5838fb000-7fd5838ff000 ---p 00000000 00:00 0 
7fd5838ff000-7fd5839fc000 rw-p 00000000 00:00 0 
7fd5839fc000-7fd583a00000 ---p 00000000 00:00 0 
7fd583a00000-7fd583afd000 rw-p 00000000 00:00 0 
7fd583afd000-7fd583b01000 ---p 00000000 00:00 0 
7fd583b01000-7fd583bfe000 rw-p 00000000 00:00 0 
7fd583bfe000-7fd583c02000 ---p 00000000 00:00 0 
7fd583c02000-7fd583cff000 rw-p 00000000 00:00 0 
7fd583cff000-7fd583d03000 ---p 00000000 00:00 0 
7fd583d03000-7fd584000000 rw-p 00000000 00:00 0 
7fd584000000-7fd5843bd000 rw-p 00000000 00:00 0 
7fd5843bd000-7fd588000000 ---p 00000000 00:00 0 
7fd588000000-7fd588072000 rw-p 00000000 00:00 0 
7fd588072000-7fd58c000000 ---p 00000000 00:00 0 
7fd58c000000-7fd58cf15000 rw-p 00000000 00:00 0 
7fd58cf15000-7fd590000000 ---p 00000000 00:00 0 
7fd590000000-7fd59002f000 rw-p 00000000 00:00 0 
7fd59002f000-7fd594000000 ---p 00000000 00:00 0 
7fd594000000-7fd59405f000 rw-p 00000000 00:00 0 
7fd59405f000-7fd598000000 ---p 00000000 00:00 0 
7fd598000000-7fd598559000 rw-p 00000000 00:00 0 
7fd598559000-7fd59c000000 ---p 00000000 00:00 0 
7fd59c000000-7fd59c065000 rw-p 00000000 00:00 0 
7fd59c065000-7fd5a0000000 ---p 00000000 00:00 0 
7fd5a0000000-7fd5a0021000 rw-p 00000000 00:00 0 
7fd5a0021000-7fd5a4000000 ---p 00000000 00:00 0 
7fd5a4000000-7fd5a4169000 rw-p 00000000 00:00 0 
7fd5a4169000-7fd5a8000000 ---p 00000000 00:00 0 
7fd5a8000000-7fd5a803e000 rw-p 00000000 00:00 0 
7fd5a803e000-7fd5ac000000 ---p 00000000 00:00 0 
7fd5ac000000-7fd5ac025000 rw-p 00000000 00:00 0 
7fd5ac025000-7fd5b0000000 ---p 00000000 00:00 0 
7fd5b0000000-7fd5b0221000 rw-p 00000000 00:00 0 
7fd5b0221000-7fd5b4000000 ---p 00000000 00:00 0 
7fd5b4000000-7fd5b402b000 rw-p 00000000 00:00 0 
7fd5b402b000-7fd5b8000000 ---p 00000000 00:00 0 
7fd5b8000000-7fd5b8021000 rw-p 00000000 00:00 0 
7fd5b8021000-7fd5bc000000 ---p 00000000 00:00 0 
7fd5bc000000-7fd5bc0b8000 rw-p 00000000 00:00 0 
7fd5bc0b8000-7fd5c0000000 ---p 00000000 00:00 0 
7fd5c0000000-7fd5c005b000 rw-p 00000000 00:00 0 
7fd5c005b000-7fd5c4000000 ---p 00000000 00:00 0 
7fd5c4000000-7fd5c409b000 rw-p 00000000 00:00 0 
7fd5c409b000-7fd5c8000000 ---p 00000000 00:00 0 
7fd5c8000000-7fd5c8073000 rw-p 00000000 00:00 0 
7fd5c8073000-7fd5cc000000 ---p 00000000 00:00 0 
7fd5cc000000-7fd5cc690000 rw-p 00000000 00:00 0 
7fd5cc690000-7fd5d0000000 ---p 00000000 00:00 0 
7fd5d0000000-7fd5d005d000 rw-p 00000000 00:00 0 
7fd5d005d000-7fd5d4000000 ---p 00000000 00:00 0 
7fd5d4000000-7fd5d406d000 rw-p 00000000 00:00 0 
7fd5d406d000-7fd5d8000000 ---p 00000000 00:00 0 
7fd5d8000000-7fd5d8021000 rw-p 00000000 00:00 0 
7fd5d8021000-7fd5dc000000 ---p 00000000 00:00 0 
7fd5dc000000-7fd5dc066000 rw-p 00000000 00:00 0 
7fd5dc066000-7fd5e0000000 ---p 00000000 00:00 0 
7fd5e0000000-7fd5e0090000 rw-p 00000000 00:00 0 
7fd5e0090000-7fd5e4000000 ---p 00000000 00:00 0 
7fd5e4000000-7fd5e4021000 rw-p 00000000 00:00 0 
7fd5e4021000-7fd5e8000000 ---p 00000000 00:00 0 
7fd5e8000000-7fd5e8358000 rw-p 00000000 00:00 0 
7fd5e8358000-7fd5ec000000 ---p 00000000 00:00 0 
7fd5ec000000-7fd5ec038000 rw-p 00000000 00:00 0 
7fd5ec038000-7fd5f0000000 ---p 00000000 00:00 0 
7fd5f00c3000-7fd5f00c7000 ---p 00000000 00:00 0 
7fd5f00c7000-7fd5f03c4000 rw-p 00000000 00:00 0 
7fd5f03c4000-7fd5f05c4000 rw-p 00000000 00:00 0 
7fd5f05c4000-7fd5f07c4000 rw-p 00000000 00:00 0 
7fd5f07c4000-7fd5f09c4000 rw-p 00000000 00:00 0 
7fd5f09c4000-7fd5f0bc4000 rw-p 00000000 00:00 0 
7fd5f0bc4000-7fd5f0dc3000 rw-p 00000000 00:00 0 
7fd5f0dc3000-7fd5f0dc4000 ---p 00000000 00:00 0 
7fd5f0dc6000-7fd5f0dc7000 ---p 00000000 00:00 0 
7fd5f0dc7000-7fd5f10c8000 rw-p 00000000 00:00 0 
7fd5f10c8000-7fd5f12c8000 rw-p 00000000 00:00 0 
7fd5f12c8000-7fd5f14c8000 rw-p 00000000 00:00 0 
7fd5f14c8000-7fd5f16c8000 rw-p 00000000 00:00 0 
7fd5f16cb000-7fd5f16cf000 ---p 00000000 00:00 0 
7fd5f16cf000-7fd5f19cc000 rw-p 00000000 00:00 0 
7fd5f19cd000-7fd5f19d1000 ---p 00000000 00:00 0 
7fd5f19d1000-7fd5f1ace000 rw-p 00000000 00:00 0 
7fd5f1ace000-7fd5f1ad2000 ---p 00000000 00:00 0 
7fd5f1ad2000-7fd5f1bcf000 rw-p 00000000 00:00 0 
7fd5f1bcf000-7fd5f1bd3000 ---p 00000000 00:00 0 
7fd5f1bd3000-7fd5f1cd0000 rw-p 00000000 00:00 0 
7fd5f1cd0000-7fd5f1cd4000 ---p 00000000 00:00 0 
7fd5f1cd4000-7fd5f1dd1000 rw-p 00000000 00:00 0 
7fd5f1dd1000-7fd5f1dd5000 ---p 00000000 00:00 0 
7fd5f1dd5000-7fd5f1ed2000 rw-p 00000000 00:00 0 
7fd5f1ed2000-7fd5f1ed6000 ---p 00000000 00:00 0 
7fd5f1ed6000-7fd5f1fd3000 rw-p 00000000 00:00 0 
7fd5f1fd3000-7fd5f1fda000 r--s 00000000 08:05 10232095                   /usr/lib/x86_64-linux-gnu/gconv/gconv-modules.cache
7fd5f1fda000-7fd5f2000000 r--p 00000000 08:05 11817576                   /usr/share/locale-langpack/pt_BR/LC_MESSAGES/libc.mo
7fd5f2000000-7fd5f4000000 rw-p 00000000 00:00 0 
7fd5f4000000-7fd5f4021000 rw-p 00000000 00:00 0 
7fd5f4021000-7fd5f8000000 ---p 00000000 00:00 0 
7fd5f8000000-7fd5f8030000 rw-p 00000000 00:00 0 
7fd5f8030000-7fd5fc000000 ---p 00000000 00:00 0 
7fd5fc000000-7fd5fc021000 rw-p 00000000 00:00 0 
7fd5fc021000-7fd600000000 ---p 00000000 00:00 0 
7fd600003000-7fd600004000 ---p 00000000 00:00 0 
7fd600004000-7fd600105000 rw-p 00000000 00:00 0 
7fd600105000-7fd600106000 ---p 00000000 00:00 0 
7fd600106000-7fd600207000 rw-p 00000000 00:00 0 
7fd600207000-7fd600208000 ---p 00000000 00:00 0 
7fd600208000-7fd600309000 rw-p 00000000 00:00 0 
7fd600309000-7fd60030a000 ---p 00000000 00:00 0 
7fd60030a000-7fd60040b000 rw-p 00000000 00:00 0 
7fd60040b000-7fd60040f000 ---p 00000000 00:00 0 
7fd60040f000-7fd60050c000 rw-p 00000000 00:00 0 
7fd60050c000-7fd600510000 ---p 00000000 00:00 0 
7fd600510000-7fd60060d000 rw-p 00000000 00:00 0 
7fd60060d000-7fd600611000 ---p 00000000 00:00 0 
7fd600611000-7fd60070e000 rw-p 00000000 00:00 0 
7fd60070e000-7fd600710000 r--p 00000000 08:05 9574883                    /usr/lib/x86_64-linux-gnu/libnss_dns-2.31.so
7fd600710000-7fd600714000 r-xp 00002000 08:05 9574883                    /usr/lib/x86_64-linux-gnu/libnss_dns-2.31.so
7fd600714000-7fd600715000 r--p 00006000 08:05 9574883                    /usr/lib/x86_64-linux-gnu/libnss_dns-2.31.so
7fd600715000-7fd600716000 r--p 00006000 08:05 9574883                    /usr/lib/x86_64-linux-gnu/libnss_dns-2.31.so
7fd600716000-7fd600717000 rw-p 00007000 08:05 9574883                    /usr/lib/x86_64-linux-gnu/libnss_dns-2.31.so
7fd600717000-7fd60071b000 r--p 00000000 08:05 9575521                    /usr/lib/x86_64-linux-gnu/libresolv-2.31.so
7fd60071b000-7fd60072b000 r-xp 00004000 08:05 9575521                    /usr/lib/x86_64-linux-gnu/libresolv-2.31.so
7fd60072b000-7fd60072e000 r--p 00014000 08:05 9575521                    /usr/lib/x86_64-linux-gnu/libresolv-2.31.so
7fd60072e000-7fd60072f000 ---p 00017000 08:05 9575521                    /usr/lib/x86_64-linux-gnu/libresolv-2.31.so
7fd60072f000-7fd600730000 r--p 00017000 08:05 9575521                    /usr/lib/x86_64-linux-gnu/libresolv-2.31.so
7fd600730000-7fd600731000 rw-p 00018000 08:05 9575521                    /usr/lib/x86_64-linux-gnu/libresolv-2.31.so
7fd600731000-7fd600733000 rw-p 00000000 00:00 0 
7fd600733000-7fd600737000 ---p 00000000 00:00 0 
7fd600737000-7fd600834000 rw-p 00000000 00:00 0 
7fd600834000-7fd600838000 ---p 00000000 00:00 0 
7fd600838000-7fd600935000 rw-p 00000000 00:00 0 
7fd600935000-7fd600939000 ---p 00000000 00:00 0 
7fd600939000-7fd600a36000 rw-p 00000000 00:00 0 
7fd600a36000-7fd600fa8000 r--p 00000000 08:05 9569386                    /usr/lib/locale/locale-archive
7fd600fa8000-7fd601138000 rw-p 00000000 00:00 0 
7fd601138000-7fd601194000 ---p 00000000 00:00 0 
7fd601194000-7fd601198000 rw-p 00000000 00:00 0 
7fd601198000-7fd602e58000 ---p 00000000 00:00 0 
7fd602e58000-7fd602ff0000 rw-p 00000000 00:00 0 
7fd602ff0000-7fd60304c000 ---p 00000000 00:00 0 
7fd60304c000-7fd603050000 rw-p 00000000 00:00 0 
7fd603050000-7fd604d10000 ---p 00000000 00:00 0 
7fd604d10000-7fd604d18000 rw-p 00000000 00:00 0 
7fd604d18000-7fd604f88000 rwxp 00000000 00:00 0 
7fd604f88000-7fd6053bf000 ---p 00000000 00:00 0 
7fd6053bf000-7fd605f5f000 rwxp 00000000 00:00 0 
7fd605f5f000-7fd613d18000 ---p 00000000 00:00 0 
7fd613d18000-7fd61c000000 r--s 00000000 08:05 11020571                   /home/rodrigovvo/Público/jdk-15.0.1/lib/modules
7fd61c000000-7fd61c835000 rw-p 00000000 00:00 0 
7fd61c835000-7fd620000000 ---p 00000000 00:00 0 
7fd620001000-7fd620002000 r--p 00000000 08:05 9574141                    /usr/lib/x86_64-linux-gnu/libnss_mdns4_minimal.so.2
7fd620002000-7fd620004000 r-xp 00001000 08:05 9574141                    /usr/lib/x86_64-linux-gnu/libnss_mdns4_minimal.so.2
7fd620004000-7fd620005000 r--p 00003000 08:05 9574141                    /usr/lib/x86_64-linux-gnu/libnss_mdns4_minimal.so.2
7fd620005000-7fd620006000 r--p 00003000 08:05 9574141                    /usr/lib/x86_64-linux-gnu/libnss_mdns4_minimal.so.2
7fd620006000-7fd620007000 rw-p 00004000 08:05 9574141                    /usr/lib/x86_64-linux-gnu/libnss_mdns4_minimal.so.2
7fd62000c000-7fd620019000 r-xp 00000000 08:05 11020567                   /home/rodrigovvo/Público/jdk-15.0.1/lib/libverify.so
7fd620019000-7fd62001b000 r--p 0000c000 08:05 11020567                   /home/rodrigovvo/Público/jdk-15.0.1/lib/libverify.so
7fd62001b000-7fd62001c000 rw-p 0000e000 08:05 11020567                   /home/rodrigovvo/Público/jdk-15.0.1/lib/libverify.so
7fd62001c000-7fd62001e000 r-xp 00000000 08:05 11019290                   /home/rodrigovvo/Público/jdk-15.0.1/lib/libextnet.so
7fd62001e000-7fd62001f000 r--p 00001000 08:05 11019290                   /home/rodrigovvo/Público/jdk-15.0.1/lib/libextnet.so
7fd62001f000-7fd620020000 rw-p 00002000 08:05 11019290                   /home/rodrigovvo/Público/jdk-15.0.1/lib/libextnet.so
7fd620020000-7fd620025000 r-xp 00000000 08:05 11020004                   /home/rodrigovvo/Público/jdk-15.0.1/lib/libmanagement_ext.so
7fd620025000-7fd620026000 r--p 00004000 08:05 11020004                   /home/rodrigovvo/Público/jdk-15.0.1/lib/libmanagement_ext.so
7fd620026000-7fd620027000 rw-p 00005000 08:05 11020004                   /home/rodrigovvo/Público/jdk-15.0.1/lib/libmanagement_ext.so
7fd620027000-7fd62002b000 r-xp 00000000 08:05 11020001                   /home/rodrigovvo/Público/jdk-15.0.1/lib/libmanagement.so
7fd62002b000-7fd62002c000 r--p 00003000 08:05 11020001                   /home/rodrigovvo/Público/jdk-15.0.1/lib/libmanagement.so
7fd62002c000-7fd62002d000 rw-p 00004000 08:05 11020001                   /home/rodrigovvo/Público/jdk-15.0.1/lib/libmanagement.so
7fd62002d000-7fd620034000 r-xp 00000000 08:05 11020569                   /home/rodrigovvo/Público/jdk-15.0.1/lib/libzip.so
7fd620034000-7fd620035000 ---p 00007000 08:05 11020569                   /home/rodrigovvo/Público/jdk-15.0.1/lib/libzip.so
7fd620035000-7fd620036000 r--p 00007000 08:05 11020569                   /home/rodrigovvo/Público/jdk-15.0.1/lib/libzip.so
7fd620036000-7fd620037000 rw-p 00008000 08:05 11020569                   /home/rodrigovvo/Público/jdk-15.0.1/lib/libzip.so
7fd620037000-7fd620068000 rw-p 00000000 00:00 0 
7fd620068000-7fd62007d000 r-xp 00000000 08:05 11020030                   /home/rodrigovvo/Público/jdk-15.0.1/lib/libnet.so
7fd62007d000-7fd62007e000 r--p 00014000 08:05 11020030                   /home/rodrigovvo/Público/jdk-15.0.1/lib/libnet.so
7fd62007e000-7fd62007f000 rw-p 00015000 08:05 11020030                   /home/rodrigovvo/Público/jdk-15.0.1/lib/libnet.so
7fd62007f000-7fd620091000 r-xp 00000000 08:05 11020031                   /home/rodrigovvo/Público/jdk-15.0.1/lib/libnio.so
7fd620091000-7fd620092000 r--p 00011000 08:05 11020031                   /home/rodrigovvo/Público/jdk-15.0.1/lib/libnio.so
7fd620092000-7fd620093000 rw-p 00012000 08:05 11020031                   /home/rodrigovvo/Público/jdk-15.0.1/lib/libnio.so
7fd620093000-7fd620097000 ---p 00000000 00:00 0 
7fd620097000-7fd620194000 rw-p 00000000 00:00 0 
7fd620194000-7fd620198000 ---p 00000000 00:00 0 
7fd620198000-7fd620295000 rw-p 00000000 00:00 0 
7fd620295000-7fd620299000 ---p 00000000 00:00 0 
7fd620299000-7fd620396000 rw-p 00000000 00:00 0 
7fd620396000-7fd62039a000 ---p 00000000 00:00 0 
7fd62039a000-7fd620497000 rw-p 00000000 00:00 0 
7fd620497000-7fd62049b000 ---p 00000000 00:00 0 
7fd62049b000-7fd620598000 rw-p 00000000 00:00 0 
7fd620598000-7fd62059c000 ---p 00000000 00:00 0 
7fd62059c000-7fd620699000 rw-p 00000000 00:00 0 
7fd620699000-7fd62069a000 ---p 00000000 00:00 0 
7fd62069a000-7fd6210b8000 rw-p 00000000 00:00 0 
7fd6210b8000-7fd6210fa000 rw-p 00000000 00:00 0 
7fd6210fa000-7fd6210fb000 ---p 00000000 00:00 0 
7fd6210fb000-7fd6211fc000 rw-p 00000000 00:00 0 
7fd6211fc000-7fd6211fd000 ---p 00000000 00:00 0 
7fd6211fd000-7fd621702000 rw-p 00000000 00:00 0 
7fd621702000-7fd621703000 ---p 00000000 00:00 0 
7fd621703000-7fd621804000 rw-p 00000000 00:00 0 
7fd621804000-7fd621805000 ---p 00000000 00:00 0 
7fd621805000-7fd621906000 rw-p 00000000 00:00 0 
7fd621906000-7fd621907000 ---p 00000000 00:00 0 
7fd621907000-7fd621a7c000 rw-p 00000000 00:00 0 
7fd621a7c000-7fd621a87000 ---p 00000000 00:00 0 
7fd621a87000-7fd621a88000 rw-p 00000000 00:00 0 
7fd621a88000-7fd621e20000 ---p 00000000 00:00 0 
7fd621e20000-7fd621e53000 rw-p 00000000 00:00 0 
7fd621e53000-7fd621e5e000 ---p 00000000 00:00 0 
7fd621e5e000-7fd621e5f000 rw-p 00000000 00:00 0 
7fd621e5f000-7fd6221f7000 ---p 00000000 00:00 0 
7fd6221f7000-7fd62222a000 rw-p 00000000 00:00 0 
7fd62222a000-7fd622235000 ---p 00000000 00:00 0 
7fd622235000-7fd622236000 rw-p 00000000 00:00 0 
7fd622236000-7fd6225ce000 ---p 00000000 00:00 0 
7fd6225ce000-7fd6229eb000 rw-p 00000000 00:00 0 
7fd6229eb000-7fd622ba6000 ---p 00000000 00:00 0 
7fd622ba6000-7fd622bab000 rw-p 00000000 00:00 0 
7fd622bab000-7fd622bb4000 ---p 00000000 00:00 0 
7fd622bb4000-7fd622bd8000 r-xp 00000000 08:05 11019479                   /home/rodrigovvo/Público/jdk-15.0.1/lib/libjava.so
7fd622bd8000-7fd622bd9000 ---p 00024000 08:05 11019479                   /home/rodrigovvo/Público/jdk-15.0.1/lib/libjava.so
7fd622bd9000-7fd622bda000 r--p 00024000 08:05 11019479                   /home/rodrigovvo/Público/jdk-15.0.1/lib/libjava.so
7fd622bda000-7fd622bdb000 rw-p 00025000 08:05 11019479                   /home/rodrigovvo/Público/jdk-15.0.1/lib/libjava.so
7fd622bdb000-7fd622bdc000 rw-p 00000000 00:00 0 
7fd622bdc000-7fd622be4000 rw-s 00000000 08:05 7212752                    /tmp/hsperfdata_rodrigovvo/18042
7fd622be4000-7fd622c00000 r-xp 00000000 08:05 11019483                   /home/rodrigovvo/Público/jdk-15.0.1/lib/libjimage.so
7fd622c00000-7fd622c02000 r--p 0001b000 08:05 11019483                   /home/rodrigovvo/Público/jdk-15.0.1/lib/libjimage.so
7fd622c02000-7fd622c03000 rw-p 0001d000 08:05 11019483                   /home/rodrigovvo/Público/jdk-15.0.1/lib/libjimage.so
7fd622c03000-7fd622c06000 r--p 00000000 08:05 9575522                    /usr/lib/x86_64-linux-gnu/librt-2.31.so
7fd622c06000-7fd622c0a000 r-xp 00003000 08:05 9575522                    /usr/lib/x86_64-linux-gnu/librt-2.31.so
7fd622c0a000-7fd622c0b000 r--p 00007000 08:05 9575522                    /usr/lib/x86_64-linux-gnu/librt-2.31.so
7fd622c0b000-7fd622c0c000 ---p 00008000 08:05 9575522                    /usr/lib/x86_64-linux-gnu/librt-2.31.so
7fd622c0c000-7fd622c0d000 r--p 00008000 08:05 9575522                    /usr/lib/x86_64-linux-gnu/librt-2.31.so
7fd622c0d000-7fd622c0e000 rw-p 00009000 08:05 9575522                    /usr/lib/x86_64-linux-gnu/librt-2.31.so
7fd622c0e000-7fd622c12000 ---p 00000000 00:00 0 
7fd622c12000-7fd622d0f000 rw-p 00000000 00:00 0 
7fd622d0f000-7fd622d1e000 r--p 00000000 08:05 9574878                    /usr/lib/x86_64-linux-gnu/libm-2.31.so
7fd622d1e000-7fd622dc5000 r-xp 0000f000 08:05 9574878                    /usr/lib/x86_64-linux-gnu/libm-2.31.so
7fd622dc5000-7fd622e5c000 r--p 000b6000 08:05 9574878                    /usr/lib/x86_64-linux-gnu/libm-2.31.so
7fd622e5c000-7fd622e5d000 r--p 0014c000 08:05 9574878                    /usr/lib/x86_64-linux-gnu/libm-2.31.so
7fd622e5d000-7fd622e5e000 rw-p 0014d000 08:05 9574878                    /usr/lib/x86_64-linux-gnu/libm-2.31.so
7fd622e5e000-7fd623ea5000 r-xp 00000000 08:05 11023784                   /home/rodrigovvo/Público/jdk-15.0.1/lib/server/libjvm.so
7fd623ea5000-7fd623f3f000 r--p 01046000 08:05 11023784                   /home/rodrigovvo/Público/jdk-15.0.1/lib/server/libjvm.so
7fd623f3f000-7fd623f76000 rw-p 010e0000 08:05 11023784                   /home/rodrigovvo/Público/jdk-15.0.1/lib/server/libjvm.so
7fd623f76000-7fd624001000 rw-p 00000000 00:00 0 
7fd624001000-7fd624026000 r--p 00000000 08:05 9574876                    /usr/lib/x86_64-linux-gnu/libc-2.31.so
7fd624026000-7fd62419e000 r-xp 00025000 08:05 9574876                    /usr/lib/x86_64-linux-gnu/libc-2.31.so
7fd62419e000-7fd6241e8000 r--p 0019d000 08:05 9574876                    /usr/lib/x86_64-linux-gnu/libc-2.31.so
7fd6241e8000-7fd6241e9000 ---p 001e7000 08:05 9574876                    /usr/lib/x86_64-linux-gnu/libc-2.31.so
7fd6241e9000-7fd6241ec000 r--p 001e7000 08:05 9574876                    /usr/lib/x86_64-linux-gnu/libc-2.31.so
7fd6241ec000-7fd6241ef000 rw-p 001ea000 08:05 9574876                    /usr/lib/x86_64-linux-gnu/libc-2.31.so
7fd6241ef000-7fd6241f3000 rw-p 00000000 00:00 0 
7fd6241f3000-7fd6241f4000 r--p 00000000 08:05 9574877                    /usr/lib/x86_64-linux-gnu/libdl-2.31.so
7fd6241f4000-7fd6241f6000 r-xp 00001000 08:05 9574877                    /usr/lib/x86_64-linux-gnu/libdl-2.31.so
7fd6241f6000-7fd6241f7000 r--p 00003000 08:05 9574877                    /usr/lib/x86_64-linux-gnu/libdl-2.31.so
7fd6241f7000-7fd6241f8000 r--p 00003000 08:05 9574877                    /usr/lib/x86_64-linux-gnu/libdl-2.31.so
7fd6241f8000-7fd6241f9000 rw-p 00004000 08:05 9574877                    /usr/lib/x86_64-linux-gnu/libdl-2.31.so
7fd6241f9000-7fd624200000 r--p 00000000 08:05 9574889                    /usr/lib/x86_64-linux-gnu/libpthread-2.31.so
7fd624200000-7fd624211000 r-xp 00007000 08:05 9574889                    /usr/lib/x86_64-linux-gnu/libpthread-2.31.so
7fd624211000-7fd624216000 r--p 00018000 08:05 9574889                    /usr/lib/x86_64-linux-gnu/libpthread-2.31.so
7fd624216000-7fd624217000 r--p 0001c000 08:05 9574889                    /usr/lib/x86_64-linux-gnu/libpthread-2.31.so
7fd624217000-7fd624218000 rw-p 0001d000 08:05 9574889                    /usr/lib/x86_64-linux-gnu/libpthread-2.31.so
7fd624218000-7fd62421c000 rw-p 00000000 00:00 0 
7fd62421c000-7fd62422b000 r-xp 00000000 08:05 11019484                   /home/rodrigovvo/Público/jdk-15.0.1/lib/libjli.so
7fd62422b000-7fd62422c000 r--p 0000e000 08:05 11019484                   /home/rodrigovvo/Público/jdk-15.0.1/lib/libjli.so
7fd62422c000-7fd62422d000 rw-p 0000f000 08:05 11019484                   /home/rodrigovvo/Público/jdk-15.0.1/lib/libjli.so
7fd62422d000-7fd62422f000 r--p 00000000 08:05 9570156                    /usr/lib/x86_64-linux-gnu/libz.so.1.2.11
7fd62422f000-7fd624240000 r-xp 00002000 08:05 9570156                    /usr/lib/x86_64-linux-gnu/libz.so.1.2.11
7fd624240000-7fd624246000 r--p 00013000 08:05 9570156                    /usr/lib/x86_64-linux-gnu/libz.so.1.2.11
7fd624246000-7fd624247000 ---p 00019000 08:05 9570156                    /usr/lib/x86_64-linux-gnu/libz.so.1.2.11
7fd624247000-7fd624248000 r--p 00019000 08:05 9570156                    /usr/lib/x86_64-linux-gnu/libz.so.1.2.11
7fd624248000-7fd624249000 rw-p 0001a000 08:05 9570156                    /usr/lib/x86_64-linux-gnu/libz.so.1.2.11
7fd624249000-7fd62424b000 rw-p 00000000 00:00 0 
7fd62424e000-7fd624251000 r--p 00000000 08:05 9574884                    /usr/lib/x86_64-linux-gnu/libnss_files-2.31.so
7fd624251000-7fd624258000 r-xp 00003000 08:05 9574884                    /usr/lib/x86_64-linux-gnu/libnss_files-2.31.so
7fd624258000-7fd62425a000 r--p 0000a000 08:05 9574884                    /usr/lib/x86_64-linux-gnu/libnss_files-2.31.so
7fd62425a000-7fd62425b000 r--p 0000b000 08:05 9574884                    /usr/lib/x86_64-linux-gnu/libnss_files-2.31.so
7fd62425b000-7fd62425c000 rw-p 0000c000 08:05 9574884                    /usr/lib/x86_64-linux-gnu/libnss_files-2.31.so
7fd62425c000-7fd624262000 rw-p 00000000 00:00 0 
7fd624262000-7fd624263000 ---p 00000000 00:00 0 
7fd624263000-7fd624264000 r--p 00000000 00:00 0 
7fd624264000-7fd624265000 r--p 00000000 08:05 9569202                    /usr/lib/x86_64-linux-gnu/ld-2.31.so
7fd624265000-7fd624288000 r-xp 00001000 08:05 9569202                    /usr/lib/x86_64-linux-gnu/ld-2.31.so
7fd624288000-7fd624290000 r--p 00024000 08:05 9569202                    /usr/lib/x86_64-linux-gnu/ld-2.31.so
7fd624290000-7fd624291000 ---p 00000000 00:00 0 
7fd624291000-7fd624292000 r--p 0002c000 08:05 9569202                    /usr/lib/x86_64-linux-gnu/ld-2.31.so
7fd624292000-7fd624293000 rw-p 0002d000 08:05 9569202                    /usr/lib/x86_64-linux-gnu/ld-2.31.so
7fd624293000-7fd624294000 rw-p 00000000 00:00 0 
7ffeef43a000-7ffeef45e000 rw-p 00000000 00:00 0                          [stack]
7ffeef532000-7ffeef535000 r--p 00000000 00:00 0                          [vvar]
7ffeef535000-7ffeef536000 r-xp 00000000 00:00 0                          [vdso]
ffffffffff600000-ffffffffff601000 --xp 00000000 00:00 0                  [vsyscall]


VM Arguments:
jvm_args: -Dcom.sun.management.jmxremote -Dcom.sun.management.jmxremote.port=41933 -Dcom.sun.management.jmxremote.authenticate=false -Dcom.sun.management.jmxremote.ssl=false -Djava.rmi.server.hostname=localhost -Dspring.jmx.enabled=true -Dspring.application.admin.enabled=true -Djava.security.egd=file:/dev/./urandom -XX:TieredStopAtLevel=1 -Dspring.boot.project.name=loja_spring -Dfile.encoding=UTF-8 
java_command: com.dev.loja.LojaApplication
java_class_path (initial): /home/rodrigovvo/projects/loja_spring/target/classes:/home/rodrigovvo/.m2/repository/org/springframework/boot/spring-boot-starter-data-jpa/2.3.4.RELEASE/spring-boot-starter-data-jpa-2.3.4.RELEASE.jar:/home/rodrigovvo/.m2/repository/org/springframework/boot/spring-boot-starter-aop/2.3.4.RELEASE/spring-boot-starter-aop-2.3.4.RELEASE.jar:/home/rodrigovvo/.m2/repository/org/springframework/spring-aop/5.2.9.RELEASE/spring-aop-5.2.9.RELEASE.jar:/home/rodrigovvo/.m2/repository/org/aspectj/aspectjweaver/1.9.6/aspectjweaver-1.9.6.jar:/home/rodrigovvo/.m2/repository/org/springframework/boot/spring-boot-starter-jdbc/2.3.4.RELEASE/spring-boot-starter-jdbc-2.3.4.RELEASE.jar:/home/rodrigovvo/.m2/repository/com/zaxxer/HikariCP/3.4.5/HikariCP-3.4.5.jar:/home/rodrigovvo/.m2/repository/org/springframework/spring-jdbc/5.2.9.RELEASE/spring-jdbc-5.2.9.RELEASE.jar:/home/rodrigovvo/.m2/repository/jakarta/transaction/jakarta.transaction-api/1.3.3/jakarta.transaction-api-1.3.3.jar:/home/rodrigovvo/.m2/repository/jakarta/persistence/jakarta.persistence-api/2.2.3/jakarta.persistence-api-2.2.3.jar:/home/rodrigovvo/.m2/repository/org/hibernate/hibernate-core/5.4.21.Final/hibernate-core-5.4.21.Final.jar:/home/rodrigovvo/.m2/repository/org/javassist/javassist/3.24.0-GA/javassist-3.24.0-GA.jar:/home/rodrigovvo/.m2/repository/net/bytebuddy/byte-buddy/1.10.14/byte-buddy-1.10.14.jar:/home/rodrigovvo/.m2/repository/antlr/antlr/2.7.7/antlr-2.7.7.jar:/home/rodrigovvo/.m2/repository/org/jboss/jandex/2.1.3.Final/jandex-2.1.3.Final.jar:/home/rodrigovvo/.m2/repository/org/dom4j/dom4j/2.1.3/dom4j-2.1.3.jar:/home/rodrigovvo/.m2/repository/org/hibernate/common/hibernate-commons-annotations/5.1.0.Final/hibernate-commons-annotations-5.1.0.Final.jar:/home/rodrigovvo/.m2/repository/org/glassfish/jaxb/jaxb-runtime/2.3.3/jaxb-runtime-2.3.3.jar:/home/rodrigovvo/.m2/repository/org/glassfish/jaxb/txw2/2.3.3/txw2-2.3.3.jar:/home/rodrigovvo/.m2/repository/com/sun/istack/istack-commons-runtime
Launcher Type: SUN_STANDARD

[Global flags]
     intx CICompilerCount                          = 3                                         {product} {ergonomic}
     uint ConcGCThreads                            = 1                                         {product} {ergonomic}
     uint G1ConcRefinementThreads                  = 4                                         {product} {ergonomic}
   size_t G1HeapRegionSize                         = 1048576                                   {product} {ergonomic}
    uintx GCDrainStackTargetSize                   = 64                                        {product} {ergonomic}
   size_t InitialHeapSize                          = 130023424                                 {product} {ergonomic}
     bool ManagementServer                         = true                                      {product} {command line}
   size_t MarkStackSize                            = 4194304                                   {product} {ergonomic}
   size_t MaxHeapSize                              = 2061500416                                {product} {ergonomic}
   size_t MaxNewSize                               = 1236271104                                {product} {ergonomic}
   size_t MinHeapDeltaBytes                        = 1048576                                   {product} {ergonomic}
   size_t MinHeapSize                              = 8388608                                   {product} {ergonomic}
    uintx NonNMethodCodeHeapSize                   = 6973028                                {pd product} {ergonomic}
    uintx NonProfiledCodeHeapSize                  = 244685212                              {pd product} {ergonomic}
    uintx ProfiledCodeHeapSize                     = 0                                      {pd product} {ergonomic}
    uintx ReservedCodeCacheSize                    = 251658240                              {pd product} {ergonomic}
     bool SegmentedCodeCache                       = true                                      {product} {ergonomic}
   size_t SoftMaxHeapSize                          = 2061500416                             {manageable} {ergonomic}
     intx TieredStopAtLevel                        = 1                                         {product} {command line}
     bool UseCompressedClassPointers               = true                                 {lp64_product} {ergonomic}
     bool UseCompressedOops                        = true                                 {lp64_product} {ergonomic}
     bool UseG1GC                                  = true                                      {product} {ergonomic}

Logging:
Log output configuration:
 #0: stdout all=warning uptime,level,tags
 #1: stderr all=off uptime,level,tags

Environment Variables:
JAVA_HOME=/usr/lib/jvm/java-15-oracle
PATH=/home/rodrigovvo/.local/bin:/usr/local/sbin:/usr/local/bin:/usr/sbin:/usr/bin:/sbin:/bin:/usr/games:/usr/local/games:/home/rodrigovvo/shellscript:/snap/bin:/usr/lib/jvm/java-15-oracle/bin:/usr/lib/jvm/java-15-oracle/db/bin:/home/rodrigovvo/shellscript
SHELL=/bin/bash
DISPLAY=:0
LANG=pt_BR.UTF-8

Signal Handlers:
SIGSEGV: [libjvm.so+0xd63670], sa_mask[0]=11111111011111111101111111111110, sa_flags=SA_RESTART|SA_SIGINFO
SIGBUS: [libjvm.so+0xd63670], sa_mask[0]=11111111011111111101111111111110, sa_flags=SA_RESTART|SA_SIGINFO
SIGFPE: [libjvm.so+0xd63670], sa_mask[0]=11111111011111111101111111111110, sa_flags=SA_RESTART|SA_SIGINFO
SIGPIPE: [libjvm.so+0xb410d0], sa_mask[0]=11111111011111111101111111111110, sa_flags=SA_RESTART|SA_SIGINFO
SIGXFSZ: [libjvm.so+0xb410d0], sa_mask[0]=11111111011111111101111111111110, sa_flags=SA_RESTART|SA_SIGINFO
SIGILL: [libjvm.so+0xd63670], sa_mask[0]=11111111011111111101111111111110, sa_flags=SA_RESTART|SA_SIGINFO
SIGUSR2: [libjvm.so+0xb40f70], sa_mask[0]=00100000000000000000000000000000, sa_flags=SA_RESTART|SA_SIGINFO
SIGHUP: [libjvm.so+0xb417e0], sa_mask[0]=11111111011111111101111111111110, sa_flags=SA_RESTART|SA_SIGINFO
SIGINT: [libjvm.so+0xb417e0], sa_mask[0]=11111111011111111101111111111110, sa_flags=SA_RESTART|SA_SIGINFO
SIGTERM: [libjvm.so+0xb417e0], sa_mask[0]=11111111011111111101111111111110, sa_flags=SA_RESTART|SA_SIGINFO
SIGQUIT: [libjvm.so+0xb417e0], sa_mask[0]=11111111011111111101111111111110, sa_flags=SA_RESTART|SA_SIGINFO


---------------  S Y S T E M  ---------------

OS:
DISTRIB_ID=Ubuntu
DISTRIB_RELEASE=20.04
DISTRIB_CODENAME=focal
DISTRIB_DESCRIPTION="Ubuntu 20.04.1 LTS"
uname: Linux 5.4.0-60-generic #67-Ubuntu SMP Tue Jan 5 18:31:36 UTC 2021 x86_64
OS uptime: 0 days 2:49 hours
libc: glibc 2.31 NPTL 2.31 
rlimit (soft/hard): STACK 8192k/infinity , CORE 0k/infinity , NPROC 31211/31211 , NOFILE 1048576/1048576 , AS infinity/infinity , CPU infinity/infinity , DATA infinity/infinity , FSIZE infinity/infinity , MEMLOCK 65536k/65536k
load average: 1,01 1,72 1,63

/proc/meminfo:
MemTotal:        8047072 kB
MemFree:          139616 kB
MemAvailable:    2601132 kB
Buffers:          415824 kB
Cached:          2813888 kB
SwapCached:          160 kB
Active:          5594172 kB
Inactive:        1714848 kB
Active(anon):    4068092 kB
Inactive(anon):   643844 kB
Active(file):    1526080 kB
Inactive(file):  1071004 kB
Unevictable:      159444 kB
Mlocked:             112 kB
SwapTotal:       2097148 kB
SwapFree:        2094064 kB
Dirty:               304 kB
Writeback:             0 kB
AnonPages:       4238744 kB
Mapped:           607536 kB
Shmem:            632520 kB
KReclaimable:     170152 kB
Slab:             329364 kB
SReclaimable:     170152 kB
SUnreclaim:       159212 kB
KernelStack:       17840 kB
PageTables:        32748 kB
NFS_Unstable:          0 kB
Bounce:                0 kB
WritebackTmp:          0 kB
CommitLimit:     6120684 kB
Committed_AS:   10255936 kB
VmallocTotal:   34359738367 kB
VmallocUsed:       37048 kB
VmallocChunk:          0 kB
Percpu:             7360 kB
HardwareCorrupted:     0 kB
AnonHugePages:         0 kB
ShmemHugePages:        0 kB
ShmemPmdMapped:        0 kB
FileHugePages:         0 kB
FilePmdMapped:         0 kB
CmaTotal:              0 kB
CmaFree:               0 kB
HugePages_Total:       0
HugePages_Free:        0
HugePages_Rsvd:        0
HugePages_Surp:        0
Hugepagesize:       2048 kB
Hugetlb:               0 kB
DirectMap4k:      327168 kB
DirectMap2M:     7956480 kB
DirectMap1G:           0 kB

/sys/kernel/mm/transparent_hugepage/enabled: always [madvise] never
/sys/kernel/mm/transparent_hugepage/defrag (defrag/compaction efforts parameter): always defer defer+madvise [madvise] never

/proc/sys/kernel/threads-max (system-wide limit on the number of threads): 62423
/proc/sys/vm/max_map_count (maximum number of memory map areas a process may have): 65530
/proc/sys/kernel/pid_max (system-wide limit on number of process identifiers): 4194304

container (cgroup) information:
container_type: cgroupv1
cpu_cpuset_cpus: 0-3
cpu_memory_nodes: 0
active_processor_count: 4
cpu_quota: no quota
cpu_period: 100000
cpu_shares: no shares
memory_limit_in_bytes: unlimited
memory_and_swap_limit_in_bytes: not supported
memory_soft_limit_in_bytes: unlimited
memory_usage_in_bytes: 6644158464
memory_max_usage_in_bytes: 6705258496

Steal ticks since vm start: 0
Steal ticks percentage since vm start:  0,000

CPU: total 4 (initial active 4) (2 cores per cpu, 2 threads per core) family 6 model 60 stepping 3 microcode 0x28, cmov, cx8, fxsr, mmx, sse, sse2, sse3, ssse3, sse4.1, sse4.2, popcnt, vzeroupper, avx, avx2, aes, clmul, erms, lzcnt, ht, tsc, tscinvbit, bmi1, bmi2, fma, clflush
CPU Model and flags from /proc/cpuinfo:
model name	: Intel(R) Core(TM) i7-4600M CPU @ 2.90GHz
flags		: fpu vme de pse tsc msr pae mce cx8 apic sep mtrr pge mca cmov pat pse36 clflush dts acpi mmx fxsr sse sse2 ss ht tm pbe syscall nx pdpe1gb rdtscp lm constant_tsc arch_perfmon pebs bts rep_good nopl xtopology nonstop_tsc cpuid aperfmperf pni pclmulqdq dtes64 monitor ds_cpl vmx smx est tm2 ssse3 sdbg fma cx16 xtpr pdcm pcid sse4_1 sse4_2 x2apic movbe popcnt tsc_deadline_timer aes xsave avx f16c rdrand lahf_lm abm cpuid_fault epb invpcid_single pti ssbd ibrs ibpb stibp tpr_shadow vnmi flexpriority ept vpid ept_ad fsgsbase tsc_adjust bmi1 avx2 smep bmi2 erms invpcid xsaveopt dtherm ida arat pln pts md_clear flush_l1d

Online cpus: 0-3
Offline cpus: 4-7
BIOS frequency limitation: <Not Available>
Frequency switch latency (ns): 0
Available cpu frequencies: <Not Available>
Current governor: powersave
Core performance/turbo boost: <Not Available>

Memory: 4k page, physical 8047072k(139616k free), swap 2097148k(2094064k free)

vm_info: OpenJDK 64-Bit Server VM (15.0.1+9-18) for linux-amd64 JRE (15.0.1+9-18), built on Sep 15 2020 13:31:44 by "mach5one" with gcc 9.2.0

END.
